2024-04-08T14:54:19.696-04:00  INFO 9830 --- [restartedMain] c.shopme.admin.ShopmeBackEndApplication  : Starting ShopmeBackEndApplication using Java 17.0.8.1 with PID 9830 (/Users/jinxu/Documents/ShopmeEcommerce/ShopmeProject/ShopmeWebParent/ShopmeBackEnd/target/classes started by jinxu in /Users/jinxu/Documents/ShopmeEcommerce/ShopmeProject/ShopmeWebParent/ShopmeBackEnd)
2024-04-08T14:54:19.701-04:00  INFO 9830 --- [restartedMain] c.shopme.admin.ShopmeBackEndApplication  : No active profile set, falling back to 1 default profile: "default"
2024-04-08T14:54:19.737-04:00  INFO 9830 --- [restartedMain] .e.DevToolsPropertyDefaultsPostProcessor : Devtools property defaults active! Set 'spring.devtools.add-properties' to 'false' to disable
2024-04-08T14:54:19.737-04:00  INFO 9830 --- [restartedMain] .e.DevToolsPropertyDefaultsPostProcessor : For additional web related logging consider setting the 'logging.level.web' property to 'DEBUG'
2024-04-08T14:54:20.191-04:00  INFO 9830 --- [restartedMain] .s.d.r.c.RepositoryConfigurationDelegate : Bootstrapping Spring Data JPA repositories in DEFAULT mode.
2024-04-08T14:54:20.238-04:00  INFO 9830 --- [restartedMain] .s.d.r.c.RepositoryConfigurationDelegate : Finished Spring Data repository scanning in 40 ms. Found 4 JPA repository interfaces.
2024-04-08T14:54:20.790-04:00  INFO 9830 --- [restartedMain] o.s.b.w.embedded.tomcat.TomcatWebServer  : Tomcat initialized with port 8080 (http)
2024-04-08T14:54:20.797-04:00  INFO 9830 --- [restartedMain] o.apache.catalina.core.StandardService   : Starting service [Tomcat]
2024-04-08T14:54:20.798-04:00  INFO 9830 --- [restartedMain] o.apache.catalina.core.StandardEngine    : Starting Servlet engine: [Apache Tomcat/10.1.16]
2024-04-08T14:54:20.850-04:00  INFO 9830 --- [restartedMain] o.a.c.c.C.[.[localhost].[/ShopmeAdmin]   : Initializing Spring embedded WebApplicationContext
2024-04-08T14:54:20.850-04:00  INFO 9830 --- [restartedMain] w.s.c.ServletWebServerApplicationContext : Root WebApplicationContext: initialization completed in 1112 ms
2024-04-08T14:54:21.000-04:00  INFO 9830 --- [restartedMain] o.hibernate.jpa.internal.util.LogHelper  : HHH000204: Processing PersistenceUnitInfo [name: default]
2024-04-08T14:54:21.041-04:00  INFO 9830 --- [restartedMain] org.hibernate.Version                    : HHH000412: Hibernate ORM core version 6.3.1.Final
2024-04-08T14:54:21.075-04:00  INFO 9830 --- [restartedMain] o.h.c.internal.RegionFactoryInitiator    : HHH000026: Second-level cache disabled
2024-04-08T14:54:21.304-04:00  INFO 9830 --- [restartedMain] o.s.o.j.p.SpringPersistenceUnitInfo      : No LoadTimeWeaver setup: ignoring JPA class transformer
2024-04-08T14:54:21.326-04:00  INFO 9830 --- [restartedMain] com.zaxxer.hikari.HikariDataSource       : HikariPool-1 - Starting...
2024-04-08T14:54:21.329-04:00  WARN 9830 --- [restartedMain] c.zaxxer.hikari.util.DriverDataSource    : Registered driver with driverClassName=com.mysql.jdbc.Driver was not found, trying direct instantiation.
2024-04-08T14:54:21.579-04:00  INFO 9830 --- [restartedMain] com.zaxxer.hikari.pool.HikariPool        : HikariPool-1 - Added connection com.mysql.cj.jdbc.ConnectionImpl@37b4365d
2024-04-08T14:54:21.580-04:00  INFO 9830 --- [restartedMain] com.zaxxer.hikari.HikariDataSource       : HikariPool-1 - Start completed.
2024-04-08T14:54:21.615-04:00  WARN 9830 --- [restartedMain] org.hibernate.orm.deprecation            : HHH90000025: MySQL8Dialect does not need to be specified explicitly using 'hibernate.dialect' (remove the property setting and it will be selected by default)
2024-04-08T14:54:21.616-04:00  WARN 9830 --- [restartedMain] org.hibernate.orm.deprecation            : HHH90000026: MySQL8Dialect has been deprecated; use org.hibernate.dialect.MySQLDialect instead
2024-04-08T14:54:22.309-04:00  INFO 9830 --- [restartedMain] o.h.e.t.j.p.i.JtaPlatformInitiator       : HHH000489: No JTA platform available (set 'hibernate.transaction.jta.platform' to enable JTA platform integration)
2024-04-08T14:54:22.379-04:00  INFO 9830 --- [restartedMain] j.LocalContainerEntityManagerFactoryBean : Initialized JPA EntityManagerFactory for persistence unit 'default'
2024-04-08T14:54:22.682-04:00  INFO 9830 --- [restartedMain] o.s.d.j.r.query.QueryEnhancerFactory     : Hibernate is in classpath; If applicable, HQL parser will be used.
2024-04-08T14:54:23.156-04:00  WARN 9830 --- [restartedMain] JpaBaseConfiguration$JpaWebConfiguration : spring.jpa.open-in-view is enabled by default. Therefore, database queries may be performed during view rendering. Explicitly configure spring.jpa.open-in-view to disable this warning
2024-04-08T14:54:23.284-04:00  INFO 9830 --- [restartedMain] o.s.b.a.w.s.WelcomePageHandlerMapping    : Adding welcome page template: index
2024-04-08T14:54:23.643-04:00  INFO 9830 --- [restartedMain] o.s.s.web.DefaultSecurityFilterChain     : Will secure any request with [org.springframework.security.web.session.DisableEncodeUrlFilter@50c895ac, org.springframework.security.web.context.request.async.WebAsyncManagerIntegrationFilter@25217da0, org.springframework.security.web.context.SecurityContextHolderFilter@130ea8e3, org.springframework.security.web.header.HeaderWriterFilter@220d9dd5, org.springframework.web.filter.CorsFilter@4e156551, org.springframework.security.web.csrf.CsrfFilter@66f1030c, org.springframework.security.web.authentication.logout.LogoutFilter@1b6896e2, org.springframework.security.web.authentication.UsernamePasswordAuthenticationFilter@7814049c, org.springframework.security.web.savedrequest.RequestCacheAwareFilter@4e7034ae, org.springframework.security.web.servletapi.SecurityContextHolderAwareRequestFilter@351c2e88, org.springframework.security.web.authentication.rememberme.RememberMeAuthenticationFilter@50476306, org.springframework.security.web.authentication.AnonymousAuthenticationFilter@33ac98e1, org.springframework.security.web.access.ExceptionTranslationFilter@467efc88, org.springframework.security.web.access.intercept.AuthorizationFilter@e628251]
2024-04-08T14:54:23.850-04:00  WARN 9830 --- [restartedMain] o.s.s.c.a.web.builders.WebSecurity       : You are asking Spring Security to ignore Mvc [pattern='/images/**']. This is not recommended -- please use permitAll via HttpSecurity#authorizeHttpRequests instead.
2024-04-08T14:54:23.850-04:00  INFO 9830 --- [restartedMain] o.s.s.web.DefaultSecurityFilterChain     : Will not secure Mvc [pattern='/images/**']
2024-04-08T14:54:23.851-04:00  WARN 9830 --- [restartedMain] o.s.s.c.a.web.builders.WebSecurity       : You are asking Spring Security to ignore Mvc [pattern='/js/**']. This is not recommended -- please use permitAll via HttpSecurity#authorizeHttpRequests instead.
2024-04-08T14:54:23.851-04:00  INFO 9830 --- [restartedMain] o.s.s.web.DefaultSecurityFilterChain     : Will not secure Mvc [pattern='/js/**']
2024-04-08T14:54:23.851-04:00  WARN 9830 --- [restartedMain] o.s.s.c.a.web.builders.WebSecurity       : You are asking Spring Security to ignore Mvc [pattern='/webjars/**']. This is not recommended -- please use permitAll via HttpSecurity#authorizeHttpRequests instead.
2024-04-08T14:54:23.851-04:00  INFO 9830 --- [restartedMain] o.s.s.web.DefaultSecurityFilterChain     : Will not secure Mvc [pattern='/webjars/**']
2024-04-08T14:54:23.885-04:00  INFO 9830 --- [restartedMain] o.s.b.d.a.OptionalLiveReloadServer       : LiveReload server is running on port 35729
2024-04-08T14:54:23.920-04:00  INFO 9830 --- [restartedMain] o.s.b.w.embedded.tomcat.TomcatWebServer  : Tomcat started on port 8080 (http) with context path '/ShopmeAdmin'
2024-04-08T14:54:23.928-04:00  INFO 9830 --- [restartedMain] c.shopme.admin.ShopmeBackEndApplication  : Started ShopmeBackEndApplication in 4.515 seconds (process running for 5.157)
2024-04-08T14:54:28.813-04:00  INFO 9830 --- [http-nio-8080-exec-1] o.a.c.c.C.[.[localhost].[/ShopmeAdmin]   : Initializing Spring DispatcherServlet 'dispatcherServlet'
2024-04-08T14:54:28.813-04:00  INFO 9830 --- [http-nio-8080-exec-1] o.s.web.servlet.DispatcherServlet        : Initializing Servlet 'dispatcherServlet'
2024-04-08T14:54:28.814-04:00  INFO 9830 --- [http-nio-8080-exec-1] o.s.web.servlet.DispatcherServlet        : Completed initialization in 1 ms
2024-04-08T14:54:28.837-04:00  WARN 9830 --- [http-nio-8080-exec-1] o.s.w.s.h.HandlerMappingIntrospector     : Cache miss for REQUEST dispatch to '/ShopmeAdmin/brands' (previous null). Performing MatchableHandlerMapping lookup. This is logged once only at WARN level, and every time at TRACE.
2024-04-08T14:54:28.858-04:00  WARN 9830 --- [http-nio-8080-exec-1] o.s.w.s.h.HandlerMappingIntrospector     : Cache miss for REQUEST dispatch to '/ShopmeAdmin/brands' (previous null). Performing CorsConfiguration lookup. This is logged once only at WARN level, and every time at TRACE.
2024-04-08T14:54:36.746-04:00  WARN 9830 --- [http-nio-8080-exec-6] actStandardFragmentInsertionTagProcessor : [THYMELEAF][http-nio-8080-exec-6][brands/brands] Deprecated unwrapped fragment expression "fragments :: page_head('Categories - Shopme Admin')" found in template brands/brands, line 3, col 7. Please use the complete syntax of fragment expressions instead ("~{fragments :: page_head('Categories - Shopme Admin')}"). The old, unwrapped syntax for fragment expressions will be removed in future versions of Thymeleaf.
2024-04-08T14:54:36.766-04:00  WARN 9830 --- [http-nio-8080-exec-6] actStandardFragmentInsertionTagProcessor : [THYMELEAF][http-nio-8080-exec-6][brands/brands] Deprecated unwrapped fragment expression "navigation :: menu" found in template brands/brands, line 7, col 7. Please use the complete syntax of fragment expressions instead ("~{navigation :: menu}"). The old, unwrapped syntax for fragment expressions will be removed in future versions of Thymeleaf.
2024-04-08T14:54:36.806-04:00  WARN 9830 --- [http-nio-8080-exec-6] actStandardFragmentInsertionTagProcessor : [THYMELEAF][http-nio-8080-exec-6][brands/brands] Deprecated unwrapped fragment expression "fragments :: search_form_and_message('/categories/page/1')" found in template brands/brands, line 19, col 7. Please use the complete syntax of fragment expressions instead ("~{fragments :: search_form_and_message('/categories/page/1')}"). The old, unwrapped syntax for fragment expressions will be removed in future versions of Thymeleaf.
2024-04-08T14:54:39.346-04:00  WARN 9830 --- [http-nio-8080-exec-5] actStandardFragmentInsertionTagProcessor : [THYMELEAF][http-nio-8080-exec-5][brands/brands] Deprecated unwrapped fragment expression "fragments :: page_head('Categories - Shopme Admin')" found in template brands/brands, line 3, col 7. Please use the complete syntax of fragment expressions instead ("~{fragments :: page_head('Categories - Shopme Admin')}"). The old, unwrapped syntax for fragment expressions will be removed in future versions of Thymeleaf.
2024-04-08T14:54:39.352-04:00  WARN 9830 --- [http-nio-8080-exec-5] actStandardFragmentInsertionTagProcessor : [THYMELEAF][http-nio-8080-exec-5][brands/brands] Deprecated unwrapped fragment expression "navigation :: menu" found in template brands/brands, line 7, col 7. Please use the complete syntax of fragment expressions instead ("~{navigation :: menu}"). The old, unwrapped syntax for fragment expressions will be removed in future versions of Thymeleaf.
2024-04-08T14:54:39.370-04:00  WARN 9830 --- [http-nio-8080-exec-5] actStandardFragmentInsertionTagProcessor : [THYMELEAF][http-nio-8080-exec-5][brands/brands] Deprecated unwrapped fragment expression "fragments :: search_form_and_message('/categories/page/1')" found in template brands/brands, line 19, col 7. Please use the complete syntax of fragment expressions instead ("~{fragments :: search_form_and_message('/categories/page/1')}"). The old, unwrapped syntax for fragment expressions will be removed in future versions of Thymeleaf.
2024-04-08T14:54:50.987-04:00  INFO 9830 --- [RMI TCP Connection(10)-127.0.0.1] inMXBeanRegistrar$SpringApplicationAdmin : Application shutdown requested.
2024-04-08T14:54:51.011-04:00  INFO 9830 --- [RMI TCP Connection(10)-127.0.0.1] j.LocalContainerEntityManagerFactoryBean : Closing JPA EntityManagerFactory for persistence unit 'default'
2024-04-08T14:54:51.015-04:00  INFO 9830 --- [RMI TCP Connection(10)-127.0.0.1] com.zaxxer.hikari.HikariDataSource       : HikariPool-1 - Shutdown initiated...
2024-04-08T14:54:51.031-04:00  INFO 9830 --- [RMI TCP Connection(10)-127.0.0.1] com.zaxxer.hikari.HikariDataSource       : HikariPool-1 - Shutdown completed.
2024-04-08T14:57:35.896-04:00  INFO 9866 --- [restartedMain] c.shopme.admin.ShopmeBackEndApplication  : Starting ShopmeBackEndApplication using Java 17.0.8.1 with PID 9866 (/Users/jinxu/Documents/ShopmeEcommerce/ShopmeProject/ShopmeWebParent/ShopmeBackEnd/target/classes started by jinxu in /Users/jinxu/Documents/ShopmeEcommerce/ShopmeProject/ShopmeWebParent/ShopmeBackEnd)
2024-04-08T14:57:35.897-04:00  INFO 9866 --- [restartedMain] c.shopme.admin.ShopmeBackEndApplication  : No active profile set, falling back to 1 default profile: "default"
2024-04-08T14:57:35.936-04:00  INFO 9866 --- [restartedMain] .e.DevToolsPropertyDefaultsPostProcessor : Devtools property defaults active! Set 'spring.devtools.add-properties' to 'false' to disable
2024-04-08T14:57:35.936-04:00  INFO 9866 --- [restartedMain] .e.DevToolsPropertyDefaultsPostProcessor : For additional web related logging consider setting the 'logging.level.web' property to 'DEBUG'
2024-04-08T14:57:36.454-04:00  INFO 9866 --- [restartedMain] .s.d.r.c.RepositoryConfigurationDelegate : Bootstrapping Spring Data JPA repositories in DEFAULT mode.
2024-04-08T14:57:36.510-04:00  INFO 9866 --- [restartedMain] .s.d.r.c.RepositoryConfigurationDelegate : Finished Spring Data repository scanning in 48 ms. Found 4 JPA repository interfaces.
2024-04-08T14:57:36.996-04:00  INFO 9866 --- [restartedMain] o.s.b.w.embedded.tomcat.TomcatWebServer  : Tomcat initialized with port 8080 (http)
2024-04-08T14:57:37.004-04:00  INFO 9866 --- [restartedMain] o.apache.catalina.core.StandardService   : Starting service [Tomcat]
2024-04-08T14:57:37.004-04:00  INFO 9866 --- [restartedMain] o.apache.catalina.core.StandardEngine    : Starting Servlet engine: [Apache Tomcat/10.1.16]
2024-04-08T14:57:37.043-04:00  INFO 9866 --- [restartedMain] o.a.c.c.C.[.[localhost].[/ShopmeAdmin]   : Initializing Spring embedded WebApplicationContext
2024-04-08T14:57:37.043-04:00  INFO 9866 --- [restartedMain] w.s.c.ServletWebServerApplicationContext : Root WebApplicationContext: initialization completed in 1107 ms
2024-04-08T14:57:37.115-04:00  WARN 9866 --- [restartedMain] o.a.c.c.C.[.[localhost].[/ShopmeAdmin]   : Cannot deserialize session attribute [SPRING_SECURITY_CONTEXT] for session [73E7FB7CC364C45D2A6D3F4064E58FB1]
2024-04-08T14:57:37.226-04:00  INFO 9866 --- [restartedMain] o.hibernate.jpa.internal.util.LogHelper  : HHH000204: Processing PersistenceUnitInfo [name: default]
2024-04-08T14:57:37.273-04:00  INFO 9866 --- [restartedMain] org.hibernate.Version                    : HHH000412: Hibernate ORM core version 6.3.1.Final
2024-04-08T14:57:37.301-04:00  INFO 9866 --- [restartedMain] o.h.c.internal.RegionFactoryInitiator    : HHH000026: Second-level cache disabled
2024-04-08T14:57:37.489-04:00  INFO 9866 --- [restartedMain] o.s.o.j.p.SpringPersistenceUnitInfo      : No LoadTimeWeaver setup: ignoring JPA class transformer
2024-04-08T14:57:37.509-04:00  INFO 9866 --- [restartedMain] com.zaxxer.hikari.HikariDataSource       : HikariPool-1 - Starting...
2024-04-08T14:57:37.513-04:00  WARN 9866 --- [restartedMain] c.zaxxer.hikari.util.DriverDataSource    : Registered driver with driverClassName=com.mysql.jdbc.Driver was not found, trying direct instantiation.
2024-04-08T14:57:37.740-04:00  INFO 9866 --- [restartedMain] com.zaxxer.hikari.pool.HikariPool        : HikariPool-1 - Added connection com.mysql.cj.jdbc.ConnectionImpl@572f9e51
2024-04-08T14:57:37.742-04:00  INFO 9866 --- [restartedMain] com.zaxxer.hikari.HikariDataSource       : HikariPool-1 - Start completed.
2024-04-08T14:57:37.778-04:00  WARN 9866 --- [restartedMain] org.hibernate.orm.deprecation            : HHH90000025: MySQL8Dialect does not need to be specified explicitly using 'hibernate.dialect' (remove the property setting and it will be selected by default)
2024-04-08T14:57:37.779-04:00  WARN 9866 --- [restartedMain] org.hibernate.orm.deprecation            : HHH90000026: MySQL8Dialect has been deprecated; use org.hibernate.dialect.MySQLDialect instead
2024-04-08T14:57:38.536-04:00  INFO 9866 --- [restartedMain] o.h.e.t.j.p.i.JtaPlatformInitiator       : HHH000489: No JTA platform available (set 'hibernate.transaction.jta.platform' to enable JTA platform integration)
2024-04-08T14:57:38.605-04:00  INFO 9866 --- [restartedMain] j.LocalContainerEntityManagerFactoryBean : Initialized JPA EntityManagerFactory for persistence unit 'default'
2024-04-08T14:57:38.944-04:00  INFO 9866 --- [restartedMain] o.s.d.j.r.query.QueryEnhancerFactory     : Hibernate is in classpath; If applicable, HQL parser will be used.
2024-04-08T14:57:39.431-04:00  WARN 9866 --- [restartedMain] JpaBaseConfiguration$JpaWebConfiguration : spring.jpa.open-in-view is enabled by default. Therefore, database queries may be performed during view rendering. Explicitly configure spring.jpa.open-in-view to disable this warning
2024-04-08T14:57:39.576-04:00  INFO 9866 --- [restartedMain] o.s.b.a.w.s.WelcomePageHandlerMapping    : Adding welcome page template: index
2024-04-08T14:57:39.958-04:00  INFO 9866 --- [restartedMain] o.s.s.web.DefaultSecurityFilterChain     : Will secure any request with [org.springframework.security.web.session.DisableEncodeUrlFilter@4ab9f71, org.springframework.security.web.context.request.async.WebAsyncManagerIntegrationFilter@4970b544, org.springframework.security.web.context.SecurityContextHolderFilter@5cfac47d, org.springframework.security.web.header.HeaderWriterFilter@63b0aa36, org.springframework.web.filter.CorsFilter@442ce10b, org.springframework.security.web.csrf.CsrfFilter@5c6073a3, org.springframework.security.web.authentication.logout.LogoutFilter@2871bc14, org.springframework.security.web.authentication.UsernamePasswordAuthenticationFilter@2e82569f, org.springframework.security.web.savedrequest.RequestCacheAwareFilter@2188019b, org.springframework.security.web.servletapi.SecurityContextHolderAwareRequestFilter@2fd8125a, org.springframework.security.web.authentication.rememberme.RememberMeAuthenticationFilter@3e7674fd, org.springframework.security.web.authentication.AnonymousAuthenticationFilter@74bfea7a, org.springframework.security.web.access.ExceptionTranslationFilter@e4c8f29, org.springframework.security.web.access.intercept.AuthorizationFilter@3a878ac5]
2024-04-08T14:57:40.159-04:00  WARN 9866 --- [restartedMain] o.s.s.c.a.web.builders.WebSecurity       : You are asking Spring Security to ignore Mvc [pattern='/images/**']. This is not recommended -- please use permitAll via HttpSecurity#authorizeHttpRequests instead.
2024-04-08T14:57:40.159-04:00  INFO 9866 --- [restartedMain] o.s.s.web.DefaultSecurityFilterChain     : Will not secure Mvc [pattern='/images/**']
2024-04-08T14:57:40.160-04:00  WARN 9866 --- [restartedMain] o.s.s.c.a.web.builders.WebSecurity       : You are asking Spring Security to ignore Mvc [pattern='/js/**']. This is not recommended -- please use permitAll via HttpSecurity#authorizeHttpRequests instead.
2024-04-08T14:57:40.160-04:00  INFO 9866 --- [restartedMain] o.s.s.web.DefaultSecurityFilterChain     : Will not secure Mvc [pattern='/js/**']
2024-04-08T14:57:40.161-04:00  WARN 9866 --- [restartedMain] o.s.s.c.a.web.builders.WebSecurity       : You are asking Spring Security to ignore Mvc [pattern='/webjars/**']. This is not recommended -- please use permitAll via HttpSecurity#authorizeHttpRequests instead.
2024-04-08T14:57:40.161-04:00  INFO 9866 --- [restartedMain] o.s.s.web.DefaultSecurityFilterChain     : Will not secure Mvc [pattern='/webjars/**']
2024-04-08T14:57:40.199-04:00  INFO 9866 --- [restartedMain] o.s.b.d.a.OptionalLiveReloadServer       : LiveReload server is running on port 35729
2024-04-08T14:57:40.233-04:00  INFO 9866 --- [restartedMain] o.s.b.w.embedded.tomcat.TomcatWebServer  : Tomcat started on port 8080 (http) with context path '/ShopmeAdmin'
2024-04-08T14:57:40.242-04:00  INFO 9866 --- [restartedMain] c.shopme.admin.ShopmeBackEndApplication  : Started ShopmeBackEndApplication in 4.653 seconds (process running for 5.38)
2024-04-08T14:57:44.159-04:00  INFO 9866 --- [http-nio-8080-exec-1] o.a.c.c.C.[.[localhost].[/ShopmeAdmin]   : Initializing Spring DispatcherServlet 'dispatcherServlet'
2024-04-08T14:57:44.159-04:00  INFO 9866 --- [http-nio-8080-exec-1] o.s.web.servlet.DispatcherServlet        : Initializing Servlet 'dispatcherServlet'
2024-04-08T14:57:44.161-04:00  INFO 9866 --- [http-nio-8080-exec-1] o.s.web.servlet.DispatcherServlet        : Completed initialization in 2 ms
2024-04-08T14:57:44.168-04:00  WARN 9866 --- [http-nio-8080-exec-1] o.s.w.s.h.HandlerMappingIntrospector     : Cache miss for REQUEST dispatch to '/ShopmeAdmin/brands' (previous null). Performing MatchableHandlerMapping lookup. This is logged once only at WARN level, and every time at TRACE.
2024-04-08T14:57:44.184-04:00  WARN 9866 --- [http-nio-8080-exec-1] o.s.w.s.h.HandlerMappingIntrospector     : Cache miss for REQUEST dispatch to '/ShopmeAdmin/brands' (previous null). Performing CorsConfiguration lookup. This is logged once only at WARN level, and every time at TRACE.
2024-04-08T14:57:44.480-04:00  WARN 9866 --- [http-nio-8080-exec-1] actStandardFragmentInsertionTagProcessor : [THYMELEAF][http-nio-8080-exec-1][brands/brands] Deprecated unwrapped fragment expression "fragments :: page_head('Categories - Shopme Admin')" found in template brands/brands, line 3, col 7. Please use the complete syntax of fragment expressions instead ("~{fragments :: page_head('Categories - Shopme Admin')}"). The old, unwrapped syntax for fragment expressions will be removed in future versions of Thymeleaf.
2024-04-08T14:57:44.571-04:00  WARN 9866 --- [http-nio-8080-exec-1] actStandardFragmentInsertionTagProcessor : [THYMELEAF][http-nio-8080-exec-1][brands/brands] Deprecated unwrapped fragment expression "navigation :: menu" found in template brands/brands, line 7, col 7. Please use the complete syntax of fragment expressions instead ("~{navigation :: menu}"). The old, unwrapped syntax for fragment expressions will be removed in future versions of Thymeleaf.
2024-04-08T14:57:44.605-04:00  WARN 9866 --- [http-nio-8080-exec-1] actStandardFragmentInsertionTagProcessor : [THYMELEAF][http-nio-8080-exec-1][brands/brands] Deprecated unwrapped fragment expression "fragments :: search_form_and_message('/categories/page/1')" found in template brands/brands, line 19, col 7. Please use the complete syntax of fragment expressions instead ("~{fragments :: search_form_and_message('/categories/page/1')}"). The old, unwrapped syntax for fragment expressions will be removed in future versions of Thymeleaf.
2024-04-08T14:59:37.447-04:00  INFO 9888 --- [main] c.s.admin.category.BrandRepositoryTests  : Starting BrandRepositoryTests using Java 17.0.8.1 with PID 9888 (started by jinxu in /Users/jinxu/Documents/ShopmeEcommerce/ShopmeProject/ShopmeWebParent/ShopmeBackEnd)
2024-04-08T14:59:37.449-04:00  INFO 9888 --- [main] c.s.admin.category.BrandRepositoryTests  : No active profile set, falling back to 1 default profile: "default"
2024-04-08T14:59:37.715-04:00  INFO 9888 --- [main] .s.d.r.c.RepositoryConfigurationDelegate : Bootstrapping Spring Data JPA repositories in DEFAULT mode.
2024-04-08T14:59:37.772-04:00  INFO 9888 --- [main] .s.d.r.c.RepositoryConfigurationDelegate : Finished Spring Data repository scanning in 50 ms. Found 4 JPA repository interfaces.
2024-04-08T14:59:38.037-04:00  INFO 9888 --- [main] o.hibernate.jpa.internal.util.LogHelper  : HHH000204: Processing PersistenceUnitInfo [name: default]
2024-04-08T14:59:38.090-04:00  INFO 9888 --- [main] org.hibernate.Version                    : HHH000412: Hibernate ORM core version 6.3.1.Final
2024-04-08T14:59:38.124-04:00  INFO 9888 --- [main] o.h.c.internal.RegionFactoryInitiator    : HHH000026: Second-level cache disabled
2024-04-08T14:59:38.320-04:00  INFO 9888 --- [main] o.s.o.j.p.SpringPersistenceUnitInfo      : No LoadTimeWeaver setup: ignoring JPA class transformer
2024-04-08T14:59:38.342-04:00  INFO 9888 --- [main] com.zaxxer.hikari.HikariDataSource       : HikariPool-1 - Starting...
2024-04-08T14:59:38.346-04:00  WARN 9888 --- [main] c.zaxxer.hikari.util.DriverDataSource    : Registered driver with driverClassName=com.mysql.jdbc.Driver was not found, trying direct instantiation.
2024-04-08T14:59:38.603-04:00  INFO 9888 --- [main] com.zaxxer.hikari.pool.HikariPool        : HikariPool-1 - Added connection com.mysql.cj.jdbc.ConnectionImpl@4ef5dd23
2024-04-08T14:59:38.605-04:00  INFO 9888 --- [main] com.zaxxer.hikari.HikariDataSource       : HikariPool-1 - Start completed.
2024-04-08T14:59:38.643-04:00  WARN 9888 --- [main] org.hibernate.orm.deprecation            : HHH90000025: MySQL8Dialect does not need to be specified explicitly using 'hibernate.dialect' (remove the property setting and it will be selected by default)
2024-04-08T14:59:38.644-04:00  WARN 9888 --- [main] org.hibernate.orm.deprecation            : HHH90000026: MySQL8Dialect has been deprecated; use org.hibernate.dialect.MySQLDialect instead
2024-04-08T14:59:39.404-04:00  INFO 9888 --- [main] o.h.e.t.j.p.i.JtaPlatformInitiator       : HHH000489: No JTA platform available (set 'hibernate.transaction.jta.platform' to enable JTA platform integration)
2024-04-08T14:59:39.482-04:00  INFO 9888 --- [main] j.LocalContainerEntityManagerFactoryBean : Initialized JPA EntityManagerFactory for persistence unit 'default'
2024-04-08T14:59:39.703-04:00  INFO 9888 --- [main] o.s.d.j.r.query.QueryEnhancerFactory     : Hibernate is in classpath; If applicable, HQL parser will be used.
2024-04-08T14:59:40.331-04:00  INFO 9888 --- [main] c.s.admin.category.BrandRepositoryTests  : Started BrandRepositoryTests in 3.177 seconds (process running for 4.519)
2024-04-08T14:59:40.996-04:00  INFO 9888 --- [SpringApplicationShutdownHook] j.LocalContainerEntityManagerFactoryBean : Closing JPA EntityManagerFactory for persistence unit 'default'
2024-04-08T14:59:40.997-04:00  INFO 9888 --- [SpringApplicationShutdownHook] com.zaxxer.hikari.HikariDataSource       : HikariPool-1 - Shutdown initiated...
2024-04-08T14:59:41.004-04:00  INFO 9888 --- [SpringApplicationShutdownHook] com.zaxxer.hikari.HikariDataSource       : HikariPool-1 - Shutdown completed.
2024-04-08T15:01:03.440-04:00  INFO 9866 --- [RMI TCP Connection(14)-127.0.0.1] inMXBeanRegistrar$SpringApplicationAdmin : Application shutdown requested.
2024-04-08T15:01:03.462-04:00  INFO 9866 --- [RMI TCP Connection(14)-127.0.0.1] j.LocalContainerEntityManagerFactoryBean : Closing JPA EntityManagerFactory for persistence unit 'default'
2024-04-08T15:01:03.467-04:00  INFO 9866 --- [RMI TCP Connection(14)-127.0.0.1] com.zaxxer.hikari.HikariDataSource       : HikariPool-1 - Shutdown initiated...
2024-04-08T15:01:03.475-04:00  INFO 9866 --- [RMI TCP Connection(14)-127.0.0.1] com.zaxxer.hikari.HikariDataSource       : HikariPool-1 - Shutdown completed.
2024-04-08T15:01:05.406-04:00  INFO 9907 --- [restartedMain] c.shopme.admin.ShopmeBackEndApplication  : Starting ShopmeBackEndApplication using Java 17.0.8.1 with PID 9907 (/Users/jinxu/Documents/ShopmeEcommerce/ShopmeProject/ShopmeWebParent/ShopmeBackEnd/target/classes started by jinxu in /Users/jinxu/Documents/ShopmeEcommerce/ShopmeProject/ShopmeWebParent/ShopmeBackEnd)
2024-04-08T15:01:05.408-04:00  INFO 9907 --- [restartedMain] c.shopme.admin.ShopmeBackEndApplication  : No active profile set, falling back to 1 default profile: "default"
2024-04-08T15:01:05.443-04:00  INFO 9907 --- [restartedMain] .e.DevToolsPropertyDefaultsPostProcessor : Devtools property defaults active! Set 'spring.devtools.add-properties' to 'false' to disable
2024-04-08T15:01:05.443-04:00  INFO 9907 --- [restartedMain] .e.DevToolsPropertyDefaultsPostProcessor : For additional web related logging consider setting the 'logging.level.web' property to 'DEBUG'
2024-04-08T15:01:05.922-04:00  INFO 9907 --- [restartedMain] .s.d.r.c.RepositoryConfigurationDelegate : Bootstrapping Spring Data JPA repositories in DEFAULT mode.
2024-04-08T15:01:05.966-04:00  INFO 9907 --- [restartedMain] .s.d.r.c.RepositoryConfigurationDelegate : Finished Spring Data repository scanning in 39 ms. Found 4 JPA repository interfaces.
2024-04-08T15:01:06.459-04:00  INFO 9907 --- [restartedMain] o.s.b.w.embedded.tomcat.TomcatWebServer  : Tomcat initialized with port 8080 (http)
2024-04-08T15:01:06.468-04:00  INFO 9907 --- [restartedMain] o.apache.catalina.core.StandardService   : Starting service [Tomcat]
2024-04-08T15:01:06.468-04:00  INFO 9907 --- [restartedMain] o.apache.catalina.core.StandardEngine    : Starting Servlet engine: [Apache Tomcat/10.1.16]
2024-04-08T15:01:06.508-04:00  INFO 9907 --- [restartedMain] o.a.c.c.C.[.[localhost].[/ShopmeAdmin]   : Initializing Spring embedded WebApplicationContext
2024-04-08T15:01:06.509-04:00  INFO 9907 --- [restartedMain] w.s.c.ServletWebServerApplicationContext : Root WebApplicationContext: initialization completed in 1065 ms
2024-04-08T15:01:06.565-04:00  WARN 9907 --- [restartedMain] o.a.c.c.C.[.[localhost].[/ShopmeAdmin]   : Cannot deserialize session attribute [SPRING_SECURITY_CONTEXT] for session [73E7FB7CC364C45D2A6D3F4064E58FB1]
2024-04-08T15:01:06.653-04:00  INFO 9907 --- [restartedMain] o.hibernate.jpa.internal.util.LogHelper  : HHH000204: Processing PersistenceUnitInfo [name: default]
2024-04-08T15:01:06.689-04:00  INFO 9907 --- [restartedMain] org.hibernate.Version                    : HHH000412: Hibernate ORM core version 6.3.1.Final
2024-04-08T15:01:06.714-04:00  INFO 9907 --- [restartedMain] o.h.c.internal.RegionFactoryInitiator    : HHH000026: Second-level cache disabled
2024-04-08T15:01:06.878-04:00  INFO 9907 --- [restartedMain] o.s.o.j.p.SpringPersistenceUnitInfo      : No LoadTimeWeaver setup: ignoring JPA class transformer
2024-04-08T15:01:06.897-04:00  INFO 9907 --- [restartedMain] com.zaxxer.hikari.HikariDataSource       : HikariPool-1 - Starting...
2024-04-08T15:01:06.900-04:00  WARN 9907 --- [restartedMain] c.zaxxer.hikari.util.DriverDataSource    : Registered driver with driverClassName=com.mysql.jdbc.Driver was not found, trying direct instantiation.
2024-04-08T15:01:07.120-04:00  INFO 9907 --- [restartedMain] com.zaxxer.hikari.pool.HikariPool        : HikariPool-1 - Added connection com.mysql.cj.jdbc.ConnectionImpl@1a31a69f
2024-04-08T15:01:07.122-04:00  INFO 9907 --- [restartedMain] com.zaxxer.hikari.HikariDataSource       : HikariPool-1 - Start completed.
2024-04-08T15:01:07.154-04:00  WARN 9907 --- [restartedMain] org.hibernate.orm.deprecation            : HHH90000025: MySQL8Dialect does not need to be specified explicitly using 'hibernate.dialect' (remove the property setting and it will be selected by default)
2024-04-08T15:01:07.155-04:00  WARN 9907 --- [restartedMain] org.hibernate.orm.deprecation            : HHH90000026: MySQL8Dialect has been deprecated; use org.hibernate.dialect.MySQLDialect instead
2024-04-08T15:01:07.819-04:00  INFO 9907 --- [restartedMain] o.h.e.t.j.p.i.JtaPlatformInitiator       : HHH000489: No JTA platform available (set 'hibernate.transaction.jta.platform' to enable JTA platform integration)
2024-04-08T15:01:07.885-04:00  INFO 9907 --- [restartedMain] j.LocalContainerEntityManagerFactoryBean : Initialized JPA EntityManagerFactory for persistence unit 'default'
2024-04-08T15:01:08.103-04:00  INFO 9907 --- [restartedMain] o.s.d.j.r.query.QueryEnhancerFactory     : Hibernate is in classpath; If applicable, HQL parser will be used.
2024-04-08T15:01:08.534-04:00  WARN 9907 --- [restartedMain] JpaBaseConfiguration$JpaWebConfiguration : spring.jpa.open-in-view is enabled by default. Therefore, database queries may be performed during view rendering. Explicitly configure spring.jpa.open-in-view to disable this warning
2024-04-08T15:01:08.651-04:00  INFO 9907 --- [restartedMain] o.s.b.a.w.s.WelcomePageHandlerMapping    : Adding welcome page template: index
2024-04-08T15:01:09.024-04:00  INFO 9907 --- [restartedMain] o.s.s.web.DefaultSecurityFilterChain     : Will secure any request with [org.springframework.security.web.session.DisableEncodeUrlFilter@5f0c8d0b, org.springframework.security.web.context.request.async.WebAsyncManagerIntegrationFilter@1b4838c7, org.springframework.security.web.context.SecurityContextHolderFilter@a3b24fc, org.springframework.security.web.header.HeaderWriterFilter@d0c3f03, org.springframework.web.filter.CorsFilter@6d61f245, org.springframework.security.web.csrf.CsrfFilter@22e90dd9, org.springframework.security.web.authentication.logout.LogoutFilter@3c5c3fea, org.springframework.security.web.authentication.UsernamePasswordAuthenticationFilter@88f8c74, org.springframework.security.web.savedrequest.RequestCacheAwareFilter@385495ac, org.springframework.security.web.servletapi.SecurityContextHolderAwareRequestFilter@647a5535, org.springframework.security.web.authentication.rememberme.RememberMeAuthenticationFilter@3128fefd, org.springframework.security.web.authentication.AnonymousAuthenticationFilter@5384353b, org.springframework.security.web.access.ExceptionTranslationFilter@35c53b5f, org.springframework.security.web.access.intercept.AuthorizationFilter@234775b6]
2024-04-08T15:01:09.205-04:00  WARN 9907 --- [restartedMain] o.s.s.c.a.web.builders.WebSecurity       : You are asking Spring Security to ignore Mvc [pattern='/images/**']. This is not recommended -- please use permitAll via HttpSecurity#authorizeHttpRequests instead.
2024-04-08T15:01:09.206-04:00  INFO 9907 --- [restartedMain] o.s.s.web.DefaultSecurityFilterChain     : Will not secure Mvc [pattern='/images/**']
2024-04-08T15:01:09.206-04:00  WARN 9907 --- [restartedMain] o.s.s.c.a.web.builders.WebSecurity       : You are asking Spring Security to ignore Mvc [pattern='/js/**']. This is not recommended -- please use permitAll via HttpSecurity#authorizeHttpRequests instead.
2024-04-08T15:01:09.206-04:00  INFO 9907 --- [restartedMain] o.s.s.web.DefaultSecurityFilterChain     : Will not secure Mvc [pattern='/js/**']
2024-04-08T15:01:09.206-04:00  WARN 9907 --- [restartedMain] o.s.s.c.a.web.builders.WebSecurity       : You are asking Spring Security to ignore Mvc [pattern='/webjars/**']. This is not recommended -- please use permitAll via HttpSecurity#authorizeHttpRequests instead.
2024-04-08T15:01:09.206-04:00  INFO 9907 --- [restartedMain] o.s.s.web.DefaultSecurityFilterChain     : Will not secure Mvc [pattern='/webjars/**']
2024-04-08T15:01:09.237-04:00  INFO 9907 --- [restartedMain] o.s.b.d.a.OptionalLiveReloadServer       : LiveReload server is running on port 35729
2024-04-08T15:01:09.268-04:00  INFO 9907 --- [restartedMain] o.s.b.w.embedded.tomcat.TomcatWebServer  : Tomcat started on port 8080 (http) with context path '/ShopmeAdmin'
2024-04-08T15:01:09.276-04:00  INFO 9907 --- [restartedMain] c.shopme.admin.ShopmeBackEndApplication  : Started ShopmeBackEndApplication in 4.148 seconds (process running for 4.983)
2024-04-08T15:01:12.145-04:00  INFO 9907 --- [http-nio-8080-exec-1] o.a.c.c.C.[.[localhost].[/ShopmeAdmin]   : Initializing Spring DispatcherServlet 'dispatcherServlet'
2024-04-08T15:01:12.145-04:00  INFO 9907 --- [http-nio-8080-exec-1] o.s.web.servlet.DispatcherServlet        : Initializing Servlet 'dispatcherServlet'
2024-04-08T15:01:12.146-04:00  INFO 9907 --- [http-nio-8080-exec-1] o.s.web.servlet.DispatcherServlet        : Completed initialization in 1 ms
2024-04-08T15:01:12.153-04:00  WARN 9907 --- [http-nio-8080-exec-1] o.s.w.s.h.HandlerMappingIntrospector     : Cache miss for REQUEST dispatch to '/ShopmeAdmin/brands' (previous null). Performing MatchableHandlerMapping lookup. This is logged once only at WARN level, and every time at TRACE.
2024-04-08T15:01:12.171-04:00  WARN 9907 --- [http-nio-8080-exec-1] o.s.w.s.h.HandlerMappingIntrospector     : Cache miss for REQUEST dispatch to '/ShopmeAdmin/brands' (previous null). Performing CorsConfiguration lookup. This is logged once only at WARN level, and every time at TRACE.
2024-04-08T15:01:12.476-04:00  WARN 9907 --- [http-nio-8080-exec-1] actStandardFragmentInsertionTagProcessor : [THYMELEAF][http-nio-8080-exec-1][brands/brands] Deprecated unwrapped fragment expression "fragments :: page_head('Categories - Shopme Admin')" found in template brands/brands, line 3, col 7. Please use the complete syntax of fragment expressions instead ("~{fragments :: page_head('Categories - Shopme Admin')}"). The old, unwrapped syntax for fragment expressions will be removed in future versions of Thymeleaf.
2024-04-08T15:01:12.569-04:00  WARN 9907 --- [http-nio-8080-exec-1] actStandardFragmentInsertionTagProcessor : [THYMELEAF][http-nio-8080-exec-1][brands/brands] Deprecated unwrapped fragment expression "navigation :: menu" found in template brands/brands, line 7, col 7. Please use the complete syntax of fragment expressions instead ("~{navigation :: menu}"). The old, unwrapped syntax for fragment expressions will be removed in future versions of Thymeleaf.
2024-04-08T15:01:12.603-04:00  WARN 9907 --- [http-nio-8080-exec-1] actStandardFragmentInsertionTagProcessor : [THYMELEAF][http-nio-8080-exec-1][brands/brands] Deprecated unwrapped fragment expression "fragments :: search_form_and_message('/categories/page/1')" found in template brands/brands, line 19, col 7. Please use the complete syntax of fragment expressions instead ("~{fragments :: search_form_and_message('/categories/page/1')}"). The old, unwrapped syntax for fragment expressions will be removed in future versions of Thymeleaf.
2024-04-08T15:01:46.278-04:00  WARN 9907 --- [http-nio-8080-exec-10] actStandardFragmentInsertionTagProcessor : [THYMELEAF][http-nio-8080-exec-10][brands/brands] Deprecated unwrapped fragment expression "fragments :: page_head('Categories - Shopme Admin')" found in template brands/brands, line 3, col 7. Please use the complete syntax of fragment expressions instead ("~{fragments :: page_head('Categories - Shopme Admin')}"). The old, unwrapped syntax for fragment expressions will be removed in future versions of Thymeleaf.
2024-04-08T15:01:46.285-04:00  WARN 9907 --- [http-nio-8080-exec-10] actStandardFragmentInsertionTagProcessor : [THYMELEAF][http-nio-8080-exec-10][brands/brands] Deprecated unwrapped fragment expression "navigation :: menu" found in template brands/brands, line 7, col 7. Please use the complete syntax of fragment expressions instead ("~{navigation :: menu}"). The old, unwrapped syntax for fragment expressions will be removed in future versions of Thymeleaf.
2024-04-08T15:01:46.304-04:00  WARN 9907 --- [http-nio-8080-exec-10] actStandardFragmentInsertionTagProcessor : [THYMELEAF][http-nio-8080-exec-10][brands/brands] Deprecated unwrapped fragment expression "fragments :: search_form_and_message('/categories/page/1')" found in template brands/brands, line 19, col 7. Please use the complete syntax of fragment expressions instead ("~{fragments :: search_form_and_message('/categories/page/1')}"). The old, unwrapped syntax for fragment expressions will be removed in future versions of Thymeleaf.
2024-04-08T15:02:07.853-04:00  WARN 9907 --- [http-nio-8080-exec-9] actStandardFragmentInsertionTagProcessor : [THYMELEAF][http-nio-8080-exec-9][brands/brands] Deprecated unwrapped fragment expression "fragments :: page_head('Categories - Shopme Admin')" found in template brands/brands, line 3, col 7. Please use the complete syntax of fragment expressions instead ("~{fragments :: page_head('Categories - Shopme Admin')}"). The old, unwrapped syntax for fragment expressions will be removed in future versions of Thymeleaf.
2024-04-08T15:02:07.860-04:00  WARN 9907 --- [http-nio-8080-exec-9] actStandardFragmentInsertionTagProcessor : [THYMELEAF][http-nio-8080-exec-9][brands/brands] Deprecated unwrapped fragment expression "navigation :: menu" found in template brands/brands, line 7, col 7. Please use the complete syntax of fragment expressions instead ("~{navigation :: menu}"). The old, unwrapped syntax for fragment expressions will be removed in future versions of Thymeleaf.
2024-04-08T15:02:07.878-04:00  WARN 9907 --- [http-nio-8080-exec-9] actStandardFragmentInsertionTagProcessor : [THYMELEAF][http-nio-8080-exec-9][brands/brands] Deprecated unwrapped fragment expression "fragments :: search_form_and_message('/categories/page/1')" found in template brands/brands, line 19, col 7. Please use the complete syntax of fragment expressions instead ("~{fragments :: search_form_and_message('/categories/page/1')}"). The old, unwrapped syntax for fragment expressions will be removed in future versions of Thymeleaf.
2024-04-08T15:53:23.390-04:00  INFO 9907 --- [File Watcher] rtingClassPathChangeChangedEventListener : Restarting due to 1 class path change (0 additions, 0 deletions, 1 modification)
2024-04-08T15:53:23.407-04:00  INFO 9907 --- [Thread-5] j.LocalContainerEntityManagerFactoryBean : Closing JPA EntityManagerFactory for persistence unit 'default'
2024-04-08T15:53:23.412-04:00  INFO 9907 --- [Thread-5] com.zaxxer.hikari.HikariDataSource       : HikariPool-1 - Shutdown initiated...
2024-04-08T15:53:23.417-04:00  INFO 9907 --- [Thread-5] com.zaxxer.hikari.HikariDataSource       : HikariPool-1 - Shutdown completed.
2024-04-08T15:53:23.503-04:00  INFO 9907 --- [restartedMain] c.shopme.admin.ShopmeBackEndApplication  : Starting ShopmeBackEndApplication using Java 17.0.8.1 with PID 9907 (/Users/jinxu/Documents/ShopmeEcommerce/ShopmeProject/ShopmeWebParent/ShopmeBackEnd/target/classes started by jinxu in /Users/jinxu/Documents/ShopmeEcommerce/ShopmeProject/ShopmeWebParent/ShopmeBackEnd)
2024-04-08T15:53:23.503-04:00  INFO 9907 --- [restartedMain] c.shopme.admin.ShopmeBackEndApplication  : No active profile set, falling back to 1 default profile: "default"
2024-04-08T15:53:23.684-04:00  INFO 9907 --- [restartedMain] .s.d.r.c.RepositoryConfigurationDelegate : Bootstrapping Spring Data JPA repositories in DEFAULT mode.
2024-04-08T15:53:23.698-04:00  INFO 9907 --- [restartedMain] .s.d.r.c.RepositoryConfigurationDelegate : Finished Spring Data repository scanning in 13 ms. Found 4 JPA repository interfaces.
2024-04-08T15:53:23.796-04:00  INFO 9907 --- [restartedMain] o.s.b.w.embedded.tomcat.TomcatWebServer  : Tomcat initialized with port 8080 (http)
2024-04-08T15:53:23.797-04:00  INFO 9907 --- [restartedMain] o.apache.catalina.core.StandardService   : Starting service [Tomcat]
2024-04-08T15:53:23.798-04:00  INFO 9907 --- [restartedMain] o.apache.catalina.core.StandardEngine    : Starting Servlet engine: [Apache Tomcat/10.1.16]
2024-04-08T15:53:23.809-04:00  INFO 9907 --- [restartedMain] o.a.c.c.C.[.[localhost].[/ShopmeAdmin]   : Initializing Spring embedded WebApplicationContext
2024-04-08T15:53:23.810-04:00  INFO 9907 --- [restartedMain] w.s.c.ServletWebServerApplicationContext : Root WebApplicationContext: initialization completed in 305 ms
2024-04-08T15:53:23.845-04:00  INFO 9907 --- [restartedMain] o.hibernate.jpa.internal.util.LogHelper  : HHH000204: Processing PersistenceUnitInfo [name: default]
2024-04-08T15:53:23.849-04:00  INFO 9907 --- [restartedMain] o.h.c.internal.RegionFactoryInitiator    : HHH000026: Second-level cache disabled
2024-04-08T15:53:23.855-04:00  INFO 9907 --- [restartedMain] o.s.o.j.p.SpringPersistenceUnitInfo      : No LoadTimeWeaver setup: ignoring JPA class transformer
2024-04-08T15:53:23.856-04:00  INFO 9907 --- [restartedMain] com.zaxxer.hikari.HikariDataSource       : HikariPool-2 - Starting...
2024-04-08T15:53:23.856-04:00  WARN 9907 --- [restartedMain] c.zaxxer.hikari.util.DriverDataSource    : Registered driver with driverClassName=com.mysql.jdbc.Driver was not found, trying direct instantiation.
2024-04-08T15:53:23.867-04:00  INFO 9907 --- [restartedMain] com.zaxxer.hikari.pool.HikariPool        : HikariPool-2 - Added connection com.mysql.cj.jdbc.ConnectionImpl@4912fb74
2024-04-08T15:53:23.868-04:00  INFO 9907 --- [restartedMain] com.zaxxer.hikari.HikariDataSource       : HikariPool-2 - Start completed.
2024-04-08T15:53:23.868-04:00  WARN 9907 --- [restartedMain] org.hibernate.orm.deprecation            : HHH90000025: MySQL8Dialect does not need to be specified explicitly using 'hibernate.dialect' (remove the property setting and it will be selected by default)
2024-04-08T15:53:23.868-04:00  WARN 9907 --- [restartedMain] org.hibernate.orm.deprecation            : HHH90000026: MySQL8Dialect has been deprecated; use org.hibernate.dialect.MySQLDialect instead
2024-04-08T15:53:23.927-04:00  INFO 9907 --- [restartedMain] o.h.e.t.j.p.i.JtaPlatformInitiator       : HHH000489: No JTA platform available (set 'hibernate.transaction.jta.platform' to enable JTA platform integration)
2024-04-08T15:53:23.959-04:00  INFO 9907 --- [restartedMain] j.LocalContainerEntityManagerFactoryBean : Initialized JPA EntityManagerFactory for persistence unit 'default'
2024-04-08T15:53:24.057-04:00  WARN 9907 --- [restartedMain] JpaBaseConfiguration$JpaWebConfiguration : spring.jpa.open-in-view is enabled by default. Therefore, database queries may be performed during view rendering. Explicitly configure spring.jpa.open-in-view to disable this warning
2024-04-08T15:53:24.072-04:00  INFO 9907 --- [restartedMain] o.s.b.a.w.s.WelcomePageHandlerMapping    : Adding welcome page template: index
2024-04-08T15:53:24.240-04:00  INFO 9907 --- [restartedMain] o.s.s.web.DefaultSecurityFilterChain     : Will secure any request with [org.springframework.security.web.session.DisableEncodeUrlFilter@758f409d, org.springframework.security.web.context.request.async.WebAsyncManagerIntegrationFilter@7048c62f, org.springframework.security.web.context.SecurityContextHolderFilter@6c141f7, org.springframework.security.web.header.HeaderWriterFilter@61ca1e2c, org.springframework.web.filter.CorsFilter@6d95101e, org.springframework.security.web.csrf.CsrfFilter@6a2e170c, org.springframework.security.web.authentication.logout.LogoutFilter@75b8aba8, org.springframework.security.web.authentication.UsernamePasswordAuthenticationFilter@15011820, org.springframework.security.web.savedrequest.RequestCacheAwareFilter@1ccdb054, org.springframework.security.web.servletapi.SecurityContextHolderAwareRequestFilter@39ce9001, org.springframework.security.web.authentication.rememberme.RememberMeAuthenticationFilter@76c5ee55, org.springframework.security.web.authentication.AnonymousAuthenticationFilter@347becbf, org.springframework.security.web.access.ExceptionTranslationFilter@67484dc9, org.springframework.security.web.access.intercept.AuthorizationFilter@25d412d9]
2024-04-08T15:53:24.305-04:00  WARN 9907 --- [restartedMain] o.s.s.c.a.web.builders.WebSecurity       : You are asking Spring Security to ignore Mvc [pattern='/images/**']. This is not recommended -- please use permitAll via HttpSecurity#authorizeHttpRequests instead.
2024-04-08T15:53:24.305-04:00  INFO 9907 --- [restartedMain] o.s.s.web.DefaultSecurityFilterChain     : Will not secure Mvc [pattern='/images/**']
2024-04-08T15:53:24.305-04:00  WARN 9907 --- [restartedMain] o.s.s.c.a.web.builders.WebSecurity       : You are asking Spring Security to ignore Mvc [pattern='/js/**']. This is not recommended -- please use permitAll via HttpSecurity#authorizeHttpRequests instead.
2024-04-08T15:53:24.306-04:00  INFO 9907 --- [restartedMain] o.s.s.web.DefaultSecurityFilterChain     : Will not secure Mvc [pattern='/js/**']
2024-04-08T15:53:24.306-04:00  WARN 9907 --- [restartedMain] o.s.s.c.a.web.builders.WebSecurity       : You are asking Spring Security to ignore Mvc [pattern='/webjars/**']. This is not recommended -- please use permitAll via HttpSecurity#authorizeHttpRequests instead.
2024-04-08T15:53:24.306-04:00  INFO 9907 --- [restartedMain] o.s.s.web.DefaultSecurityFilterChain     : Will not secure Mvc [pattern='/webjars/**']
2024-04-08T15:53:24.316-04:00  INFO 9907 --- [restartedMain] o.s.b.d.a.OptionalLiveReloadServer       : LiveReload server is running on port 35729
2024-04-08T15:53:24.327-04:00  INFO 9907 --- [restartedMain] o.s.b.w.embedded.tomcat.TomcatWebServer  : Tomcat started on port 8080 (http) with context path '/ShopmeAdmin'
2024-04-08T15:53:24.332-04:00  INFO 9907 --- [restartedMain] c.shopme.admin.ShopmeBackEndApplication  : Started ShopmeBackEndApplication in 0.855 seconds (process running for 3139.946)
2024-04-08T15:53:24.334-04:00  INFO 9907 --- [restartedMain] .ConditionEvaluationDeltaLoggingListener : Condition evaluation unchanged
2024-04-08T15:53:27.716-04:00  INFO 9907 --- [http-nio-8080-exec-1] o.a.c.c.C.[.[localhost].[/ShopmeAdmin]   : Initializing Spring DispatcherServlet 'dispatcherServlet'
2024-04-08T15:53:27.717-04:00  INFO 9907 --- [http-nio-8080-exec-1] o.s.web.servlet.DispatcherServlet        : Initializing Servlet 'dispatcherServlet'
2024-04-08T15:53:27.718-04:00  INFO 9907 --- [http-nio-8080-exec-1] o.s.web.servlet.DispatcherServlet        : Completed initialization in 1 ms
2024-04-08T15:53:27.719-04:00  WARN 9907 --- [http-nio-8080-exec-1] o.s.w.s.h.HandlerMappingIntrospector     : Cache miss for REQUEST dispatch to '/ShopmeAdmin/brands' (previous null). Performing MatchableHandlerMapping lookup. This is logged once only at WARN level, and every time at TRACE.
2024-04-08T15:53:27.720-04:00  WARN 9907 --- [http-nio-8080-exec-1] o.s.w.s.h.HandlerMappingIntrospector     : Cache miss for REQUEST dispatch to '/ShopmeAdmin/brands' (previous null). Performing CorsConfiguration lookup. This is logged once only at WARN level, and every time at TRACE.
2024-04-08T15:53:27.805-04:00  WARN 9907 --- [http-nio-8080-exec-1] actStandardFragmentInsertionTagProcessor : [THYMELEAF][http-nio-8080-exec-1][brands/brands] Deprecated unwrapped fragment expression "fragments :: page_head('Categories - Shopme Admin')" found in template brands/brands, line 3, col 7. Please use the complete syntax of fragment expressions instead ("~{fragments :: page_head('Categories - Shopme Admin')}"). The old, unwrapped syntax for fragment expressions will be removed in future versions of Thymeleaf.
2024-04-08T15:53:27.811-04:00  WARN 9907 --- [http-nio-8080-exec-1] actStandardFragmentInsertionTagProcessor : [THYMELEAF][http-nio-8080-exec-1][brands/brands] Deprecated unwrapped fragment expression "navigation :: menu" found in template brands/brands, line 7, col 7. Please use the complete syntax of fragment expressions instead ("~{navigation :: menu}"). The old, unwrapped syntax for fragment expressions will be removed in future versions of Thymeleaf.
2024-04-08T15:53:27.835-04:00  WARN 9907 --- [http-nio-8080-exec-1] actStandardFragmentInsertionTagProcessor : [THYMELEAF][http-nio-8080-exec-1][brands/brands] Deprecated unwrapped fragment expression "fragments :: search_form_and_message('/categories/page/1')" found in template brands/brands, line 19, col 7. Please use the complete syntax of fragment expressions instead ("~{fragments :: search_form_and_message('/categories/page/1')}"). The old, unwrapped syntax for fragment expressions will be removed in future versions of Thymeleaf.
2024-04-08T15:53:28.864-04:00  WARN 9907 --- [http-nio-8080-exec-10] actStandardFragmentInsertionTagProcessor : [THYMELEAF][http-nio-8080-exec-10][categories/categories] Deprecated unwrapped fragment expression "fragments :: page_head('Categories - Shopme Admin')" found in template categories/categories, line 3, col 7. Please use the complete syntax of fragment expressions instead ("~{fragments :: page_head('Categories - Shopme Admin')}"). The old, unwrapped syntax for fragment expressions will be removed in future versions of Thymeleaf.
2024-04-08T15:53:28.868-04:00  WARN 9907 --- [http-nio-8080-exec-10] actStandardFragmentInsertionTagProcessor : [THYMELEAF][http-nio-8080-exec-10][categories/categories] Deprecated unwrapped fragment expression "navigation :: menu" found in template categories/categories, line 7, col 7. Please use the complete syntax of fragment expressions instead ("~{navigation :: menu}"). The old, unwrapped syntax for fragment expressions will be removed in future versions of Thymeleaf.
2024-04-08T15:53:28.877-04:00  WARN 9907 --- [http-nio-8080-exec-10] actStandardFragmentInsertionTagProcessor : [THYMELEAF][http-nio-8080-exec-10][categories/categories] Deprecated unwrapped fragment expression "fragments :: search_form_and_message('/categories/page/1')" found in template categories/categories, line 19, col 7. Please use the complete syntax of fragment expressions instead ("~{fragments :: search_form_and_message('/categories/page/1')}"). The old, unwrapped syntax for fragment expressions will be removed in future versions of Thymeleaf.
2024-04-08T15:53:28.878-04:00  WARN 9907 --- [http-nio-8080-exec-10] actStandardFragmentInsertionTagProcessor : [THYMELEAF][http-nio-8080-exec-10][categories/categories] Deprecated unwrapped fragment expression "fragments :: column_link('/categories', 'name', 'Category Name', 'none')" found in template categories/categories, line 33, col 10. Please use the complete syntax of fragment expressions instead ("~{fragments :: column_link('/categories', 'name', 'Category Name', 'none')}"). The old, unwrapped syntax for fragment expressions will be removed in future versions of Thymeleaf.
2024-04-08T15:53:29.155-04:00  WARN 9907 --- [http-nio-8080-exec-10] actStandardFragmentInsertionTagProcessor : [THYMELEAF][http-nio-8080-exec-10][categories/categories] Deprecated unwrapped fragment expression "fragments :: pagination('/categories', 'top-level categories')" found in template categories/categories, line 126, col 8. Please use the complete syntax of fragment expressions instead ("~{fragments :: pagination('/categories', 'top-level categories')}"). The old, unwrapped syntax for fragment expressions will be removed in future versions of Thymeleaf.
2024-04-08T15:53:29.159-04:00  WARN 9907 --- [http-nio-8080-exec-10] actStandardFragmentInsertionTagProcessor : [THYMELEAF][http-nio-8080-exec-10][fragments] Deprecated unwrapped fragment expression "fragments :: page_link(${moduleURL}, 1, 'First')" found in template fragments, line 57, col 8. Please use the complete syntax of fragment expressions instead ("~{fragments :: page_link(${moduleURL}, 1, 'First')}"). The old, unwrapped syntax for fragment expressions will be removed in future versions of Thymeleaf.
2024-04-08T15:53:29.163-04:00  WARN 9907 --- [http-nio-8080-exec-10] actStandardFragmentInsertionTagProcessor : [THYMELEAF][http-nio-8080-exec-10][fragments] Deprecated unwrapped fragment expression "fragments :: page_link(${moduleURL}, ${currentPage - 1}, 'Previous')" found in template fragments, line 62, col 8. Please use the complete syntax of fragment expressions instead ("~{fragments :: page_link(${moduleURL}, ${currentPage - 1}, 'Previous')}"). The old, unwrapped syntax for fragment expressions will be removed in future versions of Thymeleaf.
2024-04-08T15:53:29.191-04:00  WARN 9907 --- [http-nio-8080-exec-10] actStandardFragmentInsertionTagProcessor : [THYMELEAF][http-nio-8080-exec-10][fragments] Deprecated unwrapped fragment expression "fragments :: page_link(${moduleURL}, ${i}, ${i})" found in template fragments, line 67, col 8. Please use the complete syntax of fragment expressions instead ("~{fragments :: page_link(${moduleURL}, ${i}, ${i})}"). The old, unwrapped syntax for fragment expressions will be removed in future versions of Thymeleaf.
2024-04-08T15:53:29.193-04:00  WARN 9907 --- [http-nio-8080-exec-10] actStandardFragmentInsertionTagProcessor : [THYMELEAF][http-nio-8080-exec-10][fragments] Deprecated unwrapped fragment expression "fragments :: page_link(${moduleURL}, ${i}, ${i})" found in template fragments, line 67, col 8. Please use the complete syntax of fragment expressions instead ("~{fragments :: page_link(${moduleURL}, ${i}, ${i})}"). The old, unwrapped syntax for fragment expressions will be removed in future versions of Thymeleaf.
2024-04-08T15:53:29.198-04:00  WARN 9907 --- [http-nio-8080-exec-10] actStandardFragmentInsertionTagProcessor : [THYMELEAF][http-nio-8080-exec-10][fragments] Deprecated unwrapped fragment expression "fragments :: page_link(${moduleURL}, ${currentPage + 1}, 'Next')" found in template fragments, line 71, col 8. Please use the complete syntax of fragment expressions instead ("~{fragments :: page_link(${moduleURL}, ${currentPage + 1}, 'Next')}"). The old, unwrapped syntax for fragment expressions will be removed in future versions of Thymeleaf.
2024-04-08T15:53:29.201-04:00  WARN 9907 --- [http-nio-8080-exec-10] actStandardFragmentInsertionTagProcessor : [THYMELEAF][http-nio-8080-exec-10][fragments] Deprecated unwrapped fragment expression "fragments :: page_link(${moduleURL}, ${totalPages}, 'Last')" found in template fragments, line 75, col 8. Please use the complete syntax of fragment expressions instead ("~{fragments :: page_link(${moduleURL}, ${totalPages}, 'Last')}"). The old, unwrapped syntax for fragment expressions will be removed in future versions of Thymeleaf.
2024-04-08T15:53:29.205-04:00  WARN 9907 --- [http-nio-8080-exec-10] actStandardFragmentInsertionTagProcessor : [THYMELEAF][http-nio-8080-exec-10][categories/categories] Deprecated unwrapped fragment expression "modal_fragments :: confirm_modal" found in template categories/categories, line 129, col 7. Please use the complete syntax of fragment expressions instead ("~{modal_fragments :: confirm_modal}"). The old, unwrapped syntax for fragment expressions will be removed in future versions of Thymeleaf.
2024-04-08T15:53:29.208-04:00  WARN 9907 --- [http-nio-8080-exec-10] actStandardFragmentInsertionTagProcessor : [THYMELEAF][http-nio-8080-exec-10][categories/categories] Deprecated unwrapped fragment expression "fragments :: footer" found in template categories/categories, line 132, col 7. Please use the complete syntax of fragment expressions instead ("~{fragments :: footer}"). The old, unwrapped syntax for fragment expressions will be removed in future versions of Thymeleaf.
2024-04-08T15:53:29.708-04:00  WARN 9907 --- [http-nio-8080-exec-7] actStandardFragmentInsertionTagProcessor : [THYMELEAF][http-nio-8080-exec-7][index] Deprecated unwrapped fragment expression "fragments :: page_head('Home - Shopme Admin')" found in template index, line 4, col 7. Please use the complete syntax of fragment expressions instead ("~{fragments :: page_head('Home - Shopme Admin')}"). The old, unwrapped syntax for fragment expressions will be removed in future versions of Thymeleaf.
2024-04-08T15:53:29.711-04:00  WARN 9907 --- [http-nio-8080-exec-7] actStandardFragmentInsertionTagProcessor : [THYMELEAF][http-nio-8080-exec-7][index] Deprecated unwrapped fragment expression "navigation :: menu" found in template index, line 8, col 7. Please use the complete syntax of fragment expressions instead ("~{navigation :: menu}"). The old, unwrapped syntax for fragment expressions will be removed in future versions of Thymeleaf.
2024-04-08T15:53:29.728-04:00  WARN 9907 --- [http-nio-8080-exec-7] actStandardFragmentInsertionTagProcessor : [THYMELEAF][http-nio-8080-exec-7][index] Deprecated unwrapped fragment expression "fragments :: footer" found in template index, line 17, col 7. Please use the complete syntax of fragment expressions instead ("~{fragments :: footer}"). The old, unwrapped syntax for fragment expressions will be removed in future versions of Thymeleaf.
2024-04-08T15:53:35.221-04:00  WARN 9907 --- [http-nio-8080-exec-10] actStandardFragmentInsertionTagProcessor : [THYMELEAF][http-nio-8080-exec-10][brands/brands] Deprecated unwrapped fragment expression "fragments :: page_head('Categories - Shopme Admin')" found in template brands/brands, line 3, col 7. Please use the complete syntax of fragment expressions instead ("~{fragments :: page_head('Categories - Shopme Admin')}"). The old, unwrapped syntax for fragment expressions will be removed in future versions of Thymeleaf.
2024-04-08T15:53:35.225-04:00  WARN 9907 --- [http-nio-8080-exec-10] actStandardFragmentInsertionTagProcessor : [THYMELEAF][http-nio-8080-exec-10][brands/brands] Deprecated unwrapped fragment expression "navigation :: menu" found in template brands/brands, line 7, col 7. Please use the complete syntax of fragment expressions instead ("~{navigation :: menu}"). The old, unwrapped syntax for fragment expressions will be removed in future versions of Thymeleaf.
2024-04-08T15:53:35.243-04:00  WARN 9907 --- [http-nio-8080-exec-10] actStandardFragmentInsertionTagProcessor : [THYMELEAF][http-nio-8080-exec-10][brands/brands] Deprecated unwrapped fragment expression "fragments :: search_form_and_message('/categories/page/1')" found in template brands/brands, line 19, col 7. Please use the complete syntax of fragment expressions instead ("~{fragments :: search_form_and_message('/categories/page/1')}"). The old, unwrapped syntax for fragment expressions will be removed in future versions of Thymeleaf.
2024-04-08T15:54:47.791-04:00  WARN 9907 --- [http-nio-8080-exec-3] actStandardFragmentInsertionTagProcessor : [THYMELEAF][http-nio-8080-exec-3][brands/brands] Deprecated unwrapped fragment expression "fragments :: page_head('Categories - Shopme Admin')" found in template brands/brands, line 3, col 7. Please use the complete syntax of fragment expressions instead ("~{fragments :: page_head('Categories - Shopme Admin')}"). The old, unwrapped syntax for fragment expressions will be removed in future versions of Thymeleaf.
2024-04-08T15:54:47.797-04:00  WARN 9907 --- [http-nio-8080-exec-3] actStandardFragmentInsertionTagProcessor : [THYMELEAF][http-nio-8080-exec-3][brands/brands] Deprecated unwrapped fragment expression "navigation :: menu" found in template brands/brands, line 7, col 7. Please use the complete syntax of fragment expressions instead ("~{navigation :: menu}"). The old, unwrapped syntax for fragment expressions will be removed in future versions of Thymeleaf.
2024-04-08T15:54:47.813-04:00  WARN 9907 --- [http-nio-8080-exec-3] actStandardFragmentInsertionTagProcessor : [THYMELEAF][http-nio-8080-exec-3][brands/brands] Deprecated unwrapped fragment expression "fragments :: search_form_and_message('/categories/page/1')" found in template brands/brands, line 19, col 7. Please use the complete syntax of fragment expressions instead ("~{fragments :: search_form_and_message('/categories/page/1')}"). The old, unwrapped syntax for fragment expressions will be removed in future versions of Thymeleaf.
2024-04-08T15:56:23.428-04:00  WARN 9907 --- [http-nio-8080-exec-4] actStandardFragmentInsertionTagProcessor : [THYMELEAF][http-nio-8080-exec-4][brands/brands] Deprecated unwrapped fragment expression "fragments :: page_head('Categories - Shopme Admin')" found in template brands/brands, line 3, col 7. Please use the complete syntax of fragment expressions instead ("~{fragments :: page_head('Categories - Shopme Admin')}"). The old, unwrapped syntax for fragment expressions will be removed in future versions of Thymeleaf.
2024-04-08T15:56:23.433-04:00  WARN 9907 --- [http-nio-8080-exec-4] actStandardFragmentInsertionTagProcessor : [THYMELEAF][http-nio-8080-exec-4][brands/brands] Deprecated unwrapped fragment expression "navigation :: menu" found in template brands/brands, line 7, col 7. Please use the complete syntax of fragment expressions instead ("~{navigation :: menu}"). The old, unwrapped syntax for fragment expressions will be removed in future versions of Thymeleaf.
2024-04-08T15:56:23.445-04:00  WARN 9907 --- [http-nio-8080-exec-4] actStandardFragmentInsertionTagProcessor : [THYMELEAF][http-nio-8080-exec-4][brands/brands] Deprecated unwrapped fragment expression "fragments :: search_form_and_message('/categories/page/1')" found in template brands/brands, line 19, col 7. Please use the complete syntax of fragment expressions instead ("~{fragments :: search_form_and_message('/categories/page/1')}"). The old, unwrapped syntax for fragment expressions will be removed in future versions of Thymeleaf.
2024-04-08T15:56:34.592-04:00  WARN 9907 --- [http-nio-8080-exec-6] actStandardFragmentInsertionTagProcessor : [THYMELEAF][http-nio-8080-exec-6][users/account_form] Deprecated unwrapped fragment expression "fragments :: page_head('Your account details')" found in template users/account_form, line 3, col 7. Please use the complete syntax of fragment expressions instead ("~{fragments :: page_head('Your account details')}"). The old, unwrapped syntax for fragment expressions will be removed in future versions of Thymeleaf.
2024-04-08T15:56:34.599-04:00  WARN 9907 --- [http-nio-8080-exec-6] actStandardFragmentInsertionTagProcessor : [THYMELEAF][http-nio-8080-exec-6][users/account_form] Deprecated unwrapped fragment expression "navigation :: menu" found in template users/account_form, line 7, col 7. Please use the complete syntax of fragment expressions instead ("~{navigation :: menu}"). The old, unwrapped syntax for fragment expressions will be removed in future versions of Thymeleaf.
2024-04-08T15:56:34.634-04:00  WARN 9907 --- [http-nio-8080-exec-6] actStandardFragmentInsertionTagProcessor : [THYMELEAF][http-nio-8080-exec-6][users/account_form] Deprecated unwrapped fragment expression "fragments :: footer" found in template users/account_form, line 101, col 7. Please use the complete syntax of fragment expressions instead ("~{fragments :: footer}"). The old, unwrapped syntax for fragment expressions will be removed in future versions of Thymeleaf.
2024-04-08T15:57:50.025-04:00  WARN 9907 --- [http-nio-8080-exec-10] actStandardFragmentInsertionTagProcessor : [THYMELEAF][http-nio-8080-exec-10][index] Deprecated unwrapped fragment expression "fragments :: page_head('Home - Shopme Admin')" found in template index, line 4, col 7. Please use the complete syntax of fragment expressions instead ("~{fragments :: page_head('Home - Shopme Admin')}"). The old, unwrapped syntax for fragment expressions will be removed in future versions of Thymeleaf.
2024-04-08T15:57:50.028-04:00  WARN 9907 --- [http-nio-8080-exec-10] actStandardFragmentInsertionTagProcessor : [THYMELEAF][http-nio-8080-exec-10][index] Deprecated unwrapped fragment expression "navigation :: menu" found in template index, line 8, col 7. Please use the complete syntax of fragment expressions instead ("~{navigation :: menu}"). The old, unwrapped syntax for fragment expressions will be removed in future versions of Thymeleaf.
2024-04-08T15:57:50.039-04:00  WARN 9907 --- [http-nio-8080-exec-10] actStandardFragmentInsertionTagProcessor : [THYMELEAF][http-nio-8080-exec-10][index] Deprecated unwrapped fragment expression "fragments :: footer" found in template index, line 17, col 7. Please use the complete syntax of fragment expressions instead ("~{fragments :: footer}"). The old, unwrapped syntax for fragment expressions will be removed in future versions of Thymeleaf.
2024-04-08T15:58:22.393-04:00  WARN 9907 --- [http-nio-8080-exec-8] actStandardFragmentInsertionTagProcessor : [THYMELEAF][http-nio-8080-exec-8][index] Deprecated unwrapped fragment expression "fragments :: page_head('Home - Shopme Admin')" found in template index, line 4, col 7. Please use the complete syntax of fragment expressions instead ("~{fragments :: page_head('Home - Shopme Admin')}"). The old, unwrapped syntax for fragment expressions will be removed in future versions of Thymeleaf.
2024-04-08T15:58:22.396-04:00  WARN 9907 --- [http-nio-8080-exec-8] actStandardFragmentInsertionTagProcessor : [THYMELEAF][http-nio-8080-exec-8][index] Deprecated unwrapped fragment expression "navigation :: menu" found in template index, line 8, col 7. Please use the complete syntax of fragment expressions instead ("~{navigation :: menu}"). The old, unwrapped syntax for fragment expressions will be removed in future versions of Thymeleaf.
2024-04-08T15:58:22.409-04:00  WARN 9907 --- [http-nio-8080-exec-8] actStandardFragmentInsertionTagProcessor : [THYMELEAF][http-nio-8080-exec-8][index] Deprecated unwrapped fragment expression "fragments :: footer" found in template index, line 17, col 7. Please use the complete syntax of fragment expressions instead ("~{fragments :: footer}"). The old, unwrapped syntax for fragment expressions will be removed in future versions of Thymeleaf.
2024-04-08T15:58:24.044-04:00  WARN 9907 --- [http-nio-8080-exec-2] actStandardFragmentInsertionTagProcessor : [THYMELEAF][http-nio-8080-exec-2][users/users] Deprecated unwrapped fragment expression "fragments :: page_head('Users - Shopme Admin')" found in template users/users, line 3, col 7. Please use the complete syntax of fragment expressions instead ("~{fragments :: page_head('Users - Shopme Admin')}"). The old, unwrapped syntax for fragment expressions will be removed in future versions of Thymeleaf.
2024-04-08T15:58:24.047-04:00  WARN 9907 --- [http-nio-8080-exec-2] actStandardFragmentInsertionTagProcessor : [THYMELEAF][http-nio-8080-exec-2][users/users] Deprecated unwrapped fragment expression "navigation :: menu" found in template users/users, line 7, col 7. Please use the complete syntax of fragment expressions instead ("~{navigation :: menu}"). The old, unwrapped syntax for fragment expressions will be removed in future versions of Thymeleaf.
2024-04-08T15:58:24.063-04:00  WARN 9907 --- [http-nio-8080-exec-2] actStandardFragmentInsertionTagProcessor : [THYMELEAF][http-nio-8080-exec-2][users/users] Deprecated unwrapped fragment expression "fragments :: search_form_and_message('/users/page/1')" found in template users/users, line 21, col 7. Please use the complete syntax of fragment expressions instead ("~{fragments :: search_form_and_message('/users/page/1')}"). The old, unwrapped syntax for fragment expressions will be removed in future versions of Thymeleaf.
2024-04-08T15:58:24.065-04:00  WARN 9907 --- [http-nio-8080-exec-2] actStandardFragmentInsertionTagProcessor : [THYMELEAF][http-nio-8080-exec-2][users/users] Deprecated unwrapped fragment expression "fragments :: column_link('/users', 'id', 'User ID', 'tag')" found in template users/users, line 31, col 11. Please use the complete syntax of fragment expressions instead ("~{fragments :: column_link('/users', 'id', 'User ID', 'tag')}"). The old, unwrapped syntax for fragment expressions will be removed in future versions of Thymeleaf.
2024-04-08T15:58:24.068-04:00  WARN 9907 --- [http-nio-8080-exec-2] actStandardFragmentInsertionTagProcessor : [THYMELEAF][http-nio-8080-exec-2][users/users] Deprecated unwrapped fragment expression "fragments :: column_link('/users', 'email', 'E-mail', 'tag')" found in template users/users, line 36, col 11. Please use the complete syntax of fragment expressions instead ("~{fragments :: column_link('/users', 'email', 'E-mail', 'tag')}"). The old, unwrapped syntax for fragment expressions will be removed in future versions of Thymeleaf.
2024-04-08T15:58:24.069-04:00  WARN 9907 --- [http-nio-8080-exec-2] actStandardFragmentInsertionTagProcessor : [THYMELEAF][http-nio-8080-exec-2][users/users] Deprecated unwrapped fragment expression "fragments :: column_link('/users', 'firstName', 'First Name', 'none')" found in template users/users, line 39, col 10. Please use the complete syntax of fragment expressions instead ("~{fragments :: column_link('/users', 'firstName', 'First Name', 'none')}"). The old, unwrapped syntax for fragment expressions will be removed in future versions of Thymeleaf.
2024-04-08T15:58:24.071-04:00  WARN 9907 --- [http-nio-8080-exec-2] actStandardFragmentInsertionTagProcessor : [THYMELEAF][http-nio-8080-exec-2][users/users] Deprecated unwrapped fragment expression "fragments :: column_link('/users', 'lastName', 'Last Name', 'none')" found in template users/users, line 41, col 10. Please use the complete syntax of fragment expressions instead ("~{fragments :: column_link('/users', 'lastName', 'Last Name', 'none')}"). The old, unwrapped syntax for fragment expressions will be removed in future versions of Thymeleaf.
2024-04-08T15:58:24.073-04:00  WARN 9907 --- [http-nio-8080-exec-2] actStandardFragmentInsertionTagProcessor : [THYMELEAF][http-nio-8080-exec-2][users/users] Deprecated unwrapped fragment expression "fragments :: column_link('/users', 'enabled', 'Enabled', 'none')" found in template users/users, line 44, col 10. Please use the complete syntax of fragment expressions instead ("~{fragments :: column_link('/users', 'enabled', 'Enabled', 'none')}"). The old, unwrapped syntax for fragment expressions will be removed in future versions of Thymeleaf.
2024-04-08T15:58:24.105-04:00  WARN 9907 --- [http-nio-8080-exec-2] actStandardFragmentInsertionTagProcessor : [THYMELEAF][http-nio-8080-exec-2][users/users] Deprecated unwrapped fragment expression "fragments :: pagination('/users', 'users')" found in template users/users, line 124, col 7. Please use the complete syntax of fragment expressions instead ("~{fragments :: pagination('/users', 'users')}"). The old, unwrapped syntax for fragment expressions will be removed in future versions of Thymeleaf.
2024-04-08T15:58:24.107-04:00  WARN 9907 --- [http-nio-8080-exec-2] actStandardFragmentInsertionTagProcessor : [THYMELEAF][http-nio-8080-exec-2][fragments] Deprecated unwrapped fragment expression "fragments :: page_link(${moduleURL}, 1, 'First')" found in template fragments, line 57, col 8. Please use the complete syntax of fragment expressions instead ("~{fragments :: page_link(${moduleURL}, 1, 'First')}"). The old, unwrapped syntax for fragment expressions will be removed in future versions of Thymeleaf.
2024-04-08T15:58:24.109-04:00  WARN 9907 --- [http-nio-8080-exec-2] actStandardFragmentInsertionTagProcessor : [THYMELEAF][http-nio-8080-exec-2][fragments] Deprecated unwrapped fragment expression "fragments :: page_link(${moduleURL}, ${currentPage - 1}, 'Previous')" found in template fragments, line 62, col 8. Please use the complete syntax of fragment expressions instead ("~{fragments :: page_link(${moduleURL}, ${currentPage - 1}, 'Previous')}"). The old, unwrapped syntax for fragment expressions will be removed in future versions of Thymeleaf.
2024-04-08T15:58:24.112-04:00  WARN 9907 --- [http-nio-8080-exec-2] actStandardFragmentInsertionTagProcessor : [THYMELEAF][http-nio-8080-exec-2][fragments] Deprecated unwrapped fragment expression "fragments :: page_link(${moduleURL}, ${i}, ${i})" found in template fragments, line 67, col 8. Please use the complete syntax of fragment expressions instead ("~{fragments :: page_link(${moduleURL}, ${i}, ${i})}"). The old, unwrapped syntax for fragment expressions will be removed in future versions of Thymeleaf.
2024-04-08T15:58:24.113-04:00  WARN 9907 --- [http-nio-8080-exec-2] actStandardFragmentInsertionTagProcessor : [THYMELEAF][http-nio-8080-exec-2][fragments] Deprecated unwrapped fragment expression "fragments :: page_link(${moduleURL}, ${i}, ${i})" found in template fragments, line 67, col 8. Please use the complete syntax of fragment expressions instead ("~{fragments :: page_link(${moduleURL}, ${i}, ${i})}"). The old, unwrapped syntax for fragment expressions will be removed in future versions of Thymeleaf.
2024-04-08T15:58:24.115-04:00  WARN 9907 --- [http-nio-8080-exec-2] actStandardFragmentInsertionTagProcessor : [THYMELEAF][http-nio-8080-exec-2][fragments] Deprecated unwrapped fragment expression "fragments :: page_link(${moduleURL}, ${i}, ${i})" found in template fragments, line 67, col 8. Please use the complete syntax of fragment expressions instead ("~{fragments :: page_link(${moduleURL}, ${i}, ${i})}"). The old, unwrapped syntax for fragment expressions will be removed in future versions of Thymeleaf.
2024-04-08T15:58:24.117-04:00  WARN 9907 --- [http-nio-8080-exec-2] actStandardFragmentInsertionTagProcessor : [THYMELEAF][http-nio-8080-exec-2][fragments] Deprecated unwrapped fragment expression "fragments :: page_link(${moduleURL}, ${i}, ${i})" found in template fragments, line 67, col 8. Please use the complete syntax of fragment expressions instead ("~{fragments :: page_link(${moduleURL}, ${i}, ${i})}"). The old, unwrapped syntax for fragment expressions will be removed in future versions of Thymeleaf.
2024-04-08T15:58:24.118-04:00  WARN 9907 --- [http-nio-8080-exec-2] actStandardFragmentInsertionTagProcessor : [THYMELEAF][http-nio-8080-exec-2][fragments] Deprecated unwrapped fragment expression "fragments :: page_link(${moduleURL}, ${i}, ${i})" found in template fragments, line 67, col 8. Please use the complete syntax of fragment expressions instead ("~{fragments :: page_link(${moduleURL}, ${i}, ${i})}"). The old, unwrapped syntax for fragment expressions will be removed in future versions of Thymeleaf.
2024-04-08T15:58:24.120-04:00  WARN 9907 --- [http-nio-8080-exec-2] actStandardFragmentInsertionTagProcessor : [THYMELEAF][http-nio-8080-exec-2][fragments] Deprecated unwrapped fragment expression "fragments :: page_link(${moduleURL}, ${i}, ${i})" found in template fragments, line 67, col 8. Please use the complete syntax of fragment expressions instead ("~{fragments :: page_link(${moduleURL}, ${i}, ${i})}"). The old, unwrapped syntax for fragment expressions will be removed in future versions of Thymeleaf.
2024-04-08T15:58:24.122-04:00  WARN 9907 --- [http-nio-8080-exec-2] actStandardFragmentInsertionTagProcessor : [THYMELEAF][http-nio-8080-exec-2][fragments] Deprecated unwrapped fragment expression "fragments :: page_link(${moduleURL}, ${currentPage + 1}, 'Next')" found in template fragments, line 71, col 8. Please use the complete syntax of fragment expressions instead ("~{fragments :: page_link(${moduleURL}, ${currentPage + 1}, 'Next')}"). The old, unwrapped syntax for fragment expressions will be removed in future versions of Thymeleaf.
2024-04-08T15:58:24.124-04:00  WARN 9907 --- [http-nio-8080-exec-2] actStandardFragmentInsertionTagProcessor : [THYMELEAF][http-nio-8080-exec-2][fragments] Deprecated unwrapped fragment expression "fragments :: page_link(${moduleURL}, ${totalPages}, 'Last')" found in template fragments, line 75, col 8. Please use the complete syntax of fragment expressions instead ("~{fragments :: page_link(${moduleURL}, ${totalPages}, 'Last')}"). The old, unwrapped syntax for fragment expressions will be removed in future versions of Thymeleaf.
2024-04-08T15:58:24.125-04:00  WARN 9907 --- [http-nio-8080-exec-2] actStandardFragmentInsertionTagProcessor : [THYMELEAF][http-nio-8080-exec-2][users/users] Deprecated unwrapped fragment expression "fragments :: footer" found in template users/users, line 149, col 7. Please use the complete syntax of fragment expressions instead ("~{fragments :: footer}"). The old, unwrapped syntax for fragment expressions will be removed in future versions of Thymeleaf.
2024-04-08T15:59:21.917-04:00  WARN 9907 --- [http-nio-8080-exec-7] actStandardFragmentInsertionTagProcessor : [THYMELEAF][http-nio-8080-exec-7][index] Deprecated unwrapped fragment expression "fragments :: page_head('Home - Shopme Admin')" found in template index, line 4, col 7. Please use the complete syntax of fragment expressions instead ("~{fragments :: page_head('Home - Shopme Admin')}"). The old, unwrapped syntax for fragment expressions will be removed in future versions of Thymeleaf.
2024-04-08T15:59:21.920-04:00  WARN 9907 --- [http-nio-8080-exec-7] actStandardFragmentInsertionTagProcessor : [THYMELEAF][http-nio-8080-exec-7][index] Deprecated unwrapped fragment expression "navigation :: menu" found in template index, line 8, col 7. Please use the complete syntax of fragment expressions instead ("~{navigation :: menu}"). The old, unwrapped syntax for fragment expressions will be removed in future versions of Thymeleaf.
2024-04-08T15:59:21.927-04:00  WARN 9907 --- [http-nio-8080-exec-7] actStandardFragmentInsertionTagProcessor : [THYMELEAF][http-nio-8080-exec-7][index] Deprecated unwrapped fragment expression "fragments :: footer" found in template index, line 17, col 7. Please use the complete syntax of fragment expressions instead ("~{fragments :: footer}"). The old, unwrapped syntax for fragment expressions will be removed in future versions of Thymeleaf.
2024-04-08T15:59:31.952-04:00  WARN 9907 --- [http-nio-8080-exec-4] actStandardFragmentInsertionTagProcessor : [THYMELEAF][http-nio-8080-exec-4][index] Deprecated unwrapped fragment expression "fragments :: page_head('Home - Shopme Admin')" found in template index, line 4, col 7. Please use the complete syntax of fragment expressions instead ("~{fragments :: page_head('Home - Shopme Admin')}"). The old, unwrapped syntax for fragment expressions will be removed in future versions of Thymeleaf.
2024-04-08T15:59:31.966-04:00  WARN 9907 --- [http-nio-8080-exec-4] actStandardFragmentInsertionTagProcessor : [THYMELEAF][http-nio-8080-exec-4][index] Deprecated unwrapped fragment expression "navigation :: menu" found in template index, line 8, col 7. Please use the complete syntax of fragment expressions instead ("~{navigation :: menu}"). The old, unwrapped syntax for fragment expressions will be removed in future versions of Thymeleaf.
2024-04-08T15:59:31.976-04:00  WARN 9907 --- [http-nio-8080-exec-4] actStandardFragmentInsertionTagProcessor : [THYMELEAF][http-nio-8080-exec-4][index] Deprecated unwrapped fragment expression "fragments :: footer" found in template index, line 17, col 7. Please use the complete syntax of fragment expressions instead ("~{fragments :: footer}"). The old, unwrapped syntax for fragment expressions will be removed in future versions of Thymeleaf.
2024-04-08T15:59:35.238-04:00  WARN 9907 --- [http-nio-8080-exec-5] actStandardFragmentInsertionTagProcessor : [THYMELEAF][http-nio-8080-exec-5][error/403] Deprecated unwrapped fragment expression "fragments :: page_head('Error - Shopme Admin')" found in template error/403, line 4, col 7. Please use the complete syntax of fragment expressions instead ("~{fragments :: page_head('Error - Shopme Admin')}"). The old, unwrapped syntax for fragment expressions will be removed in future versions of Thymeleaf.
2024-04-08T15:59:35.242-04:00  WARN 9907 --- [http-nio-8080-exec-5] actStandardFragmentInsertionTagProcessor : [THYMELEAF][http-nio-8080-exec-5][error/403] Deprecated unwrapped fragment expression "navigation :: menu" found in template error/403, line 8, col 8. Please use the complete syntax of fragment expressions instead ("~{navigation :: menu}"). The old, unwrapped syntax for fragment expressions will be removed in future versions of Thymeleaf.
2024-04-08T15:59:35.248-04:00  WARN 9907 --- [http-nio-8080-exec-5] actStandardFragmentInsertionTagProcessor : [THYMELEAF][http-nio-8080-exec-5][error/403] Deprecated unwrapped fragment expression "fragments :: footer" found in template error/403, line 14, col 8. Please use the complete syntax of fragment expressions instead ("~{fragments :: footer}"). The old, unwrapped syntax for fragment expressions will be removed in future versions of Thymeleaf.
2024-04-08T16:00:16.292-04:00  INFO 9907 --- [RMI TCP Connection(73)-127.0.0.1] inMXBeanRegistrar$SpringApplicationAdmin : Application shutdown requested.
2024-04-08T16:00:16.300-04:00  INFO 9907 --- [RMI TCP Connection(73)-127.0.0.1] j.LocalContainerEntityManagerFactoryBean : Closing JPA EntityManagerFactory for persistence unit 'default'
2024-04-08T16:00:16.301-04:00  INFO 9907 --- [RMI TCP Connection(73)-127.0.0.1] com.zaxxer.hikari.HikariDataSource       : HikariPool-2 - Shutdown initiated...
2024-04-08T16:00:16.307-04:00  INFO 9907 --- [RMI TCP Connection(73)-127.0.0.1] com.zaxxer.hikari.HikariDataSource       : HikariPool-2 - Shutdown completed.
