2024-03-19T21:42:10.873-04:00  INFO 49698 --- [restartedMain] c.shopme.admin.ShopmeBackEndApplication  : Starting ShopmeBackEndApplication using Java 17.0.8.1 with PID 49698 (/Users/jinxu/Documents/ShopmeEcommerce/ShopmeProject/ShopmeWebParent/ShopmeBackEnd/target/classes started by jinxu in /Users/jinxu/Documents/ShopmeEcommerce/ShopmeProject/ShopmeWebParent/ShopmeBackEnd)
2024-03-19T21:42:10.876-04:00  INFO 49698 --- [restartedMain] c.shopme.admin.ShopmeBackEndApplication  : No active profile set, falling back to 1 default profile: "default"
2024-03-19T21:42:10.927-04:00  INFO 49698 --- [restartedMain] .e.DevToolsPropertyDefaultsPostProcessor : Devtools property defaults active! Set 'spring.devtools.add-properties' to 'false' to disable
2024-03-19T21:42:10.927-04:00  INFO 49698 --- [restartedMain] .e.DevToolsPropertyDefaultsPostProcessor : For additional web related logging consider setting the 'logging.level.web' property to 'DEBUG'
2024-03-19T21:42:11.571-04:00  INFO 49698 --- [restartedMain] .s.d.r.c.RepositoryConfigurationDelegate : Bootstrapping Spring Data JPA repositories in DEFAULT mode.
2024-03-19T21:42:11.643-04:00  INFO 49698 --- [restartedMain] .s.d.r.c.RepositoryConfigurationDelegate : Finished Spring Data repository scanning in 59 ms. Found 3 JPA repository interfaces.
2024-03-19T21:42:12.336-04:00  INFO 49698 --- [restartedMain] o.s.b.w.embedded.tomcat.TomcatWebServer  : Tomcat initialized with port 8080 (http)
2024-03-19T21:42:12.347-04:00  INFO 49698 --- [restartedMain] o.apache.catalina.core.StandardService   : Starting service [Tomcat]
2024-03-19T21:42:12.347-04:00  INFO 49698 --- [restartedMain] o.apache.catalina.core.StandardEngine    : Starting Servlet engine: [Apache Tomcat/10.1.16]
2024-03-19T21:42:12.397-04:00  INFO 49698 --- [restartedMain] o.a.c.c.C.[.[localhost].[/ShopmeAdmin]   : Initializing Spring embedded WebApplicationContext
2024-03-19T21:42:12.397-04:00  INFO 49698 --- [restartedMain] w.s.c.ServletWebServerApplicationContext : Root WebApplicationContext: initialization completed in 1469 ms
2024-03-19T21:42:12.482-04:00  WARN 49698 --- [restartedMain] o.a.c.c.C.[.[localhost].[/ShopmeAdmin]   : Cannot deserialize session attribute [SPRING_SECURITY_CONTEXT] for session [88AFF137A5521191F6638B1ABDDAEBE6]
2024-03-19T21:42:12.641-04:00  INFO 49698 --- [restartedMain] o.hibernate.jpa.internal.util.LogHelper  : HHH000204: Processing PersistenceUnitInfo [name: default]
2024-03-19T21:42:12.716-04:00  INFO 49698 --- [restartedMain] org.hibernate.Version                    : HHH000412: Hibernate ORM core version 6.3.1.Final
2024-03-19T21:42:12.759-04:00  INFO 49698 --- [restartedMain] o.h.c.internal.RegionFactoryInitiator    : HHH000026: Second-level cache disabled
2024-03-19T21:42:13.062-04:00  INFO 49698 --- [restartedMain] o.s.o.j.p.SpringPersistenceUnitInfo      : No LoadTimeWeaver setup: ignoring JPA class transformer
2024-03-19T21:42:13.094-04:00  INFO 49698 --- [restartedMain] com.zaxxer.hikari.HikariDataSource       : HikariPool-1 - Starting...
2024-03-19T21:42:13.098-04:00  WARN 49698 --- [restartedMain] c.zaxxer.hikari.util.DriverDataSource    : Registered driver with driverClassName=com.mysql.jdbc.Driver was not found, trying direct instantiation.
2024-03-19T21:42:13.409-04:00  INFO 49698 --- [restartedMain] com.zaxxer.hikari.pool.HikariPool        : HikariPool-1 - Added connection com.mysql.cj.jdbc.ConnectionImpl@3256b163
2024-03-19T21:42:13.411-04:00  INFO 49698 --- [restartedMain] com.zaxxer.hikari.HikariDataSource       : HikariPool-1 - Start completed.
2024-03-19T21:42:13.466-04:00  WARN 49698 --- [restartedMain] org.hibernate.orm.deprecation            : HHH90000025: MySQL8Dialect does not need to be specified explicitly using 'hibernate.dialect' (remove the property setting and it will be selected by default)
2024-03-19T21:42:13.467-04:00  WARN 49698 --- [restartedMain] org.hibernate.orm.deprecation            : HHH90000026: MySQL8Dialect has been deprecated; use org.hibernate.dialect.MySQLDialect instead
2024-03-19T21:42:14.492-04:00  INFO 49698 --- [restartedMain] o.h.e.t.j.p.i.JtaPlatformInitiator       : HHH000489: No JTA platform available (set 'hibernate.transaction.jta.platform' to enable JTA platform integration)
2024-03-19T21:42:14.583-04:00  INFO 49698 --- [restartedMain] j.LocalContainerEntityManagerFactoryBean : Initialized JPA EntityManagerFactory for persistence unit 'default'
2024-03-19T21:42:14.855-04:00  INFO 49698 --- [restartedMain] o.s.d.j.r.query.QueryEnhancerFactory     : Hibernate is in classpath; If applicable, HQL parser will be used.
2024-03-19T21:42:15.508-04:00  WARN 49698 --- [restartedMain] JpaBaseConfiguration$JpaWebConfiguration : spring.jpa.open-in-view is enabled by default. Therefore, database queries may be performed during view rendering. Explicitly configure spring.jpa.open-in-view to disable this warning
2024-03-19T21:42:15.634-04:00  INFO 49698 --- [restartedMain] o.s.b.a.w.s.WelcomePageHandlerMapping    : Adding welcome page template: index
2024-03-19T21:42:16.107-04:00  INFO 49698 --- [restartedMain] o.s.s.web.DefaultSecurityFilterChain     : Will secure any request with [org.springframework.security.web.session.DisableEncodeUrlFilter@20beda6e, org.springframework.security.web.context.request.async.WebAsyncManagerIntegrationFilter@1e400e3f, org.springframework.security.web.context.SecurityContextHolderFilter@18cfa3d2, org.springframework.security.web.header.HeaderWriterFilter@22be4c29, org.springframework.web.filter.CorsFilter@677b3dfc, org.springframework.security.web.csrf.CsrfFilter@45abbf71, org.springframework.security.web.authentication.logout.LogoutFilter@7730760d, org.springframework.security.web.authentication.UsernamePasswordAuthenticationFilter@6a9633d4, org.springframework.security.web.savedrequest.RequestCacheAwareFilter@73dc1f95, org.springframework.security.web.servletapi.SecurityContextHolderAwareRequestFilter@2210e55e, org.springframework.security.web.authentication.rememberme.RememberMeAuthenticationFilter@50153af9, org.springframework.security.web.authentication.AnonymousAuthenticationFilter@4973907d, org.springframework.security.web.access.ExceptionTranslationFilter@5672724c, org.springframework.security.web.access.intercept.AuthorizationFilter@61d3c395]
2024-03-19T21:42:16.345-04:00  WARN 49698 --- [restartedMain] o.s.s.c.a.web.builders.WebSecurity       : You are asking Spring Security to ignore Mvc [pattern='/images/**']. This is not recommended -- please use permitAll via HttpSecurity#authorizeHttpRequests instead.
2024-03-19T21:42:16.345-04:00  INFO 49698 --- [restartedMain] o.s.s.web.DefaultSecurityFilterChain     : Will not secure Mvc [pattern='/images/**']
2024-03-19T21:42:16.345-04:00  WARN 49698 --- [restartedMain] o.s.s.c.a.web.builders.WebSecurity       : You are asking Spring Security to ignore Mvc [pattern='/js/**']. This is not recommended -- please use permitAll via HttpSecurity#authorizeHttpRequests instead.
2024-03-19T21:42:16.345-04:00  INFO 49698 --- [restartedMain] o.s.s.web.DefaultSecurityFilterChain     : Will not secure Mvc [pattern='/js/**']
2024-03-19T21:42:16.345-04:00  WARN 49698 --- [restartedMain] o.s.s.c.a.web.builders.WebSecurity       : You are asking Spring Security to ignore Mvc [pattern='/webjars/**']. This is not recommended -- please use permitAll via HttpSecurity#authorizeHttpRequests instead.
2024-03-19T21:42:16.345-04:00  INFO 49698 --- [restartedMain] o.s.s.web.DefaultSecurityFilterChain     : Will not secure Mvc [pattern='/webjars/**']
2024-03-19T21:42:16.388-04:00  INFO 49698 --- [restartedMain] o.s.b.d.a.OptionalLiveReloadServer       : LiveReload server is running on port 35729
2024-03-19T21:42:16.431-04:00  INFO 49698 --- [restartedMain] o.s.b.w.embedded.tomcat.TomcatWebServer  : Tomcat started on port 8080 (http) with context path '/ShopmeAdmin'
2024-03-19T21:42:16.443-04:00  INFO 49698 --- [restartedMain] c.shopme.admin.ShopmeBackEndApplication  : Started ShopmeBackEndApplication in 5.978 seconds (process running for 6.924)
2024-03-19T21:42:33.293-04:00  INFO 49698 --- [http-nio-8080-exec-1] o.a.c.c.C.[.[localhost].[/ShopmeAdmin]   : Initializing Spring DispatcherServlet 'dispatcherServlet'
2024-03-19T21:42:33.295-04:00  INFO 49698 --- [http-nio-8080-exec-1] o.s.web.servlet.DispatcherServlet        : Initializing Servlet 'dispatcherServlet'
2024-03-19T21:42:33.299-04:00  INFO 49698 --- [http-nio-8080-exec-1] o.s.web.servlet.DispatcherServlet        : Completed initialization in 3 ms
2024-03-19T21:42:33.322-04:00  WARN 49698 --- [http-nio-8080-exec-1] o.s.w.s.h.HandlerMappingIntrospector     : Cache miss for REQUEST dispatch to '/ShopmeAdmin/' (previous null). Performing MatchableHandlerMapping lookup. This is logged once only at WARN level, and every time at TRACE.
2024-03-19T21:42:33.391-04:00  WARN 49698 --- [http-nio-8080-exec-1] o.s.w.s.h.HandlerMappingIntrospector     : Cache miss for REQUEST dispatch to '/ShopmeAdmin/' (previous null). Performing CorsConfiguration lookup. This is logged once only at WARN level, and every time at TRACE.
2024-03-19T21:42:33.903-04:00  WARN 49698 --- [http-nio-8080-exec-1] actStandardFragmentInsertionTagProcessor : [THYMELEAF][http-nio-8080-exec-1][index] Deprecated unwrapped fragment expression "fragments :: page_head('Home - Shopme Admin')" found in template index, line 4, col 7. Please use the complete syntax of fragment expressions instead ("~{fragments :: page_head('Home - Shopme Admin')}"). The old, unwrapped syntax for fragment expressions will be removed in future versions of Thymeleaf.
2024-03-19T21:42:34.009-04:00  WARN 49698 --- [http-nio-8080-exec-1] actStandardFragmentInsertionTagProcessor : [THYMELEAF][http-nio-8080-exec-1][index] Deprecated unwrapped fragment expression "navigation :: menu" found in template index, line 8, col 7. Please use the complete syntax of fragment expressions instead ("~{navigation :: menu}"). The old, unwrapped syntax for fragment expressions will be removed in future versions of Thymeleaf.
2024-03-19T21:42:34.047-04:00  WARN 49698 --- [http-nio-8080-exec-1] actStandardFragmentInsertionTagProcessor : [THYMELEAF][http-nio-8080-exec-1][index] Deprecated unwrapped fragment expression "fragments :: footer" found in template index, line 17, col 7. Please use the complete syntax of fragment expressions instead ("~{fragments :: footer}"). The old, unwrapped syntax for fragment expressions will be removed in future versions of Thymeleaf.
2024-03-19T21:42:36.414-04:00  WARN 49698 --- [http-nio-8080-exec-10] actStandardFragmentInsertionTagProcessor : [THYMELEAF][http-nio-8080-exec-10][categories/categories] Deprecated unwrapped fragment expression "fragments :: page_head('Categories - Shopme Admin')" found in template categories/categories, line 3, col 7. Please use the complete syntax of fragment expressions instead ("~{fragments :: page_head('Categories - Shopme Admin')}"). The old, unwrapped syntax for fragment expressions will be removed in future versions of Thymeleaf.
2024-03-19T21:42:36.419-04:00  WARN 49698 --- [http-nio-8080-exec-10] actStandardFragmentInsertionTagProcessor : [THYMELEAF][http-nio-8080-exec-10][categories/categories] Deprecated unwrapped fragment expression "navigation :: menu" found in template categories/categories, line 7, col 7. Please use the complete syntax of fragment expressions instead ("~{navigation :: menu}"). The old, unwrapped syntax for fragment expressions will be removed in future versions of Thymeleaf.
2024-03-19T21:42:36.462-04:00  WARN 49698 --- [http-nio-8080-exec-10] actStandardFragmentInsertionTagProcessor : [THYMELEAF][http-nio-8080-exec-10][categories/categories] Deprecated unwrapped fragment expression "fragments :: footer" found in template categories/categories, line 93, col 7. Please use the complete syntax of fragment expressions instead ("~{fragments :: footer}"). The old, unwrapped syntax for fragment expressions will be removed in future versions of Thymeleaf.
2024-03-19T21:42:50.878-04:00  WARN 49698 --- [http-nio-8080-exec-9] actStandardFragmentInsertionTagProcessor : [THYMELEAF][http-nio-8080-exec-9][categories/categories] Deprecated unwrapped fragment expression "fragments :: page_head('Categories - Shopme Admin')" found in template categories/categories, line 3, col 7. Please use the complete syntax of fragment expressions instead ("~{fragments :: page_head('Categories - Shopme Admin')}"). The old, unwrapped syntax for fragment expressions will be removed in future versions of Thymeleaf.
2024-03-19T21:42:50.885-04:00  WARN 49698 --- [http-nio-8080-exec-9] actStandardFragmentInsertionTagProcessor : [THYMELEAF][http-nio-8080-exec-9][categories/categories] Deprecated unwrapped fragment expression "navigation :: menu" found in template categories/categories, line 7, col 7. Please use the complete syntax of fragment expressions instead ("~{navigation :: menu}"). The old, unwrapped syntax for fragment expressions will be removed in future versions of Thymeleaf.
2024-03-19T21:42:50.923-04:00  WARN 49698 --- [http-nio-8080-exec-9] actStandardFragmentInsertionTagProcessor : [THYMELEAF][http-nio-8080-exec-9][categories/categories] Deprecated unwrapped fragment expression "fragments :: footer" found in template categories/categories, line 93, col 7. Please use the complete syntax of fragment expressions instead ("~{fragments :: footer}"). The old, unwrapped syntax for fragment expressions will be removed in future versions of Thymeleaf.
2024-03-19T21:42:52.596-04:00  WARN 49698 --- [http-nio-8080-exec-4] actStandardFragmentInsertionTagProcessor : [THYMELEAF][http-nio-8080-exec-4][categories/categories] Deprecated unwrapped fragment expression "fragments :: page_head('Categories - Shopme Admin')" found in template categories/categories, line 3, col 7. Please use the complete syntax of fragment expressions instead ("~{fragments :: page_head('Categories - Shopme Admin')}"). The old, unwrapped syntax for fragment expressions will be removed in future versions of Thymeleaf.
2024-03-19T21:42:52.602-04:00  WARN 49698 --- [http-nio-8080-exec-4] actStandardFragmentInsertionTagProcessor : [THYMELEAF][http-nio-8080-exec-4][categories/categories] Deprecated unwrapped fragment expression "navigation :: menu" found in template categories/categories, line 7, col 7. Please use the complete syntax of fragment expressions instead ("~{navigation :: menu}"). The old, unwrapped syntax for fragment expressions will be removed in future versions of Thymeleaf.
2024-03-19T21:42:52.632-04:00  WARN 49698 --- [http-nio-8080-exec-4] actStandardFragmentInsertionTagProcessor : [THYMELEAF][http-nio-8080-exec-4][categories/categories] Deprecated unwrapped fragment expression "fragments :: footer" found in template categories/categories, line 93, col 7. Please use the complete syntax of fragment expressions instead ("~{fragments :: footer}"). The old, unwrapped syntax for fragment expressions will be removed in future versions of Thymeleaf.
2024-03-19T21:43:12.818-04:00  WARN 49698 --- [http-nio-8080-exec-5] actStandardFragmentInsertionTagProcessor : [THYMELEAF][http-nio-8080-exec-5][categories/category_form] Deprecated unwrapped fragment expression "fragments :: page_head(${pageTitle})" found in template categories/category_form, line 3, col 7. Please use the complete syntax of fragment expressions instead ("~{fragments :: page_head(${pageTitle})}"). The old, unwrapped syntax for fragment expressions will be removed in future versions of Thymeleaf.
2024-03-19T21:43:12.823-04:00  WARN 49698 --- [http-nio-8080-exec-5] actStandardFragmentInsertionTagProcessor : [THYMELEAF][http-nio-8080-exec-5][categories/category_form] Deprecated unwrapped fragment expression "navigation :: menu" found in template categories/category_form, line 7, col 7. Please use the complete syntax of fragment expressions instead ("~{navigation :: menu}"). The old, unwrapped syntax for fragment expressions will be removed in future versions of Thymeleaf.
2024-03-19T21:43:12.865-04:00  WARN 49698 --- [http-nio-8080-exec-5] actStandardFragmentInsertionTagProcessor : [THYMELEAF][http-nio-8080-exec-5][categories/category_form] Deprecated unwrapped fragment expression "modal_fragments :: modal_dialog" found in template categories/category_form, line 83, col 7. Please use the complete syntax of fragment expressions instead ("~{modal_fragments :: modal_dialog}"). The old, unwrapped syntax for fragment expressions will be removed in future versions of Thymeleaf.
2024-03-19T21:43:12.867-04:00  WARN 49698 --- [http-nio-8080-exec-5] actStandardFragmentInsertionTagProcessor : [THYMELEAF][http-nio-8080-exec-5][categories/category_form] Deprecated unwrapped fragment expression "fragments :: footer" found in template categories/category_form, line 85, col 7. Please use the complete syntax of fragment expressions instead ("~{fragments :: footer}"). The old, unwrapped syntax for fragment expressions will be removed in future versions of Thymeleaf.
2024-03-19T21:47:47.948-04:00  WARN 49698 --- [http-nio-8080-exec-3] actStandardFragmentInsertionTagProcessor : [THYMELEAF][http-nio-8080-exec-3][index] Deprecated unwrapped fragment expression "fragments :: page_head('Home - Shopme Admin')" found in template index, line 4, col 7. Please use the complete syntax of fragment expressions instead ("~{fragments :: page_head('Home - Shopme Admin')}"). The old, unwrapped syntax for fragment expressions will be removed in future versions of Thymeleaf.
2024-03-19T21:47:47.956-04:00  WARN 49698 --- [http-nio-8080-exec-3] actStandardFragmentInsertionTagProcessor : [THYMELEAF][http-nio-8080-exec-3][index] Deprecated unwrapped fragment expression "navigation :: menu" found in template index, line 8, col 7. Please use the complete syntax of fragment expressions instead ("~{navigation :: menu}"). The old, unwrapped syntax for fragment expressions will be removed in future versions of Thymeleaf.
2024-03-19T21:47:47.980-04:00  WARN 49698 --- [http-nio-8080-exec-3] actStandardFragmentInsertionTagProcessor : [THYMELEAF][http-nio-8080-exec-3][index] Deprecated unwrapped fragment expression "fragments :: footer" found in template index, line 17, col 7. Please use the complete syntax of fragment expressions instead ("~{fragments :: footer}"). The old, unwrapped syntax for fragment expressions will be removed in future versions of Thymeleaf.
2024-03-19T21:47:48.677-04:00  WARN 49698 --- [http-nio-8080-exec-8] actStandardFragmentInsertionTagProcessor : [THYMELEAF][http-nio-8080-exec-8][index] Deprecated unwrapped fragment expression "fragments :: page_head('Home - Shopme Admin')" found in template index, line 4, col 7. Please use the complete syntax of fragment expressions instead ("~{fragments :: page_head('Home - Shopme Admin')}"). The old, unwrapped syntax for fragment expressions will be removed in future versions of Thymeleaf.
2024-03-19T21:47:48.683-04:00  WARN 49698 --- [http-nio-8080-exec-8] actStandardFragmentInsertionTagProcessor : [THYMELEAF][http-nio-8080-exec-8][index] Deprecated unwrapped fragment expression "navigation :: menu" found in template index, line 8, col 7. Please use the complete syntax of fragment expressions instead ("~{navigation :: menu}"). The old, unwrapped syntax for fragment expressions will be removed in future versions of Thymeleaf.
2024-03-19T21:47:48.696-04:00  WARN 49698 --- [http-nio-8080-exec-8] actStandardFragmentInsertionTagProcessor : [THYMELEAF][http-nio-8080-exec-8][index] Deprecated unwrapped fragment expression "fragments :: footer" found in template index, line 17, col 7. Please use the complete syntax of fragment expressions instead ("~{fragments :: footer}"). The old, unwrapped syntax for fragment expressions will be removed in future versions of Thymeleaf.
2024-03-19T21:47:50.406-04:00  WARN 49698 --- [http-nio-8080-exec-4] actStandardFragmentInsertionTagProcessor : [THYMELEAF][http-nio-8080-exec-4][categories/categories] Deprecated unwrapped fragment expression "fragments :: page_head('Categories - Shopme Admin')" found in template categories/categories, line 3, col 7. Please use the complete syntax of fragment expressions instead ("~{fragments :: page_head('Categories - Shopme Admin')}"). The old, unwrapped syntax for fragment expressions will be removed in future versions of Thymeleaf.
2024-03-19T21:47:50.409-04:00  WARN 49698 --- [http-nio-8080-exec-4] actStandardFragmentInsertionTagProcessor : [THYMELEAF][http-nio-8080-exec-4][categories/categories] Deprecated unwrapped fragment expression "navigation :: menu" found in template categories/categories, line 7, col 7. Please use the complete syntax of fragment expressions instead ("~{navigation :: menu}"). The old, unwrapped syntax for fragment expressions will be removed in future versions of Thymeleaf.
2024-03-19T21:47:50.441-04:00  WARN 49698 --- [http-nio-8080-exec-4] actStandardFragmentInsertionTagProcessor : [THYMELEAF][http-nio-8080-exec-4][categories/categories] Deprecated unwrapped fragment expression "fragments :: footer" found in template categories/categories, line 93, col 7. Please use the complete syntax of fragment expressions instead ("~{fragments :: footer}"). The old, unwrapped syntax for fragment expressions will be removed in future versions of Thymeleaf.
2024-03-19T21:47:51.884-04:00  WARN 49698 --- [http-nio-8080-exec-1] actStandardFragmentInsertionTagProcessor : [THYMELEAF][http-nio-8080-exec-1][categories/categories] Deprecated unwrapped fragment expression "fragments :: page_head('Categories - Shopme Admin')" found in template categories/categories, line 3, col 7. Please use the complete syntax of fragment expressions instead ("~{fragments :: page_head('Categories - Shopme Admin')}"). The old, unwrapped syntax for fragment expressions will be removed in future versions of Thymeleaf.
2024-03-19T21:47:51.889-04:00  WARN 49698 --- [http-nio-8080-exec-1] actStandardFragmentInsertionTagProcessor : [THYMELEAF][http-nio-8080-exec-1][categories/categories] Deprecated unwrapped fragment expression "navigation :: menu" found in template categories/categories, line 7, col 7. Please use the complete syntax of fragment expressions instead ("~{navigation :: menu}"). The old, unwrapped syntax for fragment expressions will be removed in future versions of Thymeleaf.
2024-03-19T21:47:51.918-04:00  WARN 49698 --- [http-nio-8080-exec-1] actStandardFragmentInsertionTagProcessor : [THYMELEAF][http-nio-8080-exec-1][categories/categories] Deprecated unwrapped fragment expression "fragments :: footer" found in template categories/categories, line 93, col 7. Please use the complete syntax of fragment expressions instead ("~{fragments :: footer}"). The old, unwrapped syntax for fragment expressions will be removed in future versions of Thymeleaf.
2024-03-19T21:50:19.539-04:00  INFO 49698 --- [File Watcher] rtingClassPathChangeChangedEventListener : Restarting due to 3 class path changes (0 additions, 0 deletions, 3 modifications)
2024-03-19T21:50:19.558-04:00  INFO 49698 --- [Thread-5] j.LocalContainerEntityManagerFactoryBean : Closing JPA EntityManagerFactory for persistence unit 'default'
2024-03-19T21:50:19.563-04:00  INFO 49698 --- [Thread-5] com.zaxxer.hikari.HikariDataSource       : HikariPool-1 - Shutdown initiated...
2024-03-19T21:50:19.571-04:00  INFO 49698 --- [Thread-5] com.zaxxer.hikari.HikariDataSource       : HikariPool-1 - Shutdown completed.
2024-03-19T21:50:19.659-04:00  INFO 49698 --- [restartedMain] c.shopme.admin.ShopmeBackEndApplication  : Starting ShopmeBackEndApplication using Java 17.0.8.1 with PID 49698 (/Users/jinxu/Documents/ShopmeEcommerce/ShopmeProject/ShopmeWebParent/ShopmeBackEnd/target/classes started by jinxu in /Users/jinxu/Documents/ShopmeEcommerce/ShopmeProject/ShopmeWebParent/ShopmeBackEnd)
2024-03-19T21:50:19.659-04:00  INFO 49698 --- [restartedMain] c.shopme.admin.ShopmeBackEndApplication  : No active profile set, falling back to 1 default profile: "default"
2024-03-19T21:50:19.827-04:00  INFO 49698 --- [restartedMain] .s.d.r.c.RepositoryConfigurationDelegate : Bootstrapping Spring Data JPA repositories in DEFAULT mode.
2024-03-19T21:50:19.836-04:00  INFO 49698 --- [restartedMain] .s.d.r.c.RepositoryConfigurationDelegate : Finished Spring Data repository scanning in 8 ms. Found 3 JPA repository interfaces.
2024-03-19T21:50:19.948-04:00  INFO 49698 --- [restartedMain] o.s.b.w.embedded.tomcat.TomcatWebServer  : Tomcat initialized with port 8080 (http)
2024-03-19T21:50:19.949-04:00  INFO 49698 --- [restartedMain] o.apache.catalina.core.StandardService   : Starting service [Tomcat]
2024-03-19T21:50:19.949-04:00  INFO 49698 --- [restartedMain] o.apache.catalina.core.StandardEngine    : Starting Servlet engine: [Apache Tomcat/10.1.16]
2024-03-19T21:50:19.960-04:00  INFO 49698 --- [restartedMain] o.a.c.c.C.[.[localhost].[/ShopmeAdmin]   : Initializing Spring embedded WebApplicationContext
2024-03-19T21:50:19.960-04:00  INFO 49698 --- [restartedMain] w.s.c.ServletWebServerApplicationContext : Root WebApplicationContext: initialization completed in 298 ms
2024-03-19T21:50:19.980-04:00  WARN 49698 --- [restartedMain] o.a.c.c.C.[.[localhost].[/ShopmeAdmin]   : Cannot deserialize session attribute [SPRING_SECURITY_CONTEXT] for session [4B2BCC8BFB3CD931CFF4D32BCAF9A457]
2024-03-19T21:50:20.014-04:00  INFO 49698 --- [restartedMain] o.hibernate.jpa.internal.util.LogHelper  : HHH000204: Processing PersistenceUnitInfo [name: default]
2024-03-19T21:50:20.016-04:00  INFO 49698 --- [restartedMain] o.h.c.internal.RegionFactoryInitiator    : HHH000026: Second-level cache disabled
2024-03-19T21:50:20.019-04:00  INFO 49698 --- [restartedMain] o.s.o.j.p.SpringPersistenceUnitInfo      : No LoadTimeWeaver setup: ignoring JPA class transformer
2024-03-19T21:50:20.020-04:00  INFO 49698 --- [restartedMain] com.zaxxer.hikari.HikariDataSource       : HikariPool-2 - Starting...
2024-03-19T21:50:20.020-04:00  WARN 49698 --- [restartedMain] c.zaxxer.hikari.util.DriverDataSource    : Registered driver with driverClassName=com.mysql.jdbc.Driver was not found, trying direct instantiation.
2024-03-19T21:50:20.035-04:00  INFO 49698 --- [restartedMain] com.zaxxer.hikari.pool.HikariPool        : HikariPool-2 - Added connection com.mysql.cj.jdbc.ConnectionImpl@56d5a197
2024-03-19T21:50:20.035-04:00  INFO 49698 --- [restartedMain] com.zaxxer.hikari.HikariDataSource       : HikariPool-2 - Start completed.
2024-03-19T21:50:20.035-04:00  WARN 49698 --- [restartedMain] org.hibernate.orm.deprecation            : HHH90000025: MySQL8Dialect does not need to be specified explicitly using 'hibernate.dialect' (remove the property setting and it will be selected by default)
2024-03-19T21:50:20.035-04:00  WARN 49698 --- [restartedMain] org.hibernate.orm.deprecation            : HHH90000026: MySQL8Dialect has been deprecated; use org.hibernate.dialect.MySQLDialect instead
2024-03-19T21:50:20.087-04:00  INFO 49698 --- [restartedMain] o.h.e.t.j.p.i.JtaPlatformInitiator       : HHH000489: No JTA platform available (set 'hibernate.transaction.jta.platform' to enable JTA platform integration)
2024-03-19T21:50:20.135-04:00  INFO 49698 --- [restartedMain] j.LocalContainerEntityManagerFactoryBean : Initialized JPA EntityManagerFactory for persistence unit 'default'
2024-03-19T21:50:20.215-04:00  WARN 49698 --- [restartedMain] JpaBaseConfiguration$JpaWebConfiguration : spring.jpa.open-in-view is enabled by default. Therefore, database queries may be performed during view rendering. Explicitly configure spring.jpa.open-in-view to disable this warning
2024-03-19T21:50:20.229-04:00  INFO 49698 --- [restartedMain] o.s.b.a.w.s.WelcomePageHandlerMapping    : Adding welcome page template: index
2024-03-19T21:50:20.393-04:00  INFO 49698 --- [restartedMain] o.s.s.web.DefaultSecurityFilterChain     : Will secure any request with [org.springframework.security.web.session.DisableEncodeUrlFilter@1d0a634b, org.springframework.security.web.context.request.async.WebAsyncManagerIntegrationFilter@754b977d, org.springframework.security.web.context.SecurityContextHolderFilter@1bd38f40, org.springframework.security.web.header.HeaderWriterFilter@7cf28e28, org.springframework.web.filter.CorsFilter@5d7624e3, org.springframework.security.web.csrf.CsrfFilter@200e96cd, org.springframework.security.web.authentication.logout.LogoutFilter@52388489, org.springframework.security.web.authentication.UsernamePasswordAuthenticationFilter@2291509f, org.springframework.security.web.savedrequest.RequestCacheAwareFilter@4fbfca09, org.springframework.security.web.servletapi.SecurityContextHolderAwareRequestFilter@ca3835a, org.springframework.security.web.authentication.rememberme.RememberMeAuthenticationFilter@6befbf46, org.springframework.security.web.authentication.AnonymousAuthenticationFilter@4b75b584, org.springframework.security.web.access.ExceptionTranslationFilter@51e257ab, org.springframework.security.web.access.intercept.AuthorizationFilter@349b9649]
2024-03-19T21:50:20.444-04:00  WARN 49698 --- [restartedMain] o.s.s.c.a.web.builders.WebSecurity       : You are asking Spring Security to ignore Mvc [pattern='/images/**']. This is not recommended -- please use permitAll via HttpSecurity#authorizeHttpRequests instead.
2024-03-19T21:50:20.444-04:00  INFO 49698 --- [restartedMain] o.s.s.web.DefaultSecurityFilterChain     : Will not secure Mvc [pattern='/images/**']
2024-03-19T21:50:20.444-04:00  WARN 49698 --- [restartedMain] o.s.s.c.a.web.builders.WebSecurity       : You are asking Spring Security to ignore Mvc [pattern='/js/**']. This is not recommended -- please use permitAll via HttpSecurity#authorizeHttpRequests instead.
2024-03-19T21:50:20.444-04:00  INFO 49698 --- [restartedMain] o.s.s.web.DefaultSecurityFilterChain     : Will not secure Mvc [pattern='/js/**']
2024-03-19T21:50:20.444-04:00  WARN 49698 --- [restartedMain] o.s.s.c.a.web.builders.WebSecurity       : You are asking Spring Security to ignore Mvc [pattern='/webjars/**']. This is not recommended -- please use permitAll via HttpSecurity#authorizeHttpRequests instead.
2024-03-19T21:50:20.444-04:00  INFO 49698 --- [restartedMain] o.s.s.web.DefaultSecurityFilterChain     : Will not secure Mvc [pattern='/webjars/**']
2024-03-19T21:50:20.453-04:00  INFO 49698 --- [restartedMain] o.s.b.d.a.OptionalLiveReloadServer       : LiveReload server is running on port 35729
2024-03-19T21:50:20.463-04:00  INFO 49698 --- [restartedMain] o.s.b.w.embedded.tomcat.TomcatWebServer  : Tomcat started on port 8080 (http) with context path '/ShopmeAdmin'
2024-03-19T21:50:20.470-04:00  INFO 49698 --- [restartedMain] c.shopme.admin.ShopmeBackEndApplication  : Started ShopmeBackEndApplication in 0.834 seconds (process running for 490.835)
2024-03-19T21:50:20.474-04:00  INFO 49698 --- [restartedMain] .ConditionEvaluationDeltaLoggingListener : Condition evaluation unchanged
2024-03-19T21:52:59.951-04:00  INFO 49698 --- [File Watcher] rtingClassPathChangeChangedEventListener : Restarting due to 2 class path changes (0 additions, 0 deletions, 2 modifications)
2024-03-19T21:52:59.958-04:00  INFO 49698 --- [Thread-7] j.LocalContainerEntityManagerFactoryBean : Closing JPA EntityManagerFactory for persistence unit 'default'
2024-03-19T21:52:59.959-04:00  INFO 49698 --- [Thread-7] com.zaxxer.hikari.HikariDataSource       : HikariPool-2 - Shutdown initiated...
2024-03-19T21:52:59.965-04:00  INFO 49698 --- [Thread-7] com.zaxxer.hikari.HikariDataSource       : HikariPool-2 - Shutdown completed.
2024-03-19T21:53:00.099-04:00  INFO 49698 --- [restartedMain] c.shopme.admin.ShopmeBackEndApplication  : Starting ShopmeBackEndApplication using Java 17.0.8.1 with PID 49698 (/Users/jinxu/Documents/ShopmeEcommerce/ShopmeProject/ShopmeWebParent/ShopmeBackEnd/target/classes started by jinxu in /Users/jinxu/Documents/ShopmeEcommerce/ShopmeProject/ShopmeWebParent/ShopmeBackEnd)
2024-03-19T21:53:00.099-04:00  INFO 49698 --- [restartedMain] c.shopme.admin.ShopmeBackEndApplication  : No active profile set, falling back to 1 default profile: "default"
2024-03-19T21:53:00.276-04:00  INFO 49698 --- [restartedMain] .s.d.r.c.RepositoryConfigurationDelegate : Bootstrapping Spring Data JPA repositories in DEFAULT mode.
2024-03-19T21:53:00.286-04:00  INFO 49698 --- [restartedMain] .s.d.r.c.RepositoryConfigurationDelegate : Finished Spring Data repository scanning in 10 ms. Found 3 JPA repository interfaces.
2024-03-19T21:53:00.383-04:00  INFO 49698 --- [restartedMain] o.s.b.w.embedded.tomcat.TomcatWebServer  : Tomcat initialized with port 8080 (http)
2024-03-19T21:53:00.384-04:00  INFO 49698 --- [restartedMain] o.apache.catalina.core.StandardService   : Starting service [Tomcat]
2024-03-19T21:53:00.384-04:00  INFO 49698 --- [restartedMain] o.apache.catalina.core.StandardEngine    : Starting Servlet engine: [Apache Tomcat/10.1.16]
2024-03-19T21:53:00.395-04:00  INFO 49698 --- [restartedMain] o.a.c.c.C.[.[localhost].[/ShopmeAdmin]   : Initializing Spring embedded WebApplicationContext
2024-03-19T21:53:00.396-04:00  INFO 49698 --- [restartedMain] w.s.c.ServletWebServerApplicationContext : Root WebApplicationContext: initialization completed in 295 ms
2024-03-19T21:53:00.430-04:00  INFO 49698 --- [restartedMain] o.hibernate.jpa.internal.util.LogHelper  : HHH000204: Processing PersistenceUnitInfo [name: default]
2024-03-19T21:53:00.434-04:00  INFO 49698 --- [restartedMain] o.h.c.internal.RegionFactoryInitiator    : HHH000026: Second-level cache disabled
2024-03-19T21:53:00.438-04:00  INFO 49698 --- [restartedMain] o.s.o.j.p.SpringPersistenceUnitInfo      : No LoadTimeWeaver setup: ignoring JPA class transformer
2024-03-19T21:53:00.439-04:00  INFO 49698 --- [restartedMain] com.zaxxer.hikari.HikariDataSource       : HikariPool-3 - Starting...
2024-03-19T21:53:00.439-04:00  WARN 49698 --- [restartedMain] c.zaxxer.hikari.util.DriverDataSource    : Registered driver with driverClassName=com.mysql.jdbc.Driver was not found, trying direct instantiation.
2024-03-19T21:53:00.461-04:00  INFO 49698 --- [restartedMain] com.zaxxer.hikari.pool.HikariPool        : HikariPool-3 - Added connection com.mysql.cj.jdbc.ConnectionImpl@7d2c13b9
2024-03-19T21:53:00.461-04:00  INFO 49698 --- [restartedMain] com.zaxxer.hikari.HikariDataSource       : HikariPool-3 - Start completed.
2024-03-19T21:53:00.462-04:00  WARN 49698 --- [restartedMain] org.hibernate.orm.deprecation            : HHH90000025: MySQL8Dialect does not need to be specified explicitly using 'hibernate.dialect' (remove the property setting and it will be selected by default)
2024-03-19T21:53:00.462-04:00  WARN 49698 --- [restartedMain] org.hibernate.orm.deprecation            : HHH90000026: MySQL8Dialect has been deprecated; use org.hibernate.dialect.MySQLDialect instead
2024-03-19T21:53:00.519-04:00  INFO 49698 --- [restartedMain] o.h.e.t.j.p.i.JtaPlatformInitiator       : HHH000489: No JTA platform available (set 'hibernate.transaction.jta.platform' to enable JTA platform integration)
2024-03-19T21:53:00.552-04:00  INFO 49698 --- [restartedMain] j.LocalContainerEntityManagerFactoryBean : Initialized JPA EntityManagerFactory for persistence unit 'default'
2024-03-19T21:53:00.651-04:00  WARN 49698 --- [restartedMain] JpaBaseConfiguration$JpaWebConfiguration : spring.jpa.open-in-view is enabled by default. Therefore, database queries may be performed during view rendering. Explicitly configure spring.jpa.open-in-view to disable this warning
2024-03-19T21:53:00.670-04:00  INFO 49698 --- [restartedMain] o.s.b.a.w.s.WelcomePageHandlerMapping    : Adding welcome page template: index
2024-03-19T21:53:00.874-04:00  INFO 49698 --- [restartedMain] o.s.s.web.DefaultSecurityFilterChain     : Will secure any request with [org.springframework.security.web.session.DisableEncodeUrlFilter@7016825d, org.springframework.security.web.context.request.async.WebAsyncManagerIntegrationFilter@601b676a, org.springframework.security.web.context.SecurityContextHolderFilter@14931ff4, org.springframework.security.web.header.HeaderWriterFilter@c499994, org.springframework.web.filter.CorsFilter@5d9d8280, org.springframework.security.web.csrf.CsrfFilter@7ddad68f, org.springframework.security.web.authentication.logout.LogoutFilter@27b4b66b, org.springframework.security.web.authentication.UsernamePasswordAuthenticationFilter@6d6a0a3b, org.springframework.security.web.savedrequest.RequestCacheAwareFilter@3f56cd47, org.springframework.security.web.servletapi.SecurityContextHolderAwareRequestFilter@62a41de7, org.springframework.security.web.authentication.rememberme.RememberMeAuthenticationFilter@66befcfd, org.springframework.security.web.authentication.AnonymousAuthenticationFilter@4cd5d4da, org.springframework.security.web.access.ExceptionTranslationFilter@2aeee832, org.springframework.security.web.access.intercept.AuthorizationFilter@6f6ffe53]
2024-03-19T21:53:00.947-04:00  WARN 49698 --- [restartedMain] o.s.s.c.a.web.builders.WebSecurity       : You are asking Spring Security to ignore Mvc [pattern='/images/**']. This is not recommended -- please use permitAll via HttpSecurity#authorizeHttpRequests instead.
2024-03-19T21:53:00.948-04:00  INFO 49698 --- [restartedMain] o.s.s.web.DefaultSecurityFilterChain     : Will not secure Mvc [pattern='/images/**']
2024-03-19T21:53:00.948-04:00  WARN 49698 --- [restartedMain] o.s.s.c.a.web.builders.WebSecurity       : You are asking Spring Security to ignore Mvc [pattern='/js/**']. This is not recommended -- please use permitAll via HttpSecurity#authorizeHttpRequests instead.
2024-03-19T21:53:00.948-04:00  INFO 49698 --- [restartedMain] o.s.s.web.DefaultSecurityFilterChain     : Will not secure Mvc [pattern='/js/**']
2024-03-19T21:53:00.948-04:00  WARN 49698 --- [restartedMain] o.s.s.c.a.web.builders.WebSecurity       : You are asking Spring Security to ignore Mvc [pattern='/webjars/**']. This is not recommended -- please use permitAll via HttpSecurity#authorizeHttpRequests instead.
2024-03-19T21:53:00.948-04:00  INFO 49698 --- [restartedMain] o.s.s.web.DefaultSecurityFilterChain     : Will not secure Mvc [pattern='/webjars/**']
2024-03-19T21:53:00.963-04:00  INFO 49698 --- [restartedMain] o.s.b.d.a.OptionalLiveReloadServer       : LiveReload server is running on port 35729
2024-03-19T21:53:00.975-04:00  INFO 49698 --- [restartedMain] o.s.b.w.embedded.tomcat.TomcatWebServer  : Tomcat started on port 8080 (http) with context path '/ShopmeAdmin'
2024-03-19T21:53:00.982-04:00  INFO 49698 --- [restartedMain] c.shopme.admin.ShopmeBackEndApplication  : Started ShopmeBackEndApplication in 0.946 seconds (process running for 651.342)
2024-03-19T21:53:00.984-04:00  INFO 49698 --- [restartedMain] .ConditionEvaluationDeltaLoggingListener : Condition evaluation unchanged
2024-03-19T21:53:29.426-04:00  INFO 49698 --- [http-nio-8080-exec-1] o.a.c.c.C.[.[localhost].[/ShopmeAdmin]   : Initializing Spring DispatcherServlet 'dispatcherServlet'
2024-03-19T21:53:29.426-04:00  INFO 49698 --- [http-nio-8080-exec-1] o.s.web.servlet.DispatcherServlet        : Initializing Servlet 'dispatcherServlet'
2024-03-19T21:53:29.427-04:00  INFO 49698 --- [http-nio-8080-exec-1] o.s.web.servlet.DispatcherServlet        : Completed initialization in 1 ms
2024-03-19T21:53:29.428-04:00  WARN 49698 --- [http-nio-8080-exec-1] o.s.w.s.h.HandlerMappingIntrospector     : Cache miss for REQUEST dispatch to '/ShopmeAdmin/categories' (previous null). Performing MatchableHandlerMapping lookup. This is logged once only at WARN level, and every time at TRACE.
2024-03-19T21:53:29.428-04:00  WARN 49698 --- [http-nio-8080-exec-1] o.s.w.s.h.HandlerMappingIntrospector     : Cache miss for REQUEST dispatch to '/ShopmeAdmin/categories' (previous null). Performing CorsConfiguration lookup. This is logged once only at WARN level, and every time at TRACE.
2024-03-19T21:53:29.529-04:00  WARN 49698 --- [http-nio-8080-exec-1] actStandardFragmentInsertionTagProcessor : [THYMELEAF][http-nio-8080-exec-1][categories/categories] Deprecated unwrapped fragment expression "fragments :: page_head('Categories - Shopme Admin')" found in template categories/categories, line 3, col 7. Please use the complete syntax of fragment expressions instead ("~{fragments :: page_head('Categories - Shopme Admin')}"). The old, unwrapped syntax for fragment expressions will be removed in future versions of Thymeleaf.
2024-03-19T21:53:29.534-04:00  WARN 49698 --- [http-nio-8080-exec-1] actStandardFragmentInsertionTagProcessor : [THYMELEAF][http-nio-8080-exec-1][categories/categories] Deprecated unwrapped fragment expression "navigation :: menu" found in template categories/categories, line 7, col 7. Please use the complete syntax of fragment expressions instead ("~{navigation :: menu}"). The old, unwrapped syntax for fragment expressions will be removed in future versions of Thymeleaf.
2024-03-19T21:53:29.577-04:00  WARN 49698 --- [http-nio-8080-exec-1] actStandardFragmentInsertionTagProcessor : [THYMELEAF][http-nio-8080-exec-1][categories/categories] Deprecated unwrapped fragment expression "fragments :: footer" found in template categories/categories, line 93, col 7. Please use the complete syntax of fragment expressions instead ("~{fragments :: footer}"). The old, unwrapped syntax for fragment expressions will be removed in future versions of Thymeleaf.
2024-03-19T21:53:37.208-04:00  WARN 49698 --- [http-nio-8080-exec-6] actStandardFragmentInsertionTagProcessor : [THYMELEAF][http-nio-8080-exec-6][categories/categories] Deprecated unwrapped fragment expression "fragments :: page_head('Categories - Shopme Admin')" found in template categories/categories, line 3, col 7. Please use the complete syntax of fragment expressions instead ("~{fragments :: page_head('Categories - Shopme Admin')}"). The old, unwrapped syntax for fragment expressions will be removed in future versions of Thymeleaf.
2024-03-19T21:53:37.213-04:00  WARN 49698 --- [http-nio-8080-exec-6] actStandardFragmentInsertionTagProcessor : [THYMELEAF][http-nio-8080-exec-6][categories/categories] Deprecated unwrapped fragment expression "navigation :: menu" found in template categories/categories, line 7, col 7. Please use the complete syntax of fragment expressions instead ("~{navigation :: menu}"). The old, unwrapped syntax for fragment expressions will be removed in future versions of Thymeleaf.
2024-03-19T21:53:37.255-04:00  WARN 49698 --- [http-nio-8080-exec-6] actStandardFragmentInsertionTagProcessor : [THYMELEAF][http-nio-8080-exec-6][categories/categories] Deprecated unwrapped fragment expression "fragments :: footer" found in template categories/categories, line 93, col 7. Please use the complete syntax of fragment expressions instead ("~{fragments :: footer}"). The old, unwrapped syntax for fragment expressions will be removed in future versions of Thymeleaf.
2024-03-19T22:04:29.283-04:00  INFO 49698 --- [File Watcher] rtingClassPathChangeChangedEventListener : Restarting due to 2 class path changes (0 additions, 0 deletions, 2 modifications)
2024-03-19T22:04:29.290-04:00  INFO 49698 --- [Thread-11] j.LocalContainerEntityManagerFactoryBean : Closing JPA EntityManagerFactory for persistence unit 'default'
2024-03-19T22:04:29.290-04:00  INFO 49698 --- [Thread-11] com.zaxxer.hikari.HikariDataSource       : HikariPool-3 - Shutdown initiated...
2024-03-19T22:04:29.296-04:00  INFO 49698 --- [Thread-11] com.zaxxer.hikari.HikariDataSource       : HikariPool-3 - Shutdown completed.
2024-03-19T22:04:29.425-04:00  INFO 49698 --- [restartedMain] c.shopme.admin.ShopmeBackEndApplication  : Starting ShopmeBackEndApplication using Java 17.0.8.1 with PID 49698 (/Users/jinxu/Documents/ShopmeEcommerce/ShopmeProject/ShopmeWebParent/ShopmeBackEnd/target/classes started by jinxu in /Users/jinxu/Documents/ShopmeEcommerce/ShopmeProject/ShopmeWebParent/ShopmeBackEnd)
2024-03-19T22:04:29.425-04:00  INFO 49698 --- [restartedMain] c.shopme.admin.ShopmeBackEndApplication  : No active profile set, falling back to 1 default profile: "default"
2024-03-19T22:04:29.577-04:00  INFO 49698 --- [restartedMain] .s.d.r.c.RepositoryConfigurationDelegate : Bootstrapping Spring Data JPA repositories in DEFAULT mode.
2024-03-19T22:04:29.586-04:00  INFO 49698 --- [restartedMain] .s.d.r.c.RepositoryConfigurationDelegate : Finished Spring Data repository scanning in 7 ms. Found 3 JPA repository interfaces.
2024-03-19T22:04:29.671-04:00  INFO 49698 --- [restartedMain] o.s.b.w.embedded.tomcat.TomcatWebServer  : Tomcat initialized with port 8080 (http)
2024-03-19T22:04:29.672-04:00  INFO 49698 --- [restartedMain] o.apache.catalina.core.StandardService   : Starting service [Tomcat]
2024-03-19T22:04:29.672-04:00  INFO 49698 --- [restartedMain] o.apache.catalina.core.StandardEngine    : Starting Servlet engine: [Apache Tomcat/10.1.16]
2024-03-19T22:04:29.681-04:00  INFO 49698 --- [restartedMain] o.a.c.c.C.[.[localhost].[/ShopmeAdmin]   : Initializing Spring embedded WebApplicationContext
2024-03-19T22:04:29.681-04:00  INFO 49698 --- [restartedMain] w.s.c.ServletWebServerApplicationContext : Root WebApplicationContext: initialization completed in 254 ms
2024-03-19T22:04:29.692-04:00  WARN 49698 --- [restartedMain] o.a.c.c.C.[.[localhost].[/ShopmeAdmin]   : Cannot deserialize session attribute [SPRING_SECURITY_CONTEXT] for session [4B2BCC8BFB3CD931CFF4D32BCAF9A457]
2024-03-19T22:04:29.715-04:00  INFO 49698 --- [restartedMain] o.hibernate.jpa.internal.util.LogHelper  : HHH000204: Processing PersistenceUnitInfo [name: default]
2024-03-19T22:04:29.717-04:00  INFO 49698 --- [restartedMain] o.h.c.internal.RegionFactoryInitiator    : HHH000026: Second-level cache disabled
2024-03-19T22:04:29.723-04:00  INFO 49698 --- [restartedMain] o.s.o.j.p.SpringPersistenceUnitInfo      : No LoadTimeWeaver setup: ignoring JPA class transformer
2024-03-19T22:04:29.724-04:00  INFO 49698 --- [restartedMain] com.zaxxer.hikari.HikariDataSource       : HikariPool-4 - Starting...
2024-03-19T22:04:29.724-04:00  WARN 49698 --- [restartedMain] c.zaxxer.hikari.util.DriverDataSource    : Registered driver with driverClassName=com.mysql.jdbc.Driver was not found, trying direct instantiation.
2024-03-19T22:04:29.738-04:00  INFO 49698 --- [restartedMain] com.zaxxer.hikari.pool.HikariPool        : HikariPool-4 - Added connection com.mysql.cj.jdbc.ConnectionImpl@1a9911f7
2024-03-19T22:04:29.738-04:00  INFO 49698 --- [restartedMain] com.zaxxer.hikari.HikariDataSource       : HikariPool-4 - Start completed.
2024-03-19T22:04:29.739-04:00  WARN 49698 --- [restartedMain] org.hibernate.orm.deprecation            : HHH90000025: MySQL8Dialect does not need to be specified explicitly using 'hibernate.dialect' (remove the property setting and it will be selected by default)
2024-03-19T22:04:29.739-04:00  WARN 49698 --- [restartedMain] org.hibernate.orm.deprecation            : HHH90000026: MySQL8Dialect has been deprecated; use org.hibernate.dialect.MySQLDialect instead
2024-03-19T22:04:29.781-04:00  INFO 49698 --- [restartedMain] o.h.e.t.j.p.i.JtaPlatformInitiator       : HHH000489: No JTA platform available (set 'hibernate.transaction.jta.platform' to enable JTA platform integration)
2024-03-19T22:04:29.823-04:00  INFO 49698 --- [restartedMain] j.LocalContainerEntityManagerFactoryBean : Initialized JPA EntityManagerFactory for persistence unit 'default'
2024-03-19T22:04:29.943-04:00  WARN 49698 --- [restartedMain] JpaBaseConfiguration$JpaWebConfiguration : spring.jpa.open-in-view is enabled by default. Therefore, database queries may be performed during view rendering. Explicitly configure spring.jpa.open-in-view to disable this warning
2024-03-19T22:04:29.966-04:00  INFO 49698 --- [restartedMain] o.s.b.a.w.s.WelcomePageHandlerMapping    : Adding welcome page template: index
2024-03-19T22:04:30.146-04:00  INFO 49698 --- [restartedMain] o.s.s.web.DefaultSecurityFilterChain     : Will secure any request with [org.springframework.security.web.session.DisableEncodeUrlFilter@351521, org.springframework.security.web.context.request.async.WebAsyncManagerIntegrationFilter@3917251e, org.springframework.security.web.context.SecurityContextHolderFilter@4a90a3bc, org.springframework.security.web.header.HeaderWriterFilter@7821fa0, org.springframework.web.filter.CorsFilter@12803ba8, org.springframework.security.web.csrf.CsrfFilter@1b6eb15a, org.springframework.security.web.authentication.logout.LogoutFilter@cc1ca29, org.springframework.security.web.authentication.UsernamePasswordAuthenticationFilter@22d13da1, org.springframework.security.web.savedrequest.RequestCacheAwareFilter@241a2fd5, org.springframework.security.web.servletapi.SecurityContextHolderAwareRequestFilter@217a9afc, org.springframework.security.web.authentication.rememberme.RememberMeAuthenticationFilter@1398e568, org.springframework.security.web.authentication.AnonymousAuthenticationFilter@46e72f35, org.springframework.security.web.access.ExceptionTranslationFilter@3446247e, org.springframework.security.web.access.intercept.AuthorizationFilter@20432b02]
2024-03-19T22:04:30.234-04:00  WARN 49698 --- [restartedMain] o.s.s.c.a.web.builders.WebSecurity       : You are asking Spring Security to ignore Mvc [pattern='/images/**']. This is not recommended -- please use permitAll via HttpSecurity#authorizeHttpRequests instead.
2024-03-19T22:04:30.234-04:00  INFO 49698 --- [restartedMain] o.s.s.web.DefaultSecurityFilterChain     : Will not secure Mvc [pattern='/images/**']
2024-03-19T22:04:30.234-04:00  WARN 49698 --- [restartedMain] o.s.s.c.a.web.builders.WebSecurity       : You are asking Spring Security to ignore Mvc [pattern='/js/**']. This is not recommended -- please use permitAll via HttpSecurity#authorizeHttpRequests instead.
2024-03-19T22:04:30.234-04:00  INFO 49698 --- [restartedMain] o.s.s.web.DefaultSecurityFilterChain     : Will not secure Mvc [pattern='/js/**']
2024-03-19T22:04:30.234-04:00  WARN 49698 --- [restartedMain] o.s.s.c.a.web.builders.WebSecurity       : You are asking Spring Security to ignore Mvc [pattern='/webjars/**']. This is not recommended -- please use permitAll via HttpSecurity#authorizeHttpRequests instead.
2024-03-19T22:04:30.234-04:00  INFO 49698 --- [restartedMain] o.s.s.web.DefaultSecurityFilterChain     : Will not secure Mvc [pattern='/webjars/**']
2024-03-19T22:04:30.251-04:00  INFO 49698 --- [restartedMain] o.s.b.d.a.OptionalLiveReloadServer       : LiveReload server is running on port 35729
2024-03-19T22:04:30.265-04:00  INFO 49698 --- [restartedMain] o.s.b.w.embedded.tomcat.TomcatWebServer  : Tomcat started on port 8080 (http) with context path '/ShopmeAdmin'
2024-03-19T22:04:30.271-04:00  INFO 49698 --- [restartedMain] c.shopme.admin.ShopmeBackEndApplication  : Started ShopmeBackEndApplication in 0.873 seconds (process running for 1340.614)
2024-03-19T22:04:30.273-04:00  INFO 49698 --- [restartedMain] .ConditionEvaluationDeltaLoggingListener : Condition evaluation unchanged
2024-03-19T22:07:11.747-04:00  INFO 49698 --- [File Watcher] rtingClassPathChangeChangedEventListener : Restarting due to 2 class path changes (0 additions, 0 deletions, 2 modifications)
2024-03-19T22:07:11.757-04:00  INFO 49698 --- [Thread-15] j.LocalContainerEntityManagerFactoryBean : Closing JPA EntityManagerFactory for persistence unit 'default'
2024-03-19T22:07:11.758-04:00  INFO 49698 --- [Thread-15] com.zaxxer.hikari.HikariDataSource       : HikariPool-4 - Shutdown initiated...
2024-03-19T22:07:11.767-04:00  INFO 49698 --- [Thread-15] com.zaxxer.hikari.HikariDataSource       : HikariPool-4 - Shutdown completed.
2024-03-19T22:07:11.853-04:00  INFO 49698 --- [restartedMain] c.shopme.admin.ShopmeBackEndApplication  : Starting ShopmeBackEndApplication using Java 17.0.8.1 with PID 49698 (/Users/jinxu/Documents/ShopmeEcommerce/ShopmeProject/ShopmeWebParent/ShopmeBackEnd/target/classes started by jinxu in /Users/jinxu/Documents/ShopmeEcommerce/ShopmeProject/ShopmeWebParent/ShopmeBackEnd)
2024-03-19T22:07:11.853-04:00  INFO 49698 --- [restartedMain] c.shopme.admin.ShopmeBackEndApplication  : No active profile set, falling back to 1 default profile: "default"
2024-03-19T22:07:11.995-04:00  INFO 49698 --- [restartedMain] .s.d.r.c.RepositoryConfigurationDelegate : Bootstrapping Spring Data JPA repositories in DEFAULT mode.
2024-03-19T22:07:12.005-04:00  INFO 49698 --- [restartedMain] .s.d.r.c.RepositoryConfigurationDelegate : Finished Spring Data repository scanning in 9 ms. Found 3 JPA repository interfaces.
2024-03-19T22:07:12.090-04:00  INFO 49698 --- [restartedMain] o.s.b.w.embedded.tomcat.TomcatWebServer  : Tomcat initialized with port 8080 (http)
2024-03-19T22:07:12.091-04:00  INFO 49698 --- [restartedMain] o.apache.catalina.core.StandardService   : Starting service [Tomcat]
2024-03-19T22:07:12.091-04:00  INFO 49698 --- [restartedMain] o.apache.catalina.core.StandardEngine    : Starting Servlet engine: [Apache Tomcat/10.1.16]
2024-03-19T22:07:12.100-04:00  INFO 49698 --- [restartedMain] o.a.c.c.C.[.[localhost].[/ShopmeAdmin]   : Initializing Spring embedded WebApplicationContext
2024-03-19T22:07:12.100-04:00  INFO 49698 --- [restartedMain] w.s.c.ServletWebServerApplicationContext : Root WebApplicationContext: initialization completed in 245 ms
2024-03-19T22:07:12.137-04:00  INFO 49698 --- [restartedMain] o.hibernate.jpa.internal.util.LogHelper  : HHH000204: Processing PersistenceUnitInfo [name: default]
2024-03-19T22:07:12.139-04:00  INFO 49698 --- [restartedMain] o.h.c.internal.RegionFactoryInitiator    : HHH000026: Second-level cache disabled
2024-03-19T22:07:12.143-04:00  INFO 49698 --- [restartedMain] o.s.o.j.p.SpringPersistenceUnitInfo      : No LoadTimeWeaver setup: ignoring JPA class transformer
2024-03-19T22:07:12.143-04:00  INFO 49698 --- [restartedMain] com.zaxxer.hikari.HikariDataSource       : HikariPool-5 - Starting...
2024-03-19T22:07:12.144-04:00  WARN 49698 --- [restartedMain] c.zaxxer.hikari.util.DriverDataSource    : Registered driver with driverClassName=com.mysql.jdbc.Driver was not found, trying direct instantiation.
2024-03-19T22:07:12.158-04:00  INFO 49698 --- [restartedMain] com.zaxxer.hikari.pool.HikariPool        : HikariPool-5 - Added connection com.mysql.cj.jdbc.ConnectionImpl@7189b047
2024-03-19T22:07:12.159-04:00  INFO 49698 --- [restartedMain] com.zaxxer.hikari.HikariDataSource       : HikariPool-5 - Start completed.
2024-03-19T22:07:12.159-04:00  WARN 49698 --- [restartedMain] org.hibernate.orm.deprecation            : HHH90000025: MySQL8Dialect does not need to be specified explicitly using 'hibernate.dialect' (remove the property setting and it will be selected by default)
2024-03-19T22:07:12.159-04:00  WARN 49698 --- [restartedMain] org.hibernate.orm.deprecation            : HHH90000026: MySQL8Dialect has been deprecated; use org.hibernate.dialect.MySQLDialect instead
2024-03-19T22:07:12.205-04:00  INFO 49698 --- [restartedMain] o.h.e.t.j.p.i.JtaPlatformInitiator       : HHH000489: No JTA platform available (set 'hibernate.transaction.jta.platform' to enable JTA platform integration)
2024-03-19T22:07:12.237-04:00  INFO 49698 --- [restartedMain] j.LocalContainerEntityManagerFactoryBean : Initialized JPA EntityManagerFactory for persistence unit 'default'
2024-03-19T22:07:12.317-04:00  WARN 49698 --- [restartedMain] JpaBaseConfiguration$JpaWebConfiguration : spring.jpa.open-in-view is enabled by default. Therefore, database queries may be performed during view rendering. Explicitly configure spring.jpa.open-in-view to disable this warning
2024-03-19T22:07:12.330-04:00  INFO 49698 --- [restartedMain] o.s.b.a.w.s.WelcomePageHandlerMapping    : Adding welcome page template: index
2024-03-19T22:07:12.493-04:00  INFO 49698 --- [restartedMain] o.s.s.web.DefaultSecurityFilterChain     : Will secure any request with [org.springframework.security.web.session.DisableEncodeUrlFilter@2d8ff54a, org.springframework.security.web.context.request.async.WebAsyncManagerIntegrationFilter@472a8c8f, org.springframework.security.web.context.SecurityContextHolderFilter@52046066, org.springframework.security.web.header.HeaderWriterFilter@346d2c49, org.springframework.web.filter.CorsFilter@4997bd2f, org.springframework.security.web.csrf.CsrfFilter@297a544, org.springframework.security.web.authentication.logout.LogoutFilter@10960d76, org.springframework.security.web.authentication.UsernamePasswordAuthenticationFilter@121e25f, org.springframework.security.web.savedrequest.RequestCacheAwareFilter@6d8652e7, org.springframework.security.web.servletapi.SecurityContextHolderAwareRequestFilter@3cb23ac7, org.springframework.security.web.authentication.rememberme.RememberMeAuthenticationFilter@217cb2b0, org.springframework.security.web.authentication.AnonymousAuthenticationFilter@dba6f9f, org.springframework.security.web.access.ExceptionTranslationFilter@5d618090, org.springframework.security.web.access.intercept.AuthorizationFilter@62111bd7]
2024-03-19T22:07:12.569-04:00  WARN 49698 --- [restartedMain] o.s.s.c.a.web.builders.WebSecurity       : You are asking Spring Security to ignore Mvc [pattern='/images/**']. This is not recommended -- please use permitAll via HttpSecurity#authorizeHttpRequests instead.
2024-03-19T22:07:12.569-04:00  INFO 49698 --- [restartedMain] o.s.s.web.DefaultSecurityFilterChain     : Will not secure Mvc [pattern='/images/**']
2024-03-19T22:07:12.570-04:00  WARN 49698 --- [restartedMain] o.s.s.c.a.web.builders.WebSecurity       : You are asking Spring Security to ignore Mvc [pattern='/js/**']. This is not recommended -- please use permitAll via HttpSecurity#authorizeHttpRequests instead.
2024-03-19T22:07:12.570-04:00  INFO 49698 --- [restartedMain] o.s.s.web.DefaultSecurityFilterChain     : Will not secure Mvc [pattern='/js/**']
2024-03-19T22:07:12.570-04:00  WARN 49698 --- [restartedMain] o.s.s.c.a.web.builders.WebSecurity       : You are asking Spring Security to ignore Mvc [pattern='/webjars/**']. This is not recommended -- please use permitAll via HttpSecurity#authorizeHttpRequests instead.
2024-03-19T22:07:12.570-04:00  INFO 49698 --- [restartedMain] o.s.s.web.DefaultSecurityFilterChain     : Will not secure Mvc [pattern='/webjars/**']
2024-03-19T22:07:12.586-04:00  INFO 49698 --- [restartedMain] o.s.b.d.a.OptionalLiveReloadServer       : LiveReload server is running on port 35729
2024-03-19T22:07:12.595-04:00  INFO 49698 --- [restartedMain] o.s.b.w.embedded.tomcat.TomcatWebServer  : Tomcat started on port 8080 (http) with context path '/ShopmeAdmin'
2024-03-19T22:07:12.601-04:00  INFO 49698 --- [restartedMain] c.shopme.admin.ShopmeBackEndApplication  : Started ShopmeBackEndApplication in 0.769 seconds (process running for 1502.939)
2024-03-19T22:07:12.602-04:00  INFO 49698 --- [restartedMain] .ConditionEvaluationDeltaLoggingListener : Condition evaluation unchanged
2024-03-19T22:08:43.128-04:00  INFO 49698 --- [http-nio-8080-exec-1] o.a.c.c.C.[.[localhost].[/ShopmeAdmin]   : Initializing Spring DispatcherServlet 'dispatcherServlet'
2024-03-19T22:08:43.129-04:00  INFO 49698 --- [http-nio-8080-exec-1] o.s.web.servlet.DispatcherServlet        : Initializing Servlet 'dispatcherServlet'
2024-03-19T22:08:43.131-04:00  INFO 49698 --- [http-nio-8080-exec-1] o.s.web.servlet.DispatcherServlet        : Completed initialization in 2 ms
2024-03-19T22:08:43.131-04:00  WARN 49698 --- [http-nio-8080-exec-1] o.s.w.s.h.HandlerMappingIntrospector     : Cache miss for REQUEST dispatch to '/ShopmeAdmin/categories' (previous null). Performing MatchableHandlerMapping lookup. This is logged once only at WARN level, and every time at TRACE.
2024-03-19T22:08:43.132-04:00  WARN 49698 --- [http-nio-8080-exec-1] o.s.w.s.h.HandlerMappingIntrospector     : Cache miss for REQUEST dispatch to '/ShopmeAdmin/categories' (previous null). Performing CorsConfiguration lookup. This is logged once only at WARN level, and every time at TRACE.
2024-03-19T22:08:43.244-04:00  WARN 49698 --- [http-nio-8080-exec-1] actStandardFragmentInsertionTagProcessor : [THYMELEAF][http-nio-8080-exec-1][categories/categories] Deprecated unwrapped fragment expression "fragments :: page_head('Categories - Shopme Admin')" found in template categories/categories, line 3, col 7. Please use the complete syntax of fragment expressions instead ("~{fragments :: page_head('Categories - Shopme Admin')}"). The old, unwrapped syntax for fragment expressions will be removed in future versions of Thymeleaf.
2024-03-19T22:08:43.250-04:00  WARN 49698 --- [http-nio-8080-exec-1] actStandardFragmentInsertionTagProcessor : [THYMELEAF][http-nio-8080-exec-1][categories/categories] Deprecated unwrapped fragment expression "navigation :: menu" found in template categories/categories, line 7, col 7. Please use the complete syntax of fragment expressions instead ("~{navigation :: menu}"). The old, unwrapped syntax for fragment expressions will be removed in future versions of Thymeleaf.
2024-03-19T22:08:43.282-04:00  WARN 49698 --- [http-nio-8080-exec-1] actStandardFragmentInsertionTagProcessor : [THYMELEAF][http-nio-8080-exec-1][categories/categories] Deprecated unwrapped fragment expression "fragments :: footer" found in template categories/categories, line 93, col 7. Please use the complete syntax of fragment expressions instead ("~{fragments :: footer}"). The old, unwrapped syntax for fragment expressions will be removed in future versions of Thymeleaf.
2024-03-19T22:10:45.001-04:00  INFO 49698 --- [RMI TCP Connection(53)-127.0.0.1] inMXBeanRegistrar$SpringApplicationAdmin : Application shutdown requested.
2024-03-19T22:10:45.009-04:00  INFO 49698 --- [RMI TCP Connection(53)-127.0.0.1] j.LocalContainerEntityManagerFactoryBean : Closing JPA EntityManagerFactory for persistence unit 'default'
2024-03-19T22:10:45.009-04:00  INFO 49698 --- [RMI TCP Connection(53)-127.0.0.1] com.zaxxer.hikari.HikariDataSource       : HikariPool-5 - Shutdown initiated...
2024-03-19T22:10:45.017-04:00  INFO 49698 --- [RMI TCP Connection(53)-127.0.0.1] com.zaxxer.hikari.HikariDataSource       : HikariPool-5 - Shutdown completed.
