2024-02-07T10:27:23.921-05:00  INFO 8156 --- [restartedMain] c.shopme.admin.ShopmeBackEndApplication  : Starting ShopmeBackEndApplication using Java 17.0.8.1 with PID 8156 (/Users/jinxu/Documents/ShopmeEcommerce/ShopmeProject/ShopmeWebParent/ShopmeBackEnd/target/classes started by jinxu in /Users/jinxu/Documents/ShopmeEcommerce/ShopmeProject/ShopmeWebParent/ShopmeBackEnd)
2024-02-07T10:27:23.923-05:00  INFO 8156 --- [restartedMain] c.shopme.admin.ShopmeBackEndApplication  : No active profile set, falling back to 1 default profile: "default"
2024-02-07T10:27:23.973-05:00  INFO 8156 --- [restartedMain] .e.DevToolsPropertyDefaultsPostProcessor : Devtools property defaults active! Set 'spring.devtools.add-properties' to 'false' to disable
2024-02-07T10:27:23.973-05:00  INFO 8156 --- [restartedMain] .e.DevToolsPropertyDefaultsPostProcessor : For additional web related logging consider setting the 'logging.level.web' property to 'DEBUG'
2024-02-07T10:27:24.629-05:00  INFO 8156 --- [restartedMain] .s.d.r.c.RepositoryConfigurationDelegate : Bootstrapping Spring Data JPA repositories in DEFAULT mode.
2024-02-07T10:27:24.692-05:00  INFO 8156 --- [restartedMain] .s.d.r.c.RepositoryConfigurationDelegate : Finished Spring Data repository scanning in 52 ms. Found 2 JPA repository interfaces.
2024-02-07T10:27:25.310-05:00  INFO 8156 --- [restartedMain] o.s.b.w.embedded.tomcat.TomcatWebServer  : Tomcat initialized with port 8080 (http)
2024-02-07T10:27:25.320-05:00  INFO 8156 --- [restartedMain] o.apache.catalina.core.StandardService   : Starting service [Tomcat]
2024-02-07T10:27:25.320-05:00  INFO 8156 --- [restartedMain] o.apache.catalina.core.StandardEngine    : Starting Servlet engine: [Apache Tomcat/10.1.16]
2024-02-07T10:27:25.366-05:00  INFO 8156 --- [restartedMain] o.a.c.c.C.[.[localhost].[/ShopmeAdmin]   : Initializing Spring embedded WebApplicationContext
2024-02-07T10:27:25.366-05:00  INFO 8156 --- [restartedMain] w.s.c.ServletWebServerApplicationContext : Root WebApplicationContext: initialization completed in 1392 ms
2024-02-07T10:27:25.520-05:00  INFO 8156 --- [restartedMain] o.hibernate.jpa.internal.util.LogHelper  : HHH000204: Processing PersistenceUnitInfo [name: default]
2024-02-07T10:27:25.593-05:00  INFO 8156 --- [restartedMain] org.hibernate.Version                    : HHH000412: Hibernate ORM core version 6.3.1.Final
2024-02-07T10:27:25.638-05:00  INFO 8156 --- [restartedMain] o.h.c.internal.RegionFactoryInitiator    : HHH000026: Second-level cache disabled
2024-02-07T10:27:26.000-05:00  INFO 8156 --- [restartedMain] o.s.o.j.p.SpringPersistenceUnitInfo      : No LoadTimeWeaver setup: ignoring JPA class transformer
2024-02-07T10:27:26.035-05:00  INFO 8156 --- [restartedMain] com.zaxxer.hikari.HikariDataSource       : HikariPool-1 - Starting...
2024-02-07T10:27:26.040-05:00  WARN 8156 --- [restartedMain] c.zaxxer.hikari.util.DriverDataSource    : Registered driver with driverClassName=com.mysql.jdbc.Driver was not found, trying direct instantiation.
2024-02-07T10:27:26.405-05:00  INFO 8156 --- [restartedMain] com.zaxxer.hikari.pool.HikariPool        : HikariPool-1 - Added connection com.mysql.cj.jdbc.ConnectionImpl@77f42023
2024-02-07T10:27:26.407-05:00  INFO 8156 --- [restartedMain] com.zaxxer.hikari.HikariDataSource       : HikariPool-1 - Start completed.
2024-02-07T10:27:26.484-05:00  WARN 8156 --- [restartedMain] org.hibernate.orm.deprecation            : HHH90000025: MySQL8Dialect does not need to be specified explicitly using 'hibernate.dialect' (remove the property setting and it will be selected by default)
2024-02-07T10:27:26.485-05:00  WARN 8156 --- [restartedMain] org.hibernate.orm.deprecation            : HHH90000026: MySQL8Dialect has been deprecated; use org.hibernate.dialect.MySQLDialect instead
2024-02-07T10:27:27.491-05:00  INFO 8156 --- [restartedMain] o.h.e.t.j.p.i.JtaPlatformInitiator       : HHH000489: No JTA platform available (set 'hibernate.transaction.jta.platform' to enable JTA platform integration)
2024-02-07T10:27:27.596-05:00  INFO 8156 --- [restartedMain] j.LocalContainerEntityManagerFactoryBean : Initialized JPA EntityManagerFactory for persistence unit 'default'
2024-02-07T10:27:27.851-05:00  INFO 8156 --- [restartedMain] o.s.d.j.r.query.QueryEnhancerFactory     : Hibernate is in classpath; If applicable, HQL parser will be used.
2024-02-07T10:27:28.408-05:00  WARN 8156 --- [restartedMain] JpaBaseConfiguration$JpaWebConfiguration : spring.jpa.open-in-view is enabled by default. Therefore, database queries may be performed during view rendering. Explicitly configure spring.jpa.open-in-view to disable this warning
2024-02-07T10:27:28.564-05:00  INFO 8156 --- [restartedMain] o.s.b.a.w.s.WelcomePageHandlerMapping    : Adding welcome page template: index
2024-02-07T10:27:28.967-05:00  INFO 8156 --- [restartedMain] o.s.s.web.DefaultSecurityFilterChain     : Will secure any request with [org.springframework.security.web.session.DisableEncodeUrlFilter@3a4474f9, org.springframework.security.web.context.request.async.WebAsyncManagerIntegrationFilter@5d646acc, org.springframework.security.web.context.SecurityContextHolderFilter@1d979a26, org.springframework.security.web.header.HeaderWriterFilter@7239cc69, org.springframework.web.filter.CorsFilter@2ce3133a, org.springframework.security.web.csrf.CsrfFilter@34b5f8be, org.springframework.security.web.authentication.logout.LogoutFilter@4be041a6, org.springframework.security.web.authentication.UsernamePasswordAuthenticationFilter@504e796a, org.springframework.security.web.savedrequest.RequestCacheAwareFilter@75a4236b, org.springframework.security.web.servletapi.SecurityContextHolderAwareRequestFilter@4ba89972, org.springframework.security.web.authentication.rememberme.RememberMeAuthenticationFilter@56d4f45e, org.springframework.security.web.authentication.AnonymousAuthenticationFilter@fd254cf, org.springframework.security.web.access.ExceptionTranslationFilter@9d4ae19, org.springframework.security.web.access.intercept.AuthorizationFilter@430fbfd8]
2024-02-07T10:27:29.152-05:00  WARN 8156 --- [restartedMain] o.s.s.c.a.web.builders.WebSecurity       : You are asking Spring Security to ignore Mvc [pattern='/images/**']. This is not recommended -- please use permitAll via HttpSecurity#authorizeHttpRequests instead.
2024-02-07T10:27:29.153-05:00  INFO 8156 --- [restartedMain] o.s.s.web.DefaultSecurityFilterChain     : Will not secure Mvc [pattern='/images/**']
2024-02-07T10:27:29.153-05:00  WARN 8156 --- [restartedMain] o.s.s.c.a.web.builders.WebSecurity       : You are asking Spring Security to ignore Mvc [pattern='/js/**']. This is not recommended -- please use permitAll via HttpSecurity#authorizeHttpRequests instead.
2024-02-07T10:27:29.153-05:00  INFO 8156 --- [restartedMain] o.s.s.web.DefaultSecurityFilterChain     : Will not secure Mvc [pattern='/js/**']
2024-02-07T10:27:29.153-05:00  WARN 8156 --- [restartedMain] o.s.s.c.a.web.builders.WebSecurity       : You are asking Spring Security to ignore Mvc [pattern='/webjars/**']. This is not recommended -- please use permitAll via HttpSecurity#authorizeHttpRequests instead.
2024-02-07T10:27:29.153-05:00  INFO 8156 --- [restartedMain] o.s.s.web.DefaultSecurityFilterChain     : Will not secure Mvc [pattern='/webjars/**']
2024-02-07T10:27:29.187-05:00  INFO 8156 --- [restartedMain] o.s.b.d.a.OptionalLiveReloadServer       : LiveReload server is running on port 35729
2024-02-07T10:27:29.222-05:00  INFO 8156 --- [restartedMain] o.s.b.w.embedded.tomcat.TomcatWebServer  : Tomcat started on port 8080 (http) with context path '/ShopmeAdmin'
2024-02-07T10:27:29.229-05:00  INFO 8156 --- [restartedMain] c.shopme.admin.ShopmeBackEndApplication  : Started ShopmeBackEndApplication in 5.672 seconds (process running for 6.377)
2024-02-07T10:32:10.903-05:00  INFO 8156 --- [File Watcher] rtingClassPathChangeChangedEventListener : Restarting due to 1 class path change (0 additions, 0 deletions, 1 modification)
2024-02-07T10:32:10.919-05:00  INFO 8156 --- [Thread-5] j.LocalContainerEntityManagerFactoryBean : Closing JPA EntityManagerFactory for persistence unit 'default'
2024-02-07T10:32:10.923-05:00  INFO 8156 --- [Thread-5] com.zaxxer.hikari.HikariDataSource       : HikariPool-1 - Shutdown initiated...
2024-02-07T10:32:10.931-05:00  INFO 8156 --- [Thread-5] com.zaxxer.hikari.HikariDataSource       : HikariPool-1 - Shutdown completed.
2024-02-07T10:32:11.012-05:00  INFO 8156 --- [restartedMain] c.shopme.admin.ShopmeBackEndApplication  : Starting ShopmeBackEndApplication using Java 17.0.8.1 with PID 8156 (/Users/jinxu/Documents/ShopmeEcommerce/ShopmeProject/ShopmeWebParent/ShopmeBackEnd/target/classes started by jinxu in /Users/jinxu/Documents/ShopmeEcommerce/ShopmeProject/ShopmeWebParent/ShopmeBackEnd)
2024-02-07T10:32:11.012-05:00  INFO 8156 --- [restartedMain] c.shopme.admin.ShopmeBackEndApplication  : No active profile set, falling back to 1 default profile: "default"
2024-02-07T10:32:11.151-05:00  INFO 8156 --- [restartedMain] .s.d.r.c.RepositoryConfigurationDelegate : Bootstrapping Spring Data JPA repositories in DEFAULT mode.
2024-02-07T10:32:11.159-05:00  INFO 8156 --- [restartedMain] .s.d.r.c.RepositoryConfigurationDelegate : Finished Spring Data repository scanning in 8 ms. Found 2 JPA repository interfaces.
2024-02-07T10:32:11.274-05:00  INFO 8156 --- [restartedMain] o.s.b.w.embedded.tomcat.TomcatWebServer  : Tomcat initialized with port 8080 (http)
2024-02-07T10:32:11.275-05:00  INFO 8156 --- [restartedMain] o.apache.catalina.core.StandardService   : Starting service [Tomcat]
2024-02-07T10:32:11.275-05:00  INFO 8156 --- [restartedMain] o.apache.catalina.core.StandardEngine    : Starting Servlet engine: [Apache Tomcat/10.1.16]
2024-02-07T10:32:11.284-05:00  INFO 8156 --- [restartedMain] o.a.c.c.C.[.[localhost].[/ShopmeAdmin]   : Initializing Spring embedded WebApplicationContext
2024-02-07T10:32:11.284-05:00  INFO 8156 --- [restartedMain] w.s.c.ServletWebServerApplicationContext : Root WebApplicationContext: initialization completed in 269 ms
2024-02-07T10:32:11.322-05:00  INFO 8156 --- [restartedMain] o.hibernate.jpa.internal.util.LogHelper  : HHH000204: Processing PersistenceUnitInfo [name: default]
2024-02-07T10:32:11.324-05:00  INFO 8156 --- [restartedMain] o.h.c.internal.RegionFactoryInitiator    : HHH000026: Second-level cache disabled
2024-02-07T10:32:11.327-05:00  INFO 8156 --- [restartedMain] o.s.o.j.p.SpringPersistenceUnitInfo      : No LoadTimeWeaver setup: ignoring JPA class transformer
2024-02-07T10:32:11.328-05:00  INFO 8156 --- [restartedMain] com.zaxxer.hikari.HikariDataSource       : HikariPool-2 - Starting...
2024-02-07T10:32:11.328-05:00  WARN 8156 --- [restartedMain] c.zaxxer.hikari.util.DriverDataSource    : Registered driver with driverClassName=com.mysql.jdbc.Driver was not found, trying direct instantiation.
2024-02-07T10:32:11.342-05:00  INFO 8156 --- [restartedMain] com.zaxxer.hikari.pool.HikariPool        : HikariPool-2 - Added connection com.mysql.cj.jdbc.ConnectionImpl@4b2fc19d
2024-02-07T10:32:11.342-05:00  INFO 8156 --- [restartedMain] com.zaxxer.hikari.HikariDataSource       : HikariPool-2 - Start completed.
2024-02-07T10:32:11.342-05:00  WARN 8156 --- [restartedMain] org.hibernate.orm.deprecation            : HHH90000025: MySQL8Dialect does not need to be specified explicitly using 'hibernate.dialect' (remove the property setting and it will be selected by default)
2024-02-07T10:32:11.343-05:00  WARN 8156 --- [restartedMain] org.hibernate.orm.deprecation            : HHH90000026: MySQL8Dialect has been deprecated; use org.hibernate.dialect.MySQLDialect instead
2024-02-07T10:32:11.378-05:00  INFO 8156 --- [restartedMain] o.h.e.t.j.p.i.JtaPlatformInitiator       : HHH000489: No JTA platform available (set 'hibernate.transaction.jta.platform' to enable JTA platform integration)
2024-02-07T10:32:11.394-05:00  INFO 8156 --- [restartedMain] j.LocalContainerEntityManagerFactoryBean : Initialized JPA EntityManagerFactory for persistence unit 'default'
2024-02-07T10:32:11.464-05:00  WARN 8156 --- [restartedMain] JpaBaseConfiguration$JpaWebConfiguration : spring.jpa.open-in-view is enabled by default. Therefore, database queries may be performed during view rendering. Explicitly configure spring.jpa.open-in-view to disable this warning
2024-02-07T10:32:11.479-05:00  INFO 8156 --- [restartedMain] o.s.b.a.w.s.WelcomePageHandlerMapping    : Adding welcome page template: index
2024-02-07T10:32:11.658-05:00  INFO 8156 --- [restartedMain] o.s.s.web.DefaultSecurityFilterChain     : Will secure any request with [org.springframework.security.web.session.DisableEncodeUrlFilter@23e60f12, org.springframework.security.web.context.request.async.WebAsyncManagerIntegrationFilter@51de1293, org.springframework.security.web.context.SecurityContextHolderFilter@87822ca, org.springframework.security.web.header.HeaderWriterFilter@48c21a36, org.springframework.web.filter.CorsFilter@45757cdf, org.springframework.security.web.csrf.CsrfFilter@5acbc6de, org.springframework.security.web.authentication.logout.LogoutFilter@192e6eb6, org.springframework.security.web.authentication.UsernamePasswordAuthenticationFilter@5e22bbc, org.springframework.security.web.savedrequest.RequestCacheAwareFilter@c81e82d, org.springframework.security.web.servletapi.SecurityContextHolderAwareRequestFilter@b01836b, org.springframework.security.web.authentication.rememberme.RememberMeAuthenticationFilter@6334d97, org.springframework.security.web.authentication.AnonymousAuthenticationFilter@59b6ce13, org.springframework.security.web.access.ExceptionTranslationFilter@52aab5bb, org.springframework.security.web.access.intercept.AuthorizationFilter@6fd3a32e]
2024-02-07T10:32:11.707-05:00  WARN 8156 --- [restartedMain] o.s.s.c.a.web.builders.WebSecurity       : You are asking Spring Security to ignore Mvc [pattern='/images/**']. This is not recommended -- please use permitAll via HttpSecurity#authorizeHttpRequests instead.
2024-02-07T10:32:11.707-05:00  INFO 8156 --- [restartedMain] o.s.s.web.DefaultSecurityFilterChain     : Will not secure Mvc [pattern='/images/**']
2024-02-07T10:32:11.708-05:00  WARN 8156 --- [restartedMain] o.s.s.c.a.web.builders.WebSecurity       : You are asking Spring Security to ignore Mvc [pattern='/js/**']. This is not recommended -- please use permitAll via HttpSecurity#authorizeHttpRequests instead.
2024-02-07T10:32:11.708-05:00  INFO 8156 --- [restartedMain] o.s.s.web.DefaultSecurityFilterChain     : Will not secure Mvc [pattern='/js/**']
2024-02-07T10:32:11.708-05:00  WARN 8156 --- [restartedMain] o.s.s.c.a.web.builders.WebSecurity       : You are asking Spring Security to ignore Mvc [pattern='/webjars/**']. This is not recommended -- please use permitAll via HttpSecurity#authorizeHttpRequests instead.
2024-02-07T10:32:11.708-05:00  INFO 8156 --- [restartedMain] o.s.s.web.DefaultSecurityFilterChain     : Will not secure Mvc [pattern='/webjars/**']
2024-02-07T10:32:11.717-05:00  INFO 8156 --- [restartedMain] o.s.b.d.a.OptionalLiveReloadServer       : LiveReload server is running on port 35729
2024-02-07T10:32:11.726-05:00  INFO 8156 --- [restartedMain] o.s.b.w.embedded.tomcat.TomcatWebServer  : Tomcat started on port 8080 (http) with context path '/ShopmeAdmin'
2024-02-07T10:32:11.732-05:00  INFO 8156 --- [restartedMain] c.shopme.admin.ShopmeBackEndApplication  : Started ShopmeBackEndApplication in 0.745 seconds (process running for 288.878)
2024-02-07T10:32:11.734-05:00  INFO 8156 --- [restartedMain] .ConditionEvaluationDeltaLoggingListener : Condition evaluation unchanged
2024-02-07T10:36:32.075-05:00  INFO 8156 --- [File Watcher] rtingClassPathChangeChangedEventListener : Restarting due to 1 class path change (0 additions, 0 deletions, 1 modification)
2024-02-07T10:36:32.085-05:00  INFO 8156 --- [Thread-7] j.LocalContainerEntityManagerFactoryBean : Closing JPA EntityManagerFactory for persistence unit 'default'
2024-02-07T10:36:32.086-05:00  INFO 8156 --- [Thread-7] com.zaxxer.hikari.HikariDataSource       : HikariPool-2 - Shutdown initiated...
2024-02-07T10:36:32.092-05:00  INFO 8156 --- [Thread-7] com.zaxxer.hikari.HikariDataSource       : HikariPool-2 - Shutdown completed.
2024-02-07T10:36:32.168-05:00  INFO 8156 --- [restartedMain] c.shopme.admin.ShopmeBackEndApplication  : Starting ShopmeBackEndApplication using Java 17.0.8.1 with PID 8156 (/Users/jinxu/Documents/ShopmeEcommerce/ShopmeProject/ShopmeWebParent/ShopmeBackEnd/target/classes started by jinxu in /Users/jinxu/Documents/ShopmeEcommerce/ShopmeProject/ShopmeWebParent/ShopmeBackEnd)
2024-02-07T10:36:32.169-05:00  INFO 8156 --- [restartedMain] c.shopme.admin.ShopmeBackEndApplication  : No active profile set, falling back to 1 default profile: "default"
2024-02-07T10:36:32.282-05:00  INFO 8156 --- [restartedMain] .s.d.r.c.RepositoryConfigurationDelegate : Bootstrapping Spring Data JPA repositories in DEFAULT mode.
2024-02-07T10:36:32.295-05:00  INFO 8156 --- [restartedMain] .s.d.r.c.RepositoryConfigurationDelegate : Finished Spring Data repository scanning in 12 ms. Found 2 JPA repository interfaces.
2024-02-07T10:36:32.396-05:00  INFO 8156 --- [restartedMain] o.s.b.w.embedded.tomcat.TomcatWebServer  : Tomcat initialized with port 8080 (http)
2024-02-07T10:36:32.396-05:00  INFO 8156 --- [restartedMain] o.apache.catalina.core.StandardService   : Starting service [Tomcat]
2024-02-07T10:36:32.396-05:00  INFO 8156 --- [restartedMain] o.apache.catalina.core.StandardEngine    : Starting Servlet engine: [Apache Tomcat/10.1.16]
2024-02-07T10:36:32.405-05:00  INFO 8156 --- [restartedMain] o.a.c.c.C.[.[localhost].[/ShopmeAdmin]   : Initializing Spring embedded WebApplicationContext
2024-02-07T10:36:32.405-05:00  INFO 8156 --- [restartedMain] w.s.c.ServletWebServerApplicationContext : Root WebApplicationContext: initialization completed in 235 ms
2024-02-07T10:36:32.443-05:00  INFO 8156 --- [restartedMain] o.hibernate.jpa.internal.util.LogHelper  : HHH000204: Processing PersistenceUnitInfo [name: default]
2024-02-07T10:36:32.447-05:00  INFO 8156 --- [restartedMain] o.h.c.internal.RegionFactoryInitiator    : HHH000026: Second-level cache disabled
2024-02-07T10:36:32.451-05:00  INFO 8156 --- [restartedMain] o.s.o.j.p.SpringPersistenceUnitInfo      : No LoadTimeWeaver setup: ignoring JPA class transformer
2024-02-07T10:36:32.452-05:00  INFO 8156 --- [restartedMain] com.zaxxer.hikari.HikariDataSource       : HikariPool-3 - Starting...
2024-02-07T10:36:32.452-05:00  WARN 8156 --- [restartedMain] c.zaxxer.hikari.util.DriverDataSource    : Registered driver with driverClassName=com.mysql.jdbc.Driver was not found, trying direct instantiation.
2024-02-07T10:36:32.467-05:00  INFO 8156 --- [restartedMain] com.zaxxer.hikari.pool.HikariPool        : HikariPool-3 - Added connection com.mysql.cj.jdbc.ConnectionImpl@4757f651
2024-02-07T10:36:32.467-05:00  INFO 8156 --- [restartedMain] com.zaxxer.hikari.HikariDataSource       : HikariPool-3 - Start completed.
2024-02-07T10:36:32.468-05:00  WARN 8156 --- [restartedMain] org.hibernate.orm.deprecation            : HHH90000025: MySQL8Dialect does not need to be specified explicitly using 'hibernate.dialect' (remove the property setting and it will be selected by default)
2024-02-07T10:36:32.468-05:00  WARN 8156 --- [restartedMain] org.hibernate.orm.deprecation            : HHH90000026: MySQL8Dialect has been deprecated; use org.hibernate.dialect.MySQLDialect instead
2024-02-07T10:36:32.528-05:00  INFO 8156 --- [restartedMain] o.h.e.t.j.p.i.JtaPlatformInitiator       : HHH000489: No JTA platform available (set 'hibernate.transaction.jta.platform' to enable JTA platform integration)
2024-02-07T10:36:32.545-05:00  INFO 8156 --- [restartedMain] j.LocalContainerEntityManagerFactoryBean : Initialized JPA EntityManagerFactory for persistence unit 'default'
2024-02-07T10:36:32.611-05:00  WARN 8156 --- [restartedMain] JpaBaseConfiguration$JpaWebConfiguration : spring.jpa.open-in-view is enabled by default. Therefore, database queries may be performed during view rendering. Explicitly configure spring.jpa.open-in-view to disable this warning
2024-02-07T10:36:32.623-05:00  INFO 8156 --- [restartedMain] o.s.b.a.w.s.WelcomePageHandlerMapping    : Adding welcome page template: index
2024-02-07T10:36:32.772-05:00  INFO 8156 --- [restartedMain] o.s.s.web.DefaultSecurityFilterChain     : Will secure any request with [org.springframework.security.web.session.DisableEncodeUrlFilter@6528afd, org.springframework.security.web.context.request.async.WebAsyncManagerIntegrationFilter@1d9db844, org.springframework.security.web.context.SecurityContextHolderFilter@3d9a1ec5, org.springframework.security.web.header.HeaderWriterFilter@65b38a5a, org.springframework.web.filter.CorsFilter@66c2b4d1, org.springframework.security.web.csrf.CsrfFilter@3aa48daf, org.springframework.security.web.authentication.logout.LogoutFilter@6b0d622e, org.springframework.security.web.authentication.UsernamePasswordAuthenticationFilter@1dbcd31d, org.springframework.security.web.savedrequest.RequestCacheAwareFilter@23cd252c, org.springframework.security.web.servletapi.SecurityContextHolderAwareRequestFilter@7f949cfe, org.springframework.security.web.authentication.rememberme.RememberMeAuthenticationFilter@2251fc62, org.springframework.security.web.authentication.AnonymousAuthenticationFilter@4b5df687, org.springframework.security.web.access.ExceptionTranslationFilter@7185b003, org.springframework.security.web.access.intercept.AuthorizationFilter@1d20de85]
2024-02-07T10:36:32.827-05:00  WARN 8156 --- [restartedMain] o.s.s.c.a.web.builders.WebSecurity       : You are asking Spring Security to ignore Mvc [pattern='/images/**']. This is not recommended -- please use permitAll via HttpSecurity#authorizeHttpRequests instead.
2024-02-07T10:36:32.827-05:00  INFO 8156 --- [restartedMain] o.s.s.web.DefaultSecurityFilterChain     : Will not secure Mvc [pattern='/images/**']
2024-02-07T10:36:32.827-05:00  WARN 8156 --- [restartedMain] o.s.s.c.a.web.builders.WebSecurity       : You are asking Spring Security to ignore Mvc [pattern='/js/**']. This is not recommended -- please use permitAll via HttpSecurity#authorizeHttpRequests instead.
2024-02-07T10:36:32.827-05:00  INFO 8156 --- [restartedMain] o.s.s.web.DefaultSecurityFilterChain     : Will not secure Mvc [pattern='/js/**']
2024-02-07T10:36:32.827-05:00  WARN 8156 --- [restartedMain] o.s.s.c.a.web.builders.WebSecurity       : You are asking Spring Security to ignore Mvc [pattern='/webjars/**']. This is not recommended -- please use permitAll via HttpSecurity#authorizeHttpRequests instead.
2024-02-07T10:36:32.827-05:00  INFO 8156 --- [restartedMain] o.s.s.web.DefaultSecurityFilterChain     : Will not secure Mvc [pattern='/webjars/**']
2024-02-07T10:36:32.835-05:00  INFO 8156 --- [restartedMain] o.s.b.d.a.OptionalLiveReloadServer       : LiveReload server is running on port 35729
2024-02-07T10:36:32.844-05:00  INFO 8156 --- [restartedMain] o.s.b.w.embedded.tomcat.TomcatWebServer  : Tomcat started on port 8080 (http) with context path '/ShopmeAdmin'
2024-02-07T10:36:32.850-05:00  INFO 8156 --- [restartedMain] c.shopme.admin.ShopmeBackEndApplication  : Started ShopmeBackEndApplication in 0.704 seconds (process running for 549.994)
2024-02-07T10:36:32.852-05:00  INFO 8156 --- [restartedMain] .ConditionEvaluationDeltaLoggingListener : Condition evaluation unchanged
2024-02-07T10:36:57.528-05:00  INFO 8156 --- [File Watcher] rtingClassPathChangeChangedEventListener : Restarting due to 1 class path change (0 additions, 0 deletions, 1 modification)
2024-02-07T10:36:57.538-05:00  INFO 8156 --- [Thread-11] j.LocalContainerEntityManagerFactoryBean : Closing JPA EntityManagerFactory for persistence unit 'default'
2024-02-07T10:36:57.538-05:00  INFO 8156 --- [Thread-11] com.zaxxer.hikari.HikariDataSource       : HikariPool-3 - Shutdown initiated...
2024-02-07T10:36:57.543-05:00  INFO 8156 --- [Thread-11] com.zaxxer.hikari.HikariDataSource       : HikariPool-3 - Shutdown completed.
2024-02-07T10:36:57.637-05:00  INFO 8156 --- [restartedMain] c.shopme.admin.ShopmeBackEndApplication  : Starting ShopmeBackEndApplication using Java 17.0.8.1 with PID 8156 (/Users/jinxu/Documents/ShopmeEcommerce/ShopmeProject/ShopmeWebParent/ShopmeBackEnd/target/classes started by jinxu in /Users/jinxu/Documents/ShopmeEcommerce/ShopmeProject/ShopmeWebParent/ShopmeBackEnd)
2024-02-07T10:36:57.637-05:00  INFO 8156 --- [restartedMain] c.shopme.admin.ShopmeBackEndApplication  : No active profile set, falling back to 1 default profile: "default"
2024-02-07T10:36:57.772-05:00  INFO 8156 --- [restartedMain] .s.d.r.c.RepositoryConfigurationDelegate : Bootstrapping Spring Data JPA repositories in DEFAULT mode.
2024-02-07T10:36:57.780-05:00  INFO 8156 --- [restartedMain] .s.d.r.c.RepositoryConfigurationDelegate : Finished Spring Data repository scanning in 7 ms. Found 2 JPA repository interfaces.
2024-02-07T10:36:57.857-05:00  INFO 8156 --- [restartedMain] o.s.b.w.embedded.tomcat.TomcatWebServer  : Tomcat initialized with port 8080 (http)
2024-02-07T10:36:57.858-05:00  INFO 8156 --- [restartedMain] o.apache.catalina.core.StandardService   : Starting service [Tomcat]
2024-02-07T10:36:57.859-05:00  INFO 8156 --- [restartedMain] o.apache.catalina.core.StandardEngine    : Starting Servlet engine: [Apache Tomcat/10.1.16]
2024-02-07T10:36:57.870-05:00  INFO 8156 --- [restartedMain] o.a.c.c.C.[.[localhost].[/ShopmeAdmin]   : Initializing Spring embedded WebApplicationContext
2024-02-07T10:36:57.871-05:00  INFO 8156 --- [restartedMain] w.s.c.ServletWebServerApplicationContext : Root WebApplicationContext: initialization completed in 232 ms
2024-02-07T10:36:57.901-05:00  INFO 8156 --- [restartedMain] o.hibernate.jpa.internal.util.LogHelper  : HHH000204: Processing PersistenceUnitInfo [name: default]
2024-02-07T10:36:57.903-05:00  INFO 8156 --- [restartedMain] o.h.c.internal.RegionFactoryInitiator    : HHH000026: Second-level cache disabled
2024-02-07T10:36:57.906-05:00  INFO 8156 --- [restartedMain] o.s.o.j.p.SpringPersistenceUnitInfo      : No LoadTimeWeaver setup: ignoring JPA class transformer
2024-02-07T10:36:57.906-05:00  INFO 8156 --- [restartedMain] com.zaxxer.hikari.HikariDataSource       : HikariPool-4 - Starting...
2024-02-07T10:36:57.907-05:00  WARN 8156 --- [restartedMain] c.zaxxer.hikari.util.DriverDataSource    : Registered driver with driverClassName=com.mysql.jdbc.Driver was not found, trying direct instantiation.
2024-02-07T10:36:57.917-05:00  INFO 8156 --- [restartedMain] com.zaxxer.hikari.pool.HikariPool        : HikariPool-4 - Added connection com.mysql.cj.jdbc.ConnectionImpl@529bd946
2024-02-07T10:36:57.917-05:00  INFO 8156 --- [restartedMain] com.zaxxer.hikari.HikariDataSource       : HikariPool-4 - Start completed.
2024-02-07T10:36:57.917-05:00  WARN 8156 --- [restartedMain] org.hibernate.orm.deprecation            : HHH90000025: MySQL8Dialect does not need to be specified explicitly using 'hibernate.dialect' (remove the property setting and it will be selected by default)
2024-02-07T10:36:57.918-05:00  WARN 8156 --- [restartedMain] org.hibernate.orm.deprecation            : HHH90000026: MySQL8Dialect has been deprecated; use org.hibernate.dialect.MySQLDialect instead
2024-02-07T10:36:57.956-05:00  INFO 8156 --- [restartedMain] o.h.e.t.j.p.i.JtaPlatformInitiator       : HHH000489: No JTA platform available (set 'hibernate.transaction.jta.platform' to enable JTA platform integration)
2024-02-07T10:36:57.971-05:00  INFO 8156 --- [restartedMain] j.LocalContainerEntityManagerFactoryBean : Initialized JPA EntityManagerFactory for persistence unit 'default'
2024-02-07T10:36:58.035-05:00  WARN 8156 --- [restartedMain] JpaBaseConfiguration$JpaWebConfiguration : spring.jpa.open-in-view is enabled by default. Therefore, database queries may be performed during view rendering. Explicitly configure spring.jpa.open-in-view to disable this warning
2024-02-07T10:36:58.048-05:00  INFO 8156 --- [restartedMain] o.s.b.a.w.s.WelcomePageHandlerMapping    : Adding welcome page template: index
2024-02-07T10:36:58.190-05:00  INFO 8156 --- [restartedMain] o.s.s.web.DefaultSecurityFilterChain     : Will secure any request with [org.springframework.security.web.session.DisableEncodeUrlFilter@1c3fb42b, org.springframework.security.web.context.request.async.WebAsyncManagerIntegrationFilter@43628dc7, org.springframework.security.web.context.SecurityContextHolderFilter@17e19d43, org.springframework.security.web.header.HeaderWriterFilter@cceb0f3, org.springframework.web.filter.CorsFilter@14de5059, org.springframework.security.web.csrf.CsrfFilter@5b4b8590, org.springframework.security.web.authentication.logout.LogoutFilter@58141966, org.springframework.security.web.authentication.UsernamePasswordAuthenticationFilter@3d1d5ecc, org.springframework.security.web.savedrequest.RequestCacheAwareFilter@1001ed2a, org.springframework.security.web.servletapi.SecurityContextHolderAwareRequestFilter@3ab4f95d, org.springframework.security.web.authentication.rememberme.RememberMeAuthenticationFilter@453abf20, org.springframework.security.web.authentication.AnonymousAuthenticationFilter@48d2e5d, org.springframework.security.web.access.ExceptionTranslationFilter@dd4f97e, org.springframework.security.web.access.intercept.AuthorizationFilter@5a00a053]
2024-02-07T10:36:58.240-05:00  WARN 8156 --- [restartedMain] o.s.s.c.a.web.builders.WebSecurity       : You are asking Spring Security to ignore Mvc [pattern='/images/**']. This is not recommended -- please use permitAll via HttpSecurity#authorizeHttpRequests instead.
2024-02-07T10:36:58.240-05:00  INFO 8156 --- [restartedMain] o.s.s.web.DefaultSecurityFilterChain     : Will not secure Mvc [pattern='/images/**']
2024-02-07T10:36:58.240-05:00  WARN 8156 --- [restartedMain] o.s.s.c.a.web.builders.WebSecurity       : You are asking Spring Security to ignore Mvc [pattern='/js/**']. This is not recommended -- please use permitAll via HttpSecurity#authorizeHttpRequests instead.
2024-02-07T10:36:58.240-05:00  INFO 8156 --- [restartedMain] o.s.s.web.DefaultSecurityFilterChain     : Will not secure Mvc [pattern='/js/**']
2024-02-07T10:36:58.240-05:00  WARN 8156 --- [restartedMain] o.s.s.c.a.web.builders.WebSecurity       : You are asking Spring Security to ignore Mvc [pattern='/webjars/**']. This is not recommended -- please use permitAll via HttpSecurity#authorizeHttpRequests instead.
2024-02-07T10:36:58.240-05:00  INFO 8156 --- [restartedMain] o.s.s.web.DefaultSecurityFilterChain     : Will not secure Mvc [pattern='/webjars/**']
2024-02-07T10:36:58.257-05:00  INFO 8156 --- [restartedMain] o.s.b.d.a.OptionalLiveReloadServer       : LiveReload server is running on port 35729
2024-02-07T10:36:58.268-05:00  INFO 8156 --- [restartedMain] o.s.b.w.embedded.tomcat.TomcatWebServer  : Tomcat started on port 8080 (http) with context path '/ShopmeAdmin'
2024-02-07T10:36:58.274-05:00  INFO 8156 --- [restartedMain] c.shopme.admin.ShopmeBackEndApplication  : Started ShopmeBackEndApplication in 0.665 seconds (process running for 575.417)
2024-02-07T10:36:58.275-05:00  INFO 8156 --- [restartedMain] .ConditionEvaluationDeltaLoggingListener : Condition evaluation unchanged
2024-02-07T10:41:32.505-05:00  INFO 8156 --- [RMI TCP Connection(32)-127.0.0.1] inMXBeanRegistrar$SpringApplicationAdmin : Application shutdown requested.
2024-02-07T10:41:32.510-05:00  INFO 8156 --- [RMI TCP Connection(32)-127.0.0.1] j.LocalContainerEntityManagerFactoryBean : Closing JPA EntityManagerFactory for persistence unit 'default'
2024-02-07T10:41:32.511-05:00  INFO 8156 --- [RMI TCP Connection(32)-127.0.0.1] com.zaxxer.hikari.HikariDataSource       : HikariPool-4 - Shutdown initiated...
2024-02-07T10:41:32.515-05:00  INFO 8156 --- [RMI TCP Connection(32)-127.0.0.1] com.zaxxer.hikari.HikariDataSource       : HikariPool-4 - Shutdown completed.
