2024-03-15T10:04:24.782-04:00  INFO 22790 --- [File Watcher] rtingClassPathChangeChangedEventListener : Restarting due to 1 class path change (0 additions, 0 deletions, 1 modification)
2024-03-15T10:04:24.788-04:00  INFO 22790 --- [Thread-19] j.LocalContainerEntityManagerFactoryBean : Closing JPA EntityManagerFactory for persistence unit 'default'
2024-03-15T10:04:24.789-04:00  INFO 22790 --- [Thread-19] com.zaxxer.hikari.HikariDataSource       : HikariPool-5 - Shutdown initiated...
2024-03-15T10:04:24.793-04:00  INFO 22790 --- [Thread-19] com.zaxxer.hikari.HikariDataSource       : HikariPool-5 - Shutdown completed.
2024-03-15T10:04:24.868-04:00  INFO 22790 --- [restartedMain] c.shopme.admin.ShopmeBackEndApplication  : Starting ShopmeBackEndApplication using Java 17.0.8.1 with PID 22790 (/Users/jinxu/Documents/ShopmeEcommerce/ShopmeProject/ShopmeWebParent/ShopmeBackEnd/target/classes started by jinxu in /Users/jinxu/Documents/ShopmeEcommerce/ShopmeProject/ShopmeWebParent/ShopmeBackEnd)
2024-03-15T10:04:24.868-04:00  INFO 22790 --- [restartedMain] c.shopme.admin.ShopmeBackEndApplication  : No active profile set, falling back to 1 default profile: "default"
2024-03-15T10:04:24.994-04:00  INFO 22790 --- [restartedMain] .s.d.r.c.RepositoryConfigurationDelegate : Bootstrapping Spring Data JPA repositories in DEFAULT mode.
2024-03-15T10:04:25.002-04:00  INFO 22790 --- [restartedMain] .s.d.r.c.RepositoryConfigurationDelegate : Finished Spring Data repository scanning in 7 ms. Found 3 JPA repository interfaces.
2024-03-15T10:04:25.081-04:00  INFO 22790 --- [restartedMain] o.s.b.w.embedded.tomcat.TomcatWebServer  : Tomcat initialized with port 8080 (http)
2024-03-15T10:04:25.082-04:00  INFO 22790 --- [restartedMain] o.apache.catalina.core.StandardService   : Starting service [Tomcat]
2024-03-15T10:04:25.082-04:00  INFO 22790 --- [restartedMain] o.apache.catalina.core.StandardEngine    : Starting Servlet engine: [Apache Tomcat/10.1.16]
2024-03-15T10:04:25.089-04:00  INFO 22790 --- [restartedMain] o.a.c.c.C.[.[localhost].[/ShopmeAdmin]   : Initializing Spring embedded WebApplicationContext
2024-03-15T10:04:25.089-04:00  INFO 22790 --- [restartedMain] w.s.c.ServletWebServerApplicationContext : Root WebApplicationContext: initialization completed in 219 ms
2024-03-15T10:04:25.123-04:00  INFO 22790 --- [restartedMain] o.hibernate.jpa.internal.util.LogHelper  : HHH000204: Processing PersistenceUnitInfo [name: default]
2024-03-15T10:04:25.125-04:00  INFO 22790 --- [restartedMain] o.h.c.internal.RegionFactoryInitiator    : HHH000026: Second-level cache disabled
2024-03-15T10:04:25.127-04:00  INFO 22790 --- [restartedMain] o.s.o.j.p.SpringPersistenceUnitInfo      : No LoadTimeWeaver setup: ignoring JPA class transformer
2024-03-15T10:04:25.128-04:00  INFO 22790 --- [restartedMain] com.zaxxer.hikari.HikariDataSource       : HikariPool-6 - Starting...
2024-03-15T10:04:25.128-04:00  WARN 22790 --- [restartedMain] c.zaxxer.hikari.util.DriverDataSource    : Registered driver with driverClassName=com.mysql.jdbc.Driver was not found, trying direct instantiation.
2024-03-15T10:04:25.139-04:00  INFO 22790 --- [restartedMain] com.zaxxer.hikari.pool.HikariPool        : HikariPool-6 - Added connection com.mysql.cj.jdbc.ConnectionImpl@256d9435
2024-03-15T10:04:25.139-04:00  INFO 22790 --- [restartedMain] com.zaxxer.hikari.HikariDataSource       : HikariPool-6 - Start completed.
2024-03-15T10:04:25.139-04:00  WARN 22790 --- [restartedMain] org.hibernate.orm.deprecation            : HHH90000025: MySQL8Dialect does not need to be specified explicitly using 'hibernate.dialect' (remove the property setting and it will be selected by default)
2024-03-15T10:04:25.139-04:00  WARN 22790 --- [restartedMain] org.hibernate.orm.deprecation            : HHH90000026: MySQL8Dialect has been deprecated; use org.hibernate.dialect.MySQLDialect instead
2024-03-15T10:04:25.173-04:00  INFO 22790 --- [restartedMain] o.h.e.t.j.p.i.JtaPlatformInitiator       : HHH000489: No JTA platform available (set 'hibernate.transaction.jta.platform' to enable JTA platform integration)
2024-03-15T10:04:25.235-04:00  INFO 22790 --- [restartedMain] j.LocalContainerEntityManagerFactoryBean : Initialized JPA EntityManagerFactory for persistence unit 'default'
2024-03-15T10:04:25.300-04:00  WARN 22790 --- [restartedMain] JpaBaseConfiguration$JpaWebConfiguration : spring.jpa.open-in-view is enabled by default. Therefore, database queries may be performed during view rendering. Explicitly configure spring.jpa.open-in-view to disable this warning
2024-03-15T10:04:25.314-04:00  INFO 22790 --- [restartedMain] o.s.b.a.w.s.WelcomePageHandlerMapping    : Adding welcome page template: index
2024-03-15T10:04:25.459-04:00  INFO 22790 --- [restartedMain] o.s.s.web.DefaultSecurityFilterChain     : Will secure any request with [org.springframework.security.web.session.DisableEncodeUrlFilter@1847421e, org.springframework.security.web.context.request.async.WebAsyncManagerIntegrationFilter@6d25abed, org.springframework.security.web.context.SecurityContextHolderFilter@25c5fabe, org.springframework.security.web.header.HeaderWriterFilter@7040624c, org.springframework.web.filter.CorsFilter@6753a34c, org.springframework.security.web.csrf.CsrfFilter@3b82b35e, org.springframework.security.web.authentication.logout.LogoutFilter@3095b895, org.springframework.security.web.authentication.UsernamePasswordAuthenticationFilter@36b7997c, org.springframework.security.web.savedrequest.RequestCacheAwareFilter@bf3b51b, org.springframework.security.web.servletapi.SecurityContextHolderAwareRequestFilter@5fe3deb6, org.springframework.security.web.authentication.rememberme.RememberMeAuthenticationFilter@512041cb, org.springframework.security.web.authentication.AnonymousAuthenticationFilter@34ae9874, org.springframework.security.web.access.ExceptionTranslationFilter@6a77d66d, org.springframework.security.web.access.intercept.AuthorizationFilter@2b7bdd96]
2024-03-15T10:04:25.505-04:00  WARN 22790 --- [restartedMain] o.s.s.c.a.web.builders.WebSecurity       : You are asking Spring Security to ignore Mvc [pattern='/images/**']. This is not recommended -- please use permitAll via HttpSecurity#authorizeHttpRequests instead.
2024-03-15T10:04:25.505-04:00  INFO 22790 --- [restartedMain] o.s.s.web.DefaultSecurityFilterChain     : Will not secure Mvc [pattern='/images/**']
2024-03-15T10:04:25.505-04:00  WARN 22790 --- [restartedMain] o.s.s.c.a.web.builders.WebSecurity       : You are asking Spring Security to ignore Mvc [pattern='/js/**']. This is not recommended -- please use permitAll via HttpSecurity#authorizeHttpRequests instead.
2024-03-15T10:04:25.505-04:00  INFO 22790 --- [restartedMain] o.s.s.web.DefaultSecurityFilterChain     : Will not secure Mvc [pattern='/js/**']
2024-03-15T10:04:25.505-04:00  WARN 22790 --- [restartedMain] o.s.s.c.a.web.builders.WebSecurity       : You are asking Spring Security to ignore Mvc [pattern='/webjars/**']. This is not recommended -- please use permitAll via HttpSecurity#authorizeHttpRequests instead.
2024-03-15T10:04:25.505-04:00  INFO 22790 --- [restartedMain] o.s.s.web.DefaultSecurityFilterChain     : Will not secure Mvc [pattern='/webjars/**']
2024-03-15T10:04:25.514-04:00  INFO 22790 --- [restartedMain] o.s.b.d.a.OptionalLiveReloadServer       : LiveReload server is running on port 35729
2024-03-15T10:04:25.524-04:00  INFO 22790 --- [restartedMain] o.s.b.w.embedded.tomcat.TomcatWebServer  : Tomcat started on port 8080 (http) with context path '/ShopmeAdmin'
2024-03-15T10:04:25.531-04:00  INFO 22790 --- [restartedMain] c.shopme.admin.ShopmeBackEndApplication  : Started ShopmeBackEndApplication in 0.681 seconds (process running for 3027.27)
2024-03-15T10:04:25.534-04:00  INFO 22790 --- [restartedMain] .ConditionEvaluationDeltaLoggingListener : Condition evaluation unchanged
2024-03-15T10:04:28.980-04:00  INFO 22790 --- [File Watcher] rtingClassPathChangeChangedEventListener : Restarting due to 1 class path change (0 additions, 0 deletions, 1 modification)
2024-03-15T10:04:28.987-04:00  INFO 22790 --- [Thread-23] j.LocalContainerEntityManagerFactoryBean : Closing JPA EntityManagerFactory for persistence unit 'default'
2024-03-15T10:04:28.988-04:00  INFO 22790 --- [Thread-23] com.zaxxer.hikari.HikariDataSource       : HikariPool-6 - Shutdown initiated...
2024-03-15T10:04:28.993-04:00  INFO 22790 --- [Thread-23] com.zaxxer.hikari.HikariDataSource       : HikariPool-6 - Shutdown completed.
2024-03-15T10:04:29.069-04:00  INFO 22790 --- [restartedMain] c.shopme.admin.ShopmeBackEndApplication  : Starting ShopmeBackEndApplication using Java 17.0.8.1 with PID 22790 (/Users/jinxu/Documents/ShopmeEcommerce/ShopmeProject/ShopmeWebParent/ShopmeBackEnd/target/classes started by jinxu in /Users/jinxu/Documents/ShopmeEcommerce/ShopmeProject/ShopmeWebParent/ShopmeBackEnd)
2024-03-15T10:04:29.070-04:00  INFO 22790 --- [restartedMain] c.shopme.admin.ShopmeBackEndApplication  : No active profile set, falling back to 1 default profile: "default"
2024-03-15T10:04:29.176-04:00  INFO 22790 --- [restartedMain] .s.d.r.c.RepositoryConfigurationDelegate : Bootstrapping Spring Data JPA repositories in DEFAULT mode.
2024-03-15T10:04:29.183-04:00  INFO 22790 --- [restartedMain] .s.d.r.c.RepositoryConfigurationDelegate : Finished Spring Data repository scanning in 6 ms. Found 3 JPA repository interfaces.
2024-03-15T10:04:29.256-04:00  INFO 22790 --- [restartedMain] o.s.b.w.embedded.tomcat.TomcatWebServer  : Tomcat initialized with port 8080 (http)
2024-03-15T10:04:29.257-04:00  INFO 22790 --- [restartedMain] o.apache.catalina.core.StandardService   : Starting service [Tomcat]
2024-03-15T10:04:29.257-04:00  INFO 22790 --- [restartedMain] o.apache.catalina.core.StandardEngine    : Starting Servlet engine: [Apache Tomcat/10.1.16]
2024-03-15T10:04:29.267-04:00  INFO 22790 --- [restartedMain] o.a.c.c.C.[.[localhost].[/ShopmeAdmin]   : Initializing Spring embedded WebApplicationContext
2024-03-15T10:04:29.267-04:00  INFO 22790 --- [restartedMain] w.s.c.ServletWebServerApplicationContext : Root WebApplicationContext: initialization completed in 196 ms
2024-03-15T10:04:29.307-04:00  INFO 22790 --- [restartedMain] o.hibernate.jpa.internal.util.LogHelper  : HHH000204: Processing PersistenceUnitInfo [name: default]
2024-03-15T10:04:29.310-04:00  INFO 22790 --- [restartedMain] o.h.c.internal.RegionFactoryInitiator    : HHH000026: Second-level cache disabled
2024-03-15T10:04:29.313-04:00  INFO 22790 --- [restartedMain] o.s.o.j.p.SpringPersistenceUnitInfo      : No LoadTimeWeaver setup: ignoring JPA class transformer
2024-03-15T10:04:29.314-04:00  INFO 22790 --- [restartedMain] com.zaxxer.hikari.HikariDataSource       : HikariPool-7 - Starting...
2024-03-15T10:04:29.314-04:00  WARN 22790 --- [restartedMain] c.zaxxer.hikari.util.DriverDataSource    : Registered driver with driverClassName=com.mysql.jdbc.Driver was not found, trying direct instantiation.
2024-03-15T10:04:29.326-04:00  INFO 22790 --- [restartedMain] com.zaxxer.hikari.pool.HikariPool        : HikariPool-7 - Added connection com.mysql.cj.jdbc.ConnectionImpl@1f2d53e6
2024-03-15T10:04:29.326-04:00  INFO 22790 --- [restartedMain] com.zaxxer.hikari.HikariDataSource       : HikariPool-7 - Start completed.
2024-03-15T10:04:29.326-04:00  WARN 22790 --- [restartedMain] org.hibernate.orm.deprecation            : HHH90000025: MySQL8Dialect does not need to be specified explicitly using 'hibernate.dialect' (remove the property setting and it will be selected by default)
2024-03-15T10:04:29.326-04:00  WARN 22790 --- [restartedMain] org.hibernate.orm.deprecation            : HHH90000026: MySQL8Dialect has been deprecated; use org.hibernate.dialect.MySQLDialect instead
2024-03-15T10:04:29.366-04:00  INFO 22790 --- [restartedMain] o.h.e.t.j.p.i.JtaPlatformInitiator       : HHH000489: No JTA platform available (set 'hibernate.transaction.jta.platform' to enable JTA platform integration)
2024-03-15T10:04:29.387-04:00  INFO 22790 --- [restartedMain] j.LocalContainerEntityManagerFactoryBean : Initialized JPA EntityManagerFactory for persistence unit 'default'
2024-03-15T10:04:29.459-04:00  WARN 22790 --- [restartedMain] JpaBaseConfiguration$JpaWebConfiguration : spring.jpa.open-in-view is enabled by default. Therefore, database queries may be performed during view rendering. Explicitly configure spring.jpa.open-in-view to disable this warning
2024-03-15T10:04:29.473-04:00  INFO 22790 --- [restartedMain] o.s.b.a.w.s.WelcomePageHandlerMapping    : Adding welcome page template: index
2024-03-15T10:04:29.632-04:00  INFO 22790 --- [restartedMain] o.s.s.web.DefaultSecurityFilterChain     : Will secure any request with [org.springframework.security.web.session.DisableEncodeUrlFilter@273bbd6d, org.springframework.security.web.context.request.async.WebAsyncManagerIntegrationFilter@531433cb, org.springframework.security.web.context.SecurityContextHolderFilter@1272384d, org.springframework.security.web.header.HeaderWriterFilter@e06e86b, org.springframework.web.filter.CorsFilter@5abfc35a, org.springframework.security.web.csrf.CsrfFilter@408af34b, org.springframework.security.web.authentication.logout.LogoutFilter@6224ab39, org.springframework.security.web.authentication.UsernamePasswordAuthenticationFilter@1523802b, org.springframework.security.web.savedrequest.RequestCacheAwareFilter@5f581e3, org.springframework.security.web.servletapi.SecurityContextHolderAwareRequestFilter@586bb9d0, org.springframework.security.web.authentication.rememberme.RememberMeAuthenticationFilter@52198cd5, org.springframework.security.web.authentication.AnonymousAuthenticationFilter@44de83fc, org.springframework.security.web.access.ExceptionTranslationFilter@1b18db66, org.springframework.security.web.access.intercept.AuthorizationFilter@4ed75190]
2024-03-15T10:04:29.681-04:00  WARN 22790 --- [restartedMain] o.s.s.c.a.web.builders.WebSecurity       : You are asking Spring Security to ignore Mvc [pattern='/images/**']. This is not recommended -- please use permitAll via HttpSecurity#authorizeHttpRequests instead.
2024-03-15T10:04:29.681-04:00  INFO 22790 --- [restartedMain] o.s.s.web.DefaultSecurityFilterChain     : Will not secure Mvc [pattern='/images/**']
2024-03-15T10:04:29.681-04:00  WARN 22790 --- [restartedMain] o.s.s.c.a.web.builders.WebSecurity       : You are asking Spring Security to ignore Mvc [pattern='/js/**']. This is not recommended -- please use permitAll via HttpSecurity#authorizeHttpRequests instead.
2024-03-15T10:04:29.681-04:00  INFO 22790 --- [restartedMain] o.s.s.web.DefaultSecurityFilterChain     : Will not secure Mvc [pattern='/js/**']
2024-03-15T10:04:29.681-04:00  WARN 22790 --- [restartedMain] o.s.s.c.a.web.builders.WebSecurity       : You are asking Spring Security to ignore Mvc [pattern='/webjars/**']. This is not recommended -- please use permitAll via HttpSecurity#authorizeHttpRequests instead.
2024-03-15T10:04:29.681-04:00  INFO 22790 --- [restartedMain] o.s.s.web.DefaultSecurityFilterChain     : Will not secure Mvc [pattern='/webjars/**']
2024-03-15T10:04:29.696-04:00  INFO 22790 --- [restartedMain] o.s.b.d.a.OptionalLiveReloadServer       : LiveReload server is running on port 35729
2024-03-15T10:04:29.709-04:00  INFO 22790 --- [restartedMain] o.s.b.w.embedded.tomcat.TomcatWebServer  : Tomcat started on port 8080 (http) with context path '/ShopmeAdmin'
2024-03-15T10:04:29.715-04:00  INFO 22790 --- [restartedMain] c.shopme.admin.ShopmeBackEndApplication  : Started ShopmeBackEndApplication in 0.665 seconds (process running for 3031.454)
2024-03-15T10:04:29.716-04:00  INFO 22790 --- [restartedMain] .ConditionEvaluationDeltaLoggingListener : Condition evaluation unchanged
2024-03-15T10:04:33.161-04:00  INFO 22790 --- [File Watcher] rtingClassPathChangeChangedEventListener : Restarting due to 1 class path change (0 additions, 0 deletions, 1 modification)
2024-03-15T10:04:33.169-04:00  INFO 22790 --- [Thread-27] j.LocalContainerEntityManagerFactoryBean : Closing JPA EntityManagerFactory for persistence unit 'default'
2024-03-15T10:04:33.170-04:00  INFO 22790 --- [Thread-27] com.zaxxer.hikari.HikariDataSource       : HikariPool-7 - Shutdown initiated...
2024-03-15T10:04:33.175-04:00  INFO 22790 --- [Thread-27] com.zaxxer.hikari.HikariDataSource       : HikariPool-7 - Shutdown completed.
2024-03-15T10:04:33.254-04:00  INFO 22790 --- [restartedMain] c.shopme.admin.ShopmeBackEndApplication  : Starting ShopmeBackEndApplication using Java 17.0.8.1 with PID 22790 (/Users/jinxu/Documents/ShopmeEcommerce/ShopmeProject/ShopmeWebParent/ShopmeBackEnd/target/classes started by jinxu in /Users/jinxu/Documents/ShopmeEcommerce/ShopmeProject/ShopmeWebParent/ShopmeBackEnd)
2024-03-15T10:04:33.255-04:00  INFO 22790 --- [restartedMain] c.shopme.admin.ShopmeBackEndApplication  : No active profile set, falling back to 1 default profile: "default"
2024-03-15T10:04:33.376-04:00  INFO 22790 --- [restartedMain] .s.d.r.c.RepositoryConfigurationDelegate : Bootstrapping Spring Data JPA repositories in DEFAULT mode.
2024-03-15T10:04:33.383-04:00  INFO 22790 --- [restartedMain] .s.d.r.c.RepositoryConfigurationDelegate : Finished Spring Data repository scanning in 7 ms. Found 3 JPA repository interfaces.
2024-03-15T10:04:33.455-04:00  INFO 22790 --- [restartedMain] o.s.b.w.embedded.tomcat.TomcatWebServer  : Tomcat initialized with port 8080 (http)
2024-03-15T10:04:33.456-04:00  INFO 22790 --- [restartedMain] o.apache.catalina.core.StandardService   : Starting service [Tomcat]
2024-03-15T10:04:33.456-04:00  INFO 22790 --- [restartedMain] o.apache.catalina.core.StandardEngine    : Starting Servlet engine: [Apache Tomcat/10.1.16]
2024-03-15T10:04:33.464-04:00  INFO 22790 --- [restartedMain] o.a.c.c.C.[.[localhost].[/ShopmeAdmin]   : Initializing Spring embedded WebApplicationContext
2024-03-15T10:04:33.464-04:00  INFO 22790 --- [restartedMain] w.s.c.ServletWebServerApplicationContext : Root WebApplicationContext: initialization completed in 208 ms
2024-03-15T10:04:33.493-04:00  INFO 22790 --- [restartedMain] o.hibernate.jpa.internal.util.LogHelper  : HHH000204: Processing PersistenceUnitInfo [name: default]
2024-03-15T10:04:33.495-04:00  INFO 22790 --- [restartedMain] o.h.c.internal.RegionFactoryInitiator    : HHH000026: Second-level cache disabled
2024-03-15T10:04:33.498-04:00  INFO 22790 --- [restartedMain] o.s.o.j.p.SpringPersistenceUnitInfo      : No LoadTimeWeaver setup: ignoring JPA class transformer
2024-03-15T10:04:33.498-04:00  INFO 22790 --- [restartedMain] com.zaxxer.hikari.HikariDataSource       : HikariPool-8 - Starting...
2024-03-15T10:04:33.498-04:00  WARN 22790 --- [restartedMain] c.zaxxer.hikari.util.DriverDataSource    : Registered driver with driverClassName=com.mysql.jdbc.Driver was not found, trying direct instantiation.
2024-03-15T10:04:33.510-04:00  INFO 22790 --- [restartedMain] com.zaxxer.hikari.pool.HikariPool        : HikariPool-8 - Added connection com.mysql.cj.jdbc.ConnectionImpl@1f03027d
2024-03-15T10:04:33.510-04:00  INFO 22790 --- [restartedMain] com.zaxxer.hikari.HikariDataSource       : HikariPool-8 - Start completed.
2024-03-15T10:04:33.511-04:00  WARN 22790 --- [restartedMain] org.hibernate.orm.deprecation            : HHH90000025: MySQL8Dialect does not need to be specified explicitly using 'hibernate.dialect' (remove the property setting and it will be selected by default)
2024-03-15T10:04:33.511-04:00  WARN 22790 --- [restartedMain] org.hibernate.orm.deprecation            : HHH90000026: MySQL8Dialect has been deprecated; use org.hibernate.dialect.MySQLDialect instead
2024-03-15T10:04:33.561-04:00  INFO 22790 --- [restartedMain] o.h.e.t.j.p.i.JtaPlatformInitiator       : HHH000489: No JTA platform available (set 'hibernate.transaction.jta.platform' to enable JTA platform integration)
2024-03-15T10:04:33.592-04:00  INFO 22790 --- [restartedMain] j.LocalContainerEntityManagerFactoryBean : Initialized JPA EntityManagerFactory for persistence unit 'default'
2024-03-15T10:04:33.648-04:00  WARN 22790 --- [restartedMain] JpaBaseConfiguration$JpaWebConfiguration : spring.jpa.open-in-view is enabled by default. Therefore, database queries may be performed during view rendering. Explicitly configure spring.jpa.open-in-view to disable this warning
2024-03-15T10:04:33.660-04:00  INFO 22790 --- [restartedMain] o.s.b.a.w.s.WelcomePageHandlerMapping    : Adding welcome page template: index
2024-03-15T10:04:33.926-04:00  INFO 22790 --- [restartedMain] o.s.s.web.DefaultSecurityFilterChain     : Will secure any request with [org.springframework.security.web.session.DisableEncodeUrlFilter@518a42ba, org.springframework.security.web.context.request.async.WebAsyncManagerIntegrationFilter@25c569de, org.springframework.security.web.context.SecurityContextHolderFilter@2110ff65, org.springframework.security.web.header.HeaderWriterFilter@faa36d5, org.springframework.web.filter.CorsFilter@3d8368b9, org.springframework.security.web.csrf.CsrfFilter@553e3478, org.springframework.security.web.authentication.logout.LogoutFilter@2cbe6473, org.springframework.security.web.authentication.UsernamePasswordAuthenticationFilter@2f06fb04, org.springframework.security.web.savedrequest.RequestCacheAwareFilter@52982cb, org.springframework.security.web.servletapi.SecurityContextHolderAwareRequestFilter@54b1c152, org.springframework.security.web.authentication.rememberme.RememberMeAuthenticationFilter@70448f6b, org.springframework.security.web.authentication.AnonymousAuthenticationFilter@69e897b5, org.springframework.security.web.access.ExceptionTranslationFilter@1498ba36, org.springframework.security.web.access.intercept.AuthorizationFilter@3f29624f]
2024-03-15T10:04:33.970-04:00  WARN 22790 --- [restartedMain] o.s.s.c.a.web.builders.WebSecurity       : You are asking Spring Security to ignore Mvc [pattern='/images/**']. This is not recommended -- please use permitAll via HttpSecurity#authorizeHttpRequests instead.
2024-03-15T10:04:33.970-04:00  INFO 22790 --- [restartedMain] o.s.s.web.DefaultSecurityFilterChain     : Will not secure Mvc [pattern='/images/**']
2024-03-15T10:04:33.970-04:00  WARN 22790 --- [restartedMain] o.s.s.c.a.web.builders.WebSecurity       : You are asking Spring Security to ignore Mvc [pattern='/js/**']. This is not recommended -- please use permitAll via HttpSecurity#authorizeHttpRequests instead.
2024-03-15T10:04:33.970-04:00  INFO 22790 --- [restartedMain] o.s.s.web.DefaultSecurityFilterChain     : Will not secure Mvc [pattern='/js/**']
2024-03-15T10:04:33.970-04:00  WARN 22790 --- [restartedMain] o.s.s.c.a.web.builders.WebSecurity       : You are asking Spring Security to ignore Mvc [pattern='/webjars/**']. This is not recommended -- please use permitAll via HttpSecurity#authorizeHttpRequests instead.
2024-03-15T10:04:33.971-04:00  INFO 22790 --- [restartedMain] o.s.s.web.DefaultSecurityFilterChain     : Will not secure Mvc [pattern='/webjars/**']
2024-03-15T10:04:33.979-04:00  INFO 22790 --- [restartedMain] o.s.b.d.a.OptionalLiveReloadServer       : LiveReload server is running on port 35729
2024-03-15T10:04:33.994-04:00  INFO 22790 --- [restartedMain] o.s.b.w.embedded.tomcat.TomcatWebServer  : Tomcat started on port 8080 (http) with context path '/ShopmeAdmin'
2024-03-15T10:04:34.000-04:00  INFO 22790 --- [restartedMain] c.shopme.admin.ShopmeBackEndApplication  : Started ShopmeBackEndApplication in 0.763 seconds (process running for 3035.739)
2024-03-15T10:04:34.001-04:00  INFO 22790 --- [restartedMain] .ConditionEvaluationDeltaLoggingListener : Condition evaluation unchanged
2024-03-15T10:05:03.499-04:00  INFO 22790 --- [http-nio-8080-exec-1] o.a.c.c.C.[.[localhost].[/ShopmeAdmin]   : Initializing Spring DispatcherServlet 'dispatcherServlet'
2024-03-15T10:05:03.499-04:00  INFO 22790 --- [http-nio-8080-exec-1] o.s.web.servlet.DispatcherServlet        : Initializing Servlet 'dispatcherServlet'
2024-03-15T10:05:03.500-04:00  INFO 22790 --- [http-nio-8080-exec-1] o.s.web.servlet.DispatcherServlet        : Completed initialization in 1 ms
2024-03-15T10:05:03.501-04:00  WARN 22790 --- [http-nio-8080-exec-1] o.s.w.s.h.HandlerMappingIntrospector     : Cache miss for REQUEST dispatch to '/ShopmeAdmin/categories/new' (previous null). Performing MatchableHandlerMapping lookup. This is logged once only at WARN level, and every time at TRACE.
2024-03-15T10:05:03.501-04:00  WARN 22790 --- [http-nio-8080-exec-1] o.s.w.s.h.HandlerMappingIntrospector     : Cache miss for REQUEST dispatch to '/ShopmeAdmin/categories/new' (previous null). Performing CorsConfiguration lookup. This is logged once only at WARN level, and every time at TRACE.
2024-03-15T10:05:03.580-04:00  WARN 22790 --- [http-nio-8080-exec-1] actStandardFragmentInsertionTagProcessor : [THYMELEAF][http-nio-8080-exec-1][categories/category_form] Deprecated unwrapped fragment expression "fragments :: page_head(${pageTitle})" found in template categories/category_form, line 3, col 7. Please use the complete syntax of fragment expressions instead ("~{fragments :: page_head(${pageTitle})}"). The old, unwrapped syntax for fragment expressions will be removed in future versions of Thymeleaf.
2024-03-15T10:05:03.583-04:00  WARN 22790 --- [http-nio-8080-exec-1] actStandardFragmentInsertionTagProcessor : [THYMELEAF][http-nio-8080-exec-1][categories/category_form] Deprecated unwrapped fragment expression "navigation :: menu" found in template categories/category_form, line 7, col 7. Please use the complete syntax of fragment expressions instead ("~{navigation :: menu}"). The old, unwrapped syntax for fragment expressions will be removed in future versions of Thymeleaf.
2024-03-15T10:05:03.603-04:00  WARN 22790 --- [http-nio-8080-exec-1] actStandardFragmentInsertionTagProcessor : [THYMELEAF][http-nio-8080-exec-1][categories/category_form] Deprecated unwrapped fragment expression "fragments :: footer" found in template categories/category_form, line 104, col 7. Please use the complete syntax of fragment expressions instead ("~{fragments :: footer}"). The old, unwrapped syntax for fragment expressions will be removed in future versions of Thymeleaf.
2024-03-15T10:05:06.276-04:00  WARN 22790 --- [http-nio-8080-exec-2] actStandardFragmentInsertionTagProcessor : [THYMELEAF][http-nio-8080-exec-2][categories/category_form] Deprecated unwrapped fragment expression "fragments :: page_head(${pageTitle})" found in template categories/category_form, line 3, col 7. Please use the complete syntax of fragment expressions instead ("~{fragments :: page_head(${pageTitle})}"). The old, unwrapped syntax for fragment expressions will be removed in future versions of Thymeleaf.
2024-03-15T10:05:06.280-04:00  WARN 22790 --- [http-nio-8080-exec-2] actStandardFragmentInsertionTagProcessor : [THYMELEAF][http-nio-8080-exec-2][categories/category_form] Deprecated unwrapped fragment expression "navigation :: menu" found in template categories/category_form, line 7, col 7. Please use the complete syntax of fragment expressions instead ("~{navigation :: menu}"). The old, unwrapped syntax for fragment expressions will be removed in future versions of Thymeleaf.
2024-03-15T10:05:06.321-04:00  WARN 22790 --- [http-nio-8080-exec-2] actStandardFragmentInsertionTagProcessor : [THYMELEAF][http-nio-8080-exec-2][categories/category_form] Deprecated unwrapped fragment expression "fragments :: footer" found in template categories/category_form, line 104, col 7. Please use the complete syntax of fragment expressions instead ("~{fragments :: footer}"). The old, unwrapped syntax for fragment expressions will be removed in future versions of Thymeleaf.
2024-03-15T10:06:02.462-04:00  WARN 22790 --- [http-nio-8080-exec-6] actStandardFragmentInsertionTagProcessor : [THYMELEAF][http-nio-8080-exec-6][categories/categories] Deprecated unwrapped fragment expression "fragments :: page_head('Categories - Shopme Admin')" found in template categories/categories, line 3, col 7. Please use the complete syntax of fragment expressions instead ("~{fragments :: page_head('Categories - Shopme Admin')}"). The old, unwrapped syntax for fragment expressions will be removed in future versions of Thymeleaf.
2024-03-15T10:06:02.466-04:00  WARN 22790 --- [http-nio-8080-exec-6] actStandardFragmentInsertionTagProcessor : [THYMELEAF][http-nio-8080-exec-6][categories/categories] Deprecated unwrapped fragment expression "navigation :: menu" found in template categories/categories, line 7, col 7. Please use the complete syntax of fragment expressions instead ("~{navigation :: menu}"). The old, unwrapped syntax for fragment expressions will be removed in future versions of Thymeleaf.
2024-03-15T10:06:02.491-04:00  WARN 22790 --- [http-nio-8080-exec-6] actStandardFragmentInsertionTagProcessor : [THYMELEAF][http-nio-8080-exec-6][categories/categories] Deprecated unwrapped fragment expression "fragments :: footer" found in template categories/categories, line 93, col 7. Please use the complete syntax of fragment expressions instead ("~{fragments :: footer}"). The old, unwrapped syntax for fragment expressions will be removed in future versions of Thymeleaf.
