2024-03-28T14:24:19.428-04:00  INFO 37985 --- [restartedMain] c.shopme.admin.ShopmeBackEndApplication  : Starting ShopmeBackEndApplication using Java 17.0.8.1 with PID 37985 (/Users/jinxu/Documents/ShopmeEcommerce/ShopmeProject/ShopmeWebParent/ShopmeBackEnd/target/classes started by jinxu in /Users/jinxu/Documents/ShopmeEcommerce/ShopmeProject/ShopmeWebParent/ShopmeBackEnd)
2024-03-28T14:24:19.432-04:00  INFO 37985 --- [restartedMain] c.shopme.admin.ShopmeBackEndApplication  : No active profile set, falling back to 1 default profile: "default"
2024-03-28T14:24:19.476-04:00  INFO 37985 --- [restartedMain] .e.DevToolsPropertyDefaultsPostProcessor : Devtools property defaults active! Set 'spring.devtools.add-properties' to 'false' to disable
2024-03-28T14:24:19.477-04:00  INFO 37985 --- [restartedMain] .e.DevToolsPropertyDefaultsPostProcessor : For additional web related logging consider setting the 'logging.level.web' property to 'DEBUG'
2024-03-28T14:24:20.118-04:00  INFO 37985 --- [restartedMain] .s.d.r.c.RepositoryConfigurationDelegate : Bootstrapping Spring Data JPA repositories in DEFAULT mode.
2024-03-28T14:24:20.180-04:00  INFO 37985 --- [restartedMain] .s.d.r.c.RepositoryConfigurationDelegate : Finished Spring Data repository scanning in 51 ms. Found 3 JPA repository interfaces.
2024-03-28T14:24:20.777-04:00  INFO 37985 --- [restartedMain] o.s.b.w.embedded.tomcat.TomcatWebServer  : Tomcat initialized with port 8080 (http)
2024-03-28T14:24:20.789-04:00  INFO 37985 --- [restartedMain] o.apache.catalina.core.StandardService   : Starting service [Tomcat]
2024-03-28T14:24:20.789-04:00  INFO 37985 --- [restartedMain] o.apache.catalina.core.StandardEngine    : Starting Servlet engine: [Apache Tomcat/10.1.16]
2024-03-28T14:24:20.834-04:00  INFO 37985 --- [restartedMain] o.a.c.c.C.[.[localhost].[/ShopmeAdmin]   : Initializing Spring embedded WebApplicationContext
2024-03-28T14:24:20.834-04:00  INFO 37985 --- [restartedMain] w.s.c.ServletWebServerApplicationContext : Root WebApplicationContext: initialization completed in 1357 ms
2024-03-28T14:24:20.889-04:00  WARN 37985 --- [restartedMain] o.a.c.c.C.[.[localhost].[/ShopmeAdmin]   : Cannot deserialize session attribute [SPRING_SECURITY_CONTEXT] for session [FCCACCA9B7FDA790BB892EB2A52AE074]
2024-03-28T14:24:21.013-04:00  INFO 37985 --- [restartedMain] o.hibernate.jpa.internal.util.LogHelper  : HHH000204: Processing PersistenceUnitInfo [name: default]
2024-03-28T14:24:21.084-04:00  INFO 37985 --- [restartedMain] org.hibernate.Version                    : HHH000412: Hibernate ORM core version 6.3.1.Final
2024-03-28T14:24:21.122-04:00  INFO 37985 --- [restartedMain] o.h.c.internal.RegionFactoryInitiator    : HHH000026: Second-level cache disabled
2024-03-28T14:24:21.421-04:00  INFO 37985 --- [restartedMain] o.s.o.j.p.SpringPersistenceUnitInfo      : No LoadTimeWeaver setup: ignoring JPA class transformer
2024-03-28T14:24:21.451-04:00  INFO 37985 --- [restartedMain] com.zaxxer.hikari.HikariDataSource       : HikariPool-1 - Starting...
2024-03-28T14:24:21.455-04:00  WARN 37985 --- [restartedMain] c.zaxxer.hikari.util.DriverDataSource    : Registered driver with driverClassName=com.mysql.jdbc.Driver was not found, trying direct instantiation.
2024-03-28T14:24:21.734-04:00  INFO 37985 --- [restartedMain] com.zaxxer.hikari.pool.HikariPool        : HikariPool-1 - Added connection com.mysql.cj.jdbc.ConnectionImpl@25166545
2024-03-28T14:24:21.736-04:00  INFO 37985 --- [restartedMain] com.zaxxer.hikari.HikariDataSource       : HikariPool-1 - Start completed.
2024-03-28T14:24:21.781-04:00  WARN 37985 --- [restartedMain] org.hibernate.orm.deprecation            : HHH90000025: MySQL8Dialect does not need to be specified explicitly using 'hibernate.dialect' (remove the property setting and it will be selected by default)
2024-03-28T14:24:21.782-04:00  WARN 37985 --- [restartedMain] org.hibernate.orm.deprecation            : HHH90000026: MySQL8Dialect has been deprecated; use org.hibernate.dialect.MySQLDialect instead
2024-03-28T14:24:22.644-04:00  INFO 37985 --- [restartedMain] o.h.e.t.j.p.i.JtaPlatformInitiator       : HHH000489: No JTA platform available (set 'hibernate.transaction.jta.platform' to enable JTA platform integration)
2024-03-28T14:24:22.762-04:00  INFO 37985 --- [restartedMain] j.LocalContainerEntityManagerFactoryBean : Initialized JPA EntityManagerFactory for persistence unit 'default'
2024-03-28T14:24:23.024-04:00  INFO 37985 --- [restartedMain] o.s.d.j.r.query.QueryEnhancerFactory     : Hibernate is in classpath; If applicable, HQL parser will be used.
2024-03-28T14:24:23.602-04:00  WARN 37985 --- [restartedMain] JpaBaseConfiguration$JpaWebConfiguration : spring.jpa.open-in-view is enabled by default. Therefore, database queries may be performed during view rendering. Explicitly configure spring.jpa.open-in-view to disable this warning
2024-03-28T14:24:23.735-04:00  INFO 37985 --- [restartedMain] o.s.b.a.w.s.WelcomePageHandlerMapping    : Adding welcome page template: index
2024-03-28T14:24:24.152-04:00  INFO 37985 --- [restartedMain] o.s.s.web.DefaultSecurityFilterChain     : Will secure any request with [org.springframework.security.web.session.DisableEncodeUrlFilter@6f1ed27a, org.springframework.security.web.context.request.async.WebAsyncManagerIntegrationFilter@40b3fb6d, org.springframework.security.web.context.SecurityContextHolderFilter@7d605d23, org.springframework.security.web.header.HeaderWriterFilter@5fc15e35, org.springframework.web.filter.CorsFilter@43a69cd7, org.springframework.security.web.csrf.CsrfFilter@274212de, org.springframework.security.web.authentication.logout.LogoutFilter@3eb02d87, org.springframework.security.web.authentication.UsernamePasswordAuthenticationFilter@a4c31e0, org.springframework.security.web.savedrequest.RequestCacheAwareFilter@31f8d60b, org.springframework.security.web.servletapi.SecurityContextHolderAwareRequestFilter@9dc6b41, org.springframework.security.web.authentication.rememberme.RememberMeAuthenticationFilter@411841c5, org.springframework.security.web.authentication.AnonymousAuthenticationFilter@1a296332, org.springframework.security.web.access.ExceptionTranslationFilter@dd83930, org.springframework.security.web.access.intercept.AuthorizationFilter@4613f3b9]
2024-03-28T14:24:24.391-04:00  WARN 37985 --- [restartedMain] o.s.s.c.a.web.builders.WebSecurity       : You are asking Spring Security to ignore Mvc [pattern='/images/**']. This is not recommended -- please use permitAll via HttpSecurity#authorizeHttpRequests instead.
2024-03-28T14:24:24.391-04:00  INFO 37985 --- [restartedMain] o.s.s.web.DefaultSecurityFilterChain     : Will not secure Mvc [pattern='/images/**']
2024-03-28T14:24:24.392-04:00  WARN 37985 --- [restartedMain] o.s.s.c.a.web.builders.WebSecurity       : You are asking Spring Security to ignore Mvc [pattern='/js/**']. This is not recommended -- please use permitAll via HttpSecurity#authorizeHttpRequests instead.
2024-03-28T14:24:24.392-04:00  INFO 37985 --- [restartedMain] o.s.s.web.DefaultSecurityFilterChain     : Will not secure Mvc [pattern='/js/**']
2024-03-28T14:24:24.392-04:00  WARN 37985 --- [restartedMain] o.s.s.c.a.web.builders.WebSecurity       : You are asking Spring Security to ignore Mvc [pattern='/webjars/**']. This is not recommended -- please use permitAll via HttpSecurity#authorizeHttpRequests instead.
2024-03-28T14:24:24.392-04:00  INFO 37985 --- [restartedMain] o.s.s.web.DefaultSecurityFilterChain     : Will not secure Mvc [pattern='/webjars/**']
2024-03-28T14:24:24.440-04:00  INFO 37985 --- [restartedMain] o.s.b.d.a.OptionalLiveReloadServer       : LiveReload server is running on port 35729
2024-03-28T14:24:24.480-04:00  INFO 37985 --- [restartedMain] o.s.b.w.embedded.tomcat.TomcatWebServer  : Tomcat started on port 8080 (http) with context path '/ShopmeAdmin'
2024-03-28T14:24:24.489-04:00  INFO 37985 --- [restartedMain] c.shopme.admin.ShopmeBackEndApplication  : Started ShopmeBackEndApplication in 5.409 seconds (process running for 6.143)
2024-03-28T14:24:58.274-04:00  INFO 37985 --- [File Watcher] rtingClassPathChangeChangedEventListener : Restarting due to 4 class path changes (0 additions, 0 deletions, 4 modifications)
2024-03-28T14:24:58.291-04:00  INFO 37985 --- [Thread-5] j.LocalContainerEntityManagerFactoryBean : Closing JPA EntityManagerFactory for persistence unit 'default'
2024-03-28T14:24:58.295-04:00  INFO 37985 --- [Thread-5] com.zaxxer.hikari.HikariDataSource       : HikariPool-1 - Shutdown initiated...
2024-03-28T14:24:58.304-04:00  INFO 37985 --- [Thread-5] com.zaxxer.hikari.HikariDataSource       : HikariPool-1 - Shutdown completed.
2024-03-28T14:24:58.393-04:00  INFO 37985 --- [restartedMain] c.shopme.admin.ShopmeBackEndApplication  : Starting ShopmeBackEndApplication using Java 17.0.8.1 with PID 37985 (/Users/jinxu/Documents/ShopmeEcommerce/ShopmeProject/ShopmeWebParent/ShopmeBackEnd/target/classes started by jinxu in /Users/jinxu/Documents/ShopmeEcommerce/ShopmeProject/ShopmeWebParent/ShopmeBackEnd)
2024-03-28T14:24:58.393-04:00  INFO 37985 --- [restartedMain] c.shopme.admin.ShopmeBackEndApplication  : No active profile set, falling back to 1 default profile: "default"
2024-03-28T14:24:58.579-04:00  INFO 37985 --- [restartedMain] .s.d.r.c.RepositoryConfigurationDelegate : Bootstrapping Spring Data JPA repositories in DEFAULT mode.
2024-03-28T14:24:58.595-04:00  INFO 37985 --- [restartedMain] .s.d.r.c.RepositoryConfigurationDelegate : Finished Spring Data repository scanning in 15 ms. Found 3 JPA repository interfaces.
2024-03-28T14:24:58.681-04:00  INFO 37985 --- [restartedMain] o.s.b.w.embedded.tomcat.TomcatWebServer  : Tomcat initialized with port 8080 (http)
2024-03-28T14:24:58.682-04:00  INFO 37985 --- [restartedMain] o.apache.catalina.core.StandardService   : Starting service [Tomcat]
2024-03-28T14:24:58.682-04:00  INFO 37985 --- [restartedMain] o.apache.catalina.core.StandardEngine    : Starting Servlet engine: [Apache Tomcat/10.1.16]
2024-03-28T14:24:58.691-04:00  INFO 37985 --- [restartedMain] o.a.c.c.C.[.[localhost].[/ShopmeAdmin]   : Initializing Spring embedded WebApplicationContext
2024-03-28T14:24:58.691-04:00  INFO 37985 --- [restartedMain] w.s.c.ServletWebServerApplicationContext : Root WebApplicationContext: initialization completed in 295 ms
2024-03-28T14:24:58.722-04:00  INFO 37985 --- [restartedMain] o.hibernate.jpa.internal.util.LogHelper  : HHH000204: Processing PersistenceUnitInfo [name: default]
2024-03-28T14:24:58.724-04:00  INFO 37985 --- [restartedMain] o.h.c.internal.RegionFactoryInitiator    : HHH000026: Second-level cache disabled
2024-03-28T14:24:58.728-04:00  INFO 37985 --- [restartedMain] o.s.o.j.p.SpringPersistenceUnitInfo      : No LoadTimeWeaver setup: ignoring JPA class transformer
2024-03-28T14:24:58.728-04:00  INFO 37985 --- [restartedMain] com.zaxxer.hikari.HikariDataSource       : HikariPool-2 - Starting...
2024-03-28T14:24:58.729-04:00  WARN 37985 --- [restartedMain] c.zaxxer.hikari.util.DriverDataSource    : Registered driver with driverClassName=com.mysql.jdbc.Driver was not found, trying direct instantiation.
2024-03-28T14:24:58.744-04:00  INFO 37985 --- [restartedMain] com.zaxxer.hikari.pool.HikariPool        : HikariPool-2 - Added connection com.mysql.cj.jdbc.ConnectionImpl@c2f3bbf
2024-03-28T14:24:58.745-04:00  INFO 37985 --- [restartedMain] com.zaxxer.hikari.HikariDataSource       : HikariPool-2 - Start completed.
2024-03-28T14:24:58.745-04:00  WARN 37985 --- [restartedMain] org.hibernate.orm.deprecation            : HHH90000025: MySQL8Dialect does not need to be specified explicitly using 'hibernate.dialect' (remove the property setting and it will be selected by default)
2024-03-28T14:24:58.745-04:00  WARN 37985 --- [restartedMain] org.hibernate.orm.deprecation            : HHH90000026: MySQL8Dialect has been deprecated; use org.hibernate.dialect.MySQLDialect instead
2024-03-28T14:24:58.794-04:00  INFO 37985 --- [restartedMain] o.h.e.t.j.p.i.JtaPlatformInitiator       : HHH000489: No JTA platform available (set 'hibernate.transaction.jta.platform' to enable JTA platform integration)
2024-03-28T14:24:58.864-04:00  INFO 37985 --- [restartedMain] j.LocalContainerEntityManagerFactoryBean : Initialized JPA EntityManagerFactory for persistence unit 'default'
2024-03-28T14:24:58.958-04:00  WARN 37985 --- [restartedMain] JpaBaseConfiguration$JpaWebConfiguration : spring.jpa.open-in-view is enabled by default. Therefore, database queries may be performed during view rendering. Explicitly configure spring.jpa.open-in-view to disable this warning
2024-03-28T14:24:58.973-04:00  INFO 37985 --- [restartedMain] o.s.b.a.w.s.WelcomePageHandlerMapping    : Adding welcome page template: index
2024-03-28T14:24:59.136-04:00  INFO 37985 --- [restartedMain] o.s.s.web.DefaultSecurityFilterChain     : Will secure any request with [org.springframework.security.web.session.DisableEncodeUrlFilter@417b813, org.springframework.security.web.context.request.async.WebAsyncManagerIntegrationFilter@3093195c, org.springframework.security.web.context.SecurityContextHolderFilter@19392a1d, org.springframework.security.web.header.HeaderWriterFilter@1a663ad2, org.springframework.web.filter.CorsFilter@c5ee17e, org.springframework.security.web.csrf.CsrfFilter@59a3d2f9, org.springframework.security.web.authentication.logout.LogoutFilter@22d475e6, org.springframework.security.web.authentication.UsernamePasswordAuthenticationFilter@5fcc77bf, org.springframework.security.web.savedrequest.RequestCacheAwareFilter@5e4a07d9, org.springframework.security.web.servletapi.SecurityContextHolderAwareRequestFilter@5976d122, org.springframework.security.web.authentication.rememberme.RememberMeAuthenticationFilter@5eb652e5, org.springframework.security.web.authentication.AnonymousAuthenticationFilter@6013ab6a, org.springframework.security.web.access.ExceptionTranslationFilter@4989c654, org.springframework.security.web.access.intercept.AuthorizationFilter@433ef1dc]
2024-03-28T14:24:59.192-04:00  WARN 37985 --- [restartedMain] o.s.s.c.a.web.builders.WebSecurity       : You are asking Spring Security to ignore Mvc [pattern='/images/**']. This is not recommended -- please use permitAll via HttpSecurity#authorizeHttpRequests instead.
2024-03-28T14:24:59.192-04:00  INFO 37985 --- [restartedMain] o.s.s.web.DefaultSecurityFilterChain     : Will not secure Mvc [pattern='/images/**']
2024-03-28T14:24:59.192-04:00  WARN 37985 --- [restartedMain] o.s.s.c.a.web.builders.WebSecurity       : You are asking Spring Security to ignore Mvc [pattern='/js/**']. This is not recommended -- please use permitAll via HttpSecurity#authorizeHttpRequests instead.
2024-03-28T14:24:59.192-04:00  INFO 37985 --- [restartedMain] o.s.s.web.DefaultSecurityFilterChain     : Will not secure Mvc [pattern='/js/**']
2024-03-28T14:24:59.192-04:00  WARN 37985 --- [restartedMain] o.s.s.c.a.web.builders.WebSecurity       : You are asking Spring Security to ignore Mvc [pattern='/webjars/**']. This is not recommended -- please use permitAll via HttpSecurity#authorizeHttpRequests instead.
2024-03-28T14:24:59.192-04:00  INFO 37985 --- [restartedMain] o.s.s.web.DefaultSecurityFilterChain     : Will not secure Mvc [pattern='/webjars/**']
2024-03-28T14:24:59.203-04:00  INFO 37985 --- [restartedMain] o.s.b.d.a.OptionalLiveReloadServer       : LiveReload server is running on port 35729
2024-03-28T14:24:59.220-04:00  INFO 37985 --- [restartedMain] o.s.b.w.embedded.tomcat.TomcatWebServer  : Tomcat started on port 8080 (http) with context path '/ShopmeAdmin'
2024-03-28T14:24:59.226-04:00  INFO 37985 --- [restartedMain] c.shopme.admin.ShopmeBackEndApplication  : Started ShopmeBackEndApplication in 0.862 seconds (process running for 40.879)
2024-03-28T14:24:59.228-04:00  INFO 37985 --- [restartedMain] .ConditionEvaluationDeltaLoggingListener : Condition evaluation unchanged
2024-03-28T14:25:04.242-04:00  INFO 37985 --- [http-nio-8080-exec-1] o.a.c.c.C.[.[localhost].[/ShopmeAdmin]   : Initializing Spring DispatcherServlet 'dispatcherServlet'
2024-03-28T14:25:04.242-04:00  INFO 37985 --- [http-nio-8080-exec-1] o.s.web.servlet.DispatcherServlet        : Initializing Servlet 'dispatcherServlet'
2024-03-28T14:25:04.244-04:00  INFO 37985 --- [http-nio-8080-exec-1] o.s.web.servlet.DispatcherServlet        : Completed initialization in 1 ms
2024-03-28T14:25:04.260-04:00  WARN 37985 --- [http-nio-8080-exec-1] o.s.w.s.h.HandlerMappingIntrospector     : Cache miss for REQUEST dispatch to '/ShopmeAdmin/' (previous null). Performing MatchableHandlerMapping lookup. This is logged once only at WARN level, and every time at TRACE.
2024-03-28T14:25:04.291-04:00  WARN 37985 --- [http-nio-8080-exec-1] o.s.w.s.h.HandlerMappingIntrospector     : Cache miss for REQUEST dispatch to '/ShopmeAdmin/' (previous null). Performing CorsConfiguration lookup. This is logged once only at WARN level, and every time at TRACE.
2024-03-28T14:25:04.721-04:00  WARN 37985 --- [http-nio-8080-exec-1] actStandardFragmentInsertionTagProcessor : [THYMELEAF][http-nio-8080-exec-1][index] Deprecated unwrapped fragment expression "fragments :: page_head('Home - Shopme Admin')" found in template index, line 4, col 7. Please use the complete syntax of fragment expressions instead ("~{fragments :: page_head('Home - Shopme Admin')}"). The old, unwrapped syntax for fragment expressions will be removed in future versions of Thymeleaf.
2024-03-28T14:25:04.823-04:00  WARN 37985 --- [http-nio-8080-exec-1] actStandardFragmentInsertionTagProcessor : [THYMELEAF][http-nio-8080-exec-1][index] Deprecated unwrapped fragment expression "navigation :: menu" found in template index, line 8, col 7. Please use the complete syntax of fragment expressions instead ("~{navigation :: menu}"). The old, unwrapped syntax for fragment expressions will be removed in future versions of Thymeleaf.
2024-03-28T14:25:04.872-04:00  WARN 37985 --- [http-nio-8080-exec-1] actStandardFragmentInsertionTagProcessor : [THYMELEAF][http-nio-8080-exec-1][index] Deprecated unwrapped fragment expression "fragments :: footer" found in template index, line 17, col 7. Please use the complete syntax of fragment expressions instead ("~{fragments :: footer}"). The old, unwrapped syntax for fragment expressions will be removed in future versions of Thymeleaf.
2024-03-28T14:25:06.763-04:00  WARN 37985 --- [http-nio-8080-exec-10] actStandardFragmentInsertionTagProcessor : [THYMELEAF][http-nio-8080-exec-10][categories/categories] Deprecated unwrapped fragment expression "fragments :: page_head('Categories - Shopme Admin')" found in template categories/categories, line 3, col 7. Please use the complete syntax of fragment expressions instead ("~{fragments :: page_head('Categories - Shopme Admin')}"). The old, unwrapped syntax for fragment expressions will be removed in future versions of Thymeleaf.
2024-03-28T14:25:06.770-04:00  WARN 37985 --- [http-nio-8080-exec-10] actStandardFragmentInsertionTagProcessor : [THYMELEAF][http-nio-8080-exec-10][categories/categories] Deprecated unwrapped fragment expression "navigation :: menu" found in template categories/categories, line 7, col 7. Please use the complete syntax of fragment expressions instead ("~{navigation :: menu}"). The old, unwrapped syntax for fragment expressions will be removed in future versions of Thymeleaf.
2024-03-28T14:25:06.788-04:00  WARN 37985 --- [http-nio-8080-exec-10] actStandardFragmentInsertionTagProcessor : [THYMELEAF][http-nio-8080-exec-10][categories/categories] Deprecated unwrapped fragment expression "fragments :: search_form('/categories/page/1')" found in template categories/categories, line 22, col 7. Please use the complete syntax of fragment expressions instead ("~{fragments :: search_form('/categories/page/1')}"). The old, unwrapped syntax for fragment expressions will be removed in future versions of Thymeleaf.
2024-03-28T14:25:07.063-04:00  WARN 37985 --- [http-nio-8080-exec-10] actStandardFragmentInsertionTagProcessor : [THYMELEAF][http-nio-8080-exec-10][categories/categories] Deprecated unwrapped fragment expression "fragments :: pagination('/categories', 'top-level categories')" found in template categories/categories, line 133, col 8. Please use the complete syntax of fragment expressions instead ("~{fragments :: pagination('/categories', 'top-level categories')}"). The old, unwrapped syntax for fragment expressions will be removed in future versions of Thymeleaf.
2024-03-28T14:25:07.068-04:00  WARN 37985 --- [http-nio-8080-exec-10] actStandardFragmentInsertionTagProcessor : [THYMELEAF][http-nio-8080-exec-10][fragments] Deprecated unwrapped fragment expression "fragments :: page_link(${moduleURL}, 1, 'First')" found in template fragments, line 57, col 8. Please use the complete syntax of fragment expressions instead ("~{fragments :: page_link(${moduleURL}, 1, 'First')}"). The old, unwrapped syntax for fragment expressions will be removed in future versions of Thymeleaf.
2024-03-28T14:25:07.077-04:00  WARN 37985 --- [http-nio-8080-exec-10] actStandardFragmentInsertionTagProcessor : [THYMELEAF][http-nio-8080-exec-10][fragments] Deprecated unwrapped fragment expression "fragments :: page_link(${moduleURL}, ${currentPage - 1}, 'Previous')" found in template fragments, line 62, col 8. Please use the complete syntax of fragment expressions instead ("~{fragments :: page_link(${moduleURL}, ${currentPage - 1}, 'Previous')}"). The old, unwrapped syntax for fragment expressions will be removed in future versions of Thymeleaf.
2024-03-28T14:25:07.119-04:00  WARN 37985 --- [http-nio-8080-exec-10] actStandardFragmentInsertionTagProcessor : [THYMELEAF][http-nio-8080-exec-10][fragments] Deprecated unwrapped fragment expression "fragments :: page_link(${moduleURL}, ${i}, ${i})" found in template fragments, line 67, col 8. Please use the complete syntax of fragment expressions instead ("~{fragments :: page_link(${moduleURL}, ${i}, ${i})}"). The old, unwrapped syntax for fragment expressions will be removed in future versions of Thymeleaf.
2024-03-28T14:25:07.124-04:00  WARN 37985 --- [http-nio-8080-exec-10] actStandardFragmentInsertionTagProcessor : [THYMELEAF][http-nio-8080-exec-10][fragments] Deprecated unwrapped fragment expression "fragments :: page_link(${moduleURL}, ${i}, ${i})" found in template fragments, line 67, col 8. Please use the complete syntax of fragment expressions instead ("~{fragments :: page_link(${moduleURL}, ${i}, ${i})}"). The old, unwrapped syntax for fragment expressions will be removed in future versions of Thymeleaf.
2024-03-28T14:25:07.128-04:00  WARN 37985 --- [http-nio-8080-exec-10] actStandardFragmentInsertionTagProcessor : [THYMELEAF][http-nio-8080-exec-10][fragments] Deprecated unwrapped fragment expression "fragments :: page_link(${moduleURL}, ${currentPage + 1}, 'Next')" found in template fragments, line 71, col 8. Please use the complete syntax of fragment expressions instead ("~{fragments :: page_link(${moduleURL}, ${currentPage + 1}, 'Next')}"). The old, unwrapped syntax for fragment expressions will be removed in future versions of Thymeleaf.
2024-03-28T14:25:07.130-04:00  WARN 37985 --- [http-nio-8080-exec-10] actStandardFragmentInsertionTagProcessor : [THYMELEAF][http-nio-8080-exec-10][fragments] Deprecated unwrapped fragment expression "fragments :: page_link(${moduleURL}, ${totalPages}, 'Last')" found in template fragments, line 75, col 8. Please use the complete syntax of fragment expressions instead ("~{fragments :: page_link(${moduleURL}, ${totalPages}, 'Last')}"). The old, unwrapped syntax for fragment expressions will be removed in future versions of Thymeleaf.
2024-03-28T14:25:07.133-04:00  WARN 37985 --- [http-nio-8080-exec-10] actStandardFragmentInsertionTagProcessor : [THYMELEAF][http-nio-8080-exec-10][categories/categories] Deprecated unwrapped fragment expression "modal_fragments :: confirm_modal" found in template categories/categories, line 136, col 7. Please use the complete syntax of fragment expressions instead ("~{modal_fragments :: confirm_modal}"). The old, unwrapped syntax for fragment expressions will be removed in future versions of Thymeleaf.
2024-03-28T14:25:07.136-04:00  WARN 37985 --- [http-nio-8080-exec-10] actStandardFragmentInsertionTagProcessor : [THYMELEAF][http-nio-8080-exec-10][categories/categories] Deprecated unwrapped fragment expression "fragments :: footer" found in template categories/categories, line 139, col 7. Please use the complete syntax of fragment expressions instead ("~{fragments :: footer}"). The old, unwrapped syntax for fragment expressions will be removed in future versions of Thymeleaf.
2024-03-28T14:25:32.955-04:00  WARN 37985 --- [http-nio-8080-exec-10] actStandardFragmentInsertionTagProcessor : [THYMELEAF][http-nio-8080-exec-10][categories/category_form] Deprecated unwrapped fragment expression "fragments :: page_head(${pageTitle})" found in template categories/category_form, line 3, col 7. Please use the complete syntax of fragment expressions instead ("~{fragments :: page_head(${pageTitle})}"). The old, unwrapped syntax for fragment expressions will be removed in future versions of Thymeleaf.
2024-03-28T14:25:32.958-04:00  WARN 37985 --- [http-nio-8080-exec-10] actStandardFragmentInsertionTagProcessor : [THYMELEAF][http-nio-8080-exec-10][categories/category_form] Deprecated unwrapped fragment expression "navigation :: menu" found in template categories/category_form, line 7, col 7. Please use the complete syntax of fragment expressions instead ("~{navigation :: menu}"). The old, unwrapped syntax for fragment expressions will be removed in future versions of Thymeleaf.
2024-03-28T14:25:32.991-04:00  WARN 37985 --- [http-nio-8080-exec-10] actStandardFragmentInsertionTagProcessor : [THYMELEAF][http-nio-8080-exec-10][categories/category_form] Deprecated unwrapped fragment expression "modal_fragments :: modal_dialog" found in template categories/category_form, line 83, col 7. Please use the complete syntax of fragment expressions instead ("~{modal_fragments :: modal_dialog}"). The old, unwrapped syntax for fragment expressions will be removed in future versions of Thymeleaf.
2024-03-28T14:25:32.992-04:00  WARN 37985 --- [http-nio-8080-exec-10] actStandardFragmentInsertionTagProcessor : [THYMELEAF][http-nio-8080-exec-10][categories/category_form] Deprecated unwrapped fragment expression "fragments :: footer" found in template categories/category_form, line 85, col 7. Please use the complete syntax of fragment expressions instead ("~{fragments :: footer}"). The old, unwrapped syntax for fragment expressions will be removed in future versions of Thymeleaf.
2024-03-28T14:26:22.520-04:00  INFO 37985 --- [RMI TCP Connection(13)-127.0.0.1] inMXBeanRegistrar$SpringApplicationAdmin : Application shutdown requested.
2024-03-28T14:26:22.528-04:00  INFO 37985 --- [RMI TCP Connection(13)-127.0.0.1] j.LocalContainerEntityManagerFactoryBean : Closing JPA EntityManagerFactory for persistence unit 'default'
2024-03-28T14:26:22.529-04:00  INFO 37985 --- [RMI TCP Connection(13)-127.0.0.1] com.zaxxer.hikari.HikariDataSource       : HikariPool-2 - Shutdown initiated...
2024-03-28T14:26:22.536-04:00  INFO 37985 --- [RMI TCP Connection(13)-127.0.0.1] com.zaxxer.hikari.HikariDataSource       : HikariPool-2 - Shutdown completed.
